INFO: [VRFC 10-2263] Analyzing Verilog file "C:/Users/Ryan/Desktop/Nexys-Video-HW/Nexys-Video-HW.gen/sources_1/bd/design_1/ipshared/bb55/simulation/blk_mem_gen_v8_4.v" into library blk_mem_gen_v8_4_6
INFO: [VRFC 10-311] analyzing module STATE_LOGIC_v8_4
INFO: [VRFC 10-311] analyzing module beh_vlog_muxf7_v8_4
INFO: [VRFC 10-311] analyzing module beh_vlog_ff_clr_v8_4
INFO: [VRFC 10-311] analyzing module beh_vlog_ff_pre_v8_4
INFO: [VRFC 10-311] analyzing module beh_vlog_ff_ce_clr_v8_4
INFO: [VRFC 10-311] analyzing module write_netlist_v8_4
INFO: [VRFC 10-311] analyzing module read_netlist_v8_4
INFO: [VRFC 10-311] analyzing module blk_mem_axi_write_wrapper_beh_v8_4
INFO: [VRFC 10-311] analyzing module blk_mem_axi_read_wrapper_beh_v8_4
INFO: [VRFC 10-311] analyzing module blk_mem_axi_regs_fwd_v8_4
INFO: [VRFC 10-311] analyzing module blk_mem_gen_v8_4_6_output_stage
INFO: [VRFC 10-311] analyzing module blk_mem_gen_v8_4_6_softecc_output_reg_stage
INFO: [VRFC 10-311] analyzing module blk_mem_gen_v8_4_6_mem_module
INFO: [VRFC 10-311] analyzing module blk_mem_gen_v8_4_6
INFO: [VRFC 10-2263] Analyzing Verilog file "C:/Users/Ryan/Desktop/Nexys-Video-HW/Nexys-Video-HW.ip_user_files/bd/design_1/ip/design_1_lmb_bram_0/sim/design_1_lmb_bram_0.v" into library xil_defaultlib
INFO: [VRFC 10-311] analyzing module design_1_lmb_bram_0
INFO: [VRFC 10-2263] Analyzing Verilog file "C:/Users/Ryan/Desktop/Nexys-Video-HW/Nexys-Video-HW.gen/sources_1/bd/design_1/ipshared/4b67/hdl/xlconcat_v2_1_vl_rfs.v" into library xlconcat_v2_1_4
INFO: [VRFC 10-311] analyzing module xlconcat_v2_1_4_xlconcat
INFO: [VRFC 10-2263] Analyzing Verilog file "C:/Users/Ryan/Desktop/Nexys-Video-HW/Nexys-Video-HW.ip_user_files/bd/design_1/ip/design_1_microblaze_0_xlconcat_0/sim/design_1_microblaze_0_xlconcat_0.v" into library xil_defaultlib
INFO: [VRFC 10-311] analyzing module design_1_microblaze_0_xlconcat_0
INFO: [VRFC 10-2263] Analyzing Verilog file "C:/Users/Ryan/Desktop/Nexys-Video-HW/Nexys-Video-HW.ip_user_files/bd/design_1/ip/design_1_mig_7series_0_0/design_1_mig_7series_0_0/user_design/rtl/axi/mig_7series_v4_2_axi_ctrl_addr_decode.v" into library xil_defaultlib
INFO: [VRFC 10-311] analyzing module mig_7series_v4_2_axi_ctrl_addr_decode
INFO: [VRFC 10-2263] Analyzing Verilog file "C:/Users/Ryan/Desktop/Nexys-Video-HW/Nexys-Video-HW.ip_user_files/bd/design_1/ip/design_1_mig_7series_0_0/design_1_mig_7series_0_0/user_design/rtl/axi/mig_7series_v4_2_axi_ctrl_read.v" into library xil_defaultlib
INFO: [VRFC 10-311] analyzing module mig_7series_v4_2_axi_ctrl_read
INFO: [VRFC 10-2263] Analyzing Verilog file "C:/Users/Ryan/Desktop/Nexys-Video-HW/Nexys-Video-HW.ip_user_files/bd/design_1/ip/design_1_mig_7series_0_0/design_1_mig_7series_0_0/user_design/rtl/axi/mig_7series_v4_2_axi_ctrl_reg.v" into library xil_defaultlib
INFO: [VRFC 10-311] analyzing module mig_7series_v4_2_axi_ctrl_reg
INFO: [VRFC 10-2263] Analyzing Verilog file "C:/Users/Ryan/Desktop/Nexys-Video-HW/Nexys-Video-HW.ip_user_files/bd/design_1/ip/design_1_mig_7series_0_0/design_1_mig_7series_0_0/user_design/rtl/axi/mig_7series_v4_2_axi_ctrl_reg_bank.v" into library xil_defaultlib
INFO: [VRFC 10-311] analyzing module mig_7series_v4_2_axi_ctrl_reg_bank
INFO: [VRFC 10-2263] Analyzing Verilog file "C:/Users/Ryan/Desktop/Nexys-Video-HW/Nexys-Video-HW.ip_user_files/bd/design_1/ip/design_1_mig_7series_0_0/design_1_mig_7series_0_0/user_design/rtl/axi/mig_7series_v4_2_axi_ctrl_top.v" into library xil_defaultlib
INFO: [VRFC 10-311] analyzing module mig_7series_v4_2_axi_ctrl_top
INFO: [VRFC 10-2263] Analyzing Verilog file "C:/Users/Ryan/Desktop/Nexys-Video-HW/Nexys-Video-HW.ip_user_files/bd/design_1/ip/design_1_mig_7series_0_0/design_1_mig_7series_0_0/user_design/rtl/axi/mig_7series_v4_2_axi_ctrl_write.v" into library xil_defaultlib
INFO: [VRFC 10-311] analyzing module mig_7series_v4_2_axi_ctrl_write
INFO: [VRFC 10-2263] Analyzing Verilog file "C:/Users/Ryan/Desktop/Nexys-Video-HW/Nexys-Video-HW.ip_user_files/bd/design_1/ip/design_1_mig_7series_0_0/design_1_mig_7series_0_0/user_design/rtl/axi/mig_7series_v4_2_axi_mc.v" into library xil_defaultlib
INFO: [VRFC 10-311] analyzing module mig_7series_v4_2_axi_mc
INFO: [VRFC 10-2263] Analyzing Verilog file "C:/Users/Ryan/Desktop/Nexys-Video-HW/Nexys-Video-HW.ip_user_files/bd/design_1/ip/design_1_mig_7series_0_0/design_1_mig_7series_0_0/user_design/rtl/axi/mig_7series_v4_2_axi_mc_ar_channel.v" into library xil_defaultlib
INFO: [VRFC 10-311] analyzing module mig_7series_v4_2_axi_mc_ar_channel
INFO: [VRFC 10-2263] Analyzing Verilog file "C:/Users/Ryan/Desktop/Nexys-Video-HW/Nexys-Video-HW.ip_user_files/bd/design_1/ip/design_1_mig_7series_0_0/design_1_mig_7series_0_0/user_design/rtl/axi/mig_7series_v4_2_axi_mc_aw_channel.v" into library xil_defaultlib
INFO: [VRFC 10-311] analyzing module mig_7series_v4_2_axi_mc_aw_channel
INFO: [VRFC 10-2263] Analyzing Verilog file "C:/Users/Ryan/Desktop/Nexys-Video-HW/Nexys-Video-HW.ip_user_files/bd/design_1/ip/design_1_mig_7series_0_0/design_1_mig_7series_0_0/user_design/rtl/axi/mig_7series_v4_2_axi_mc_b_channel.v" into library xil_defaultlib
INFO: [VRFC 10-311] analyzing module mig_7series_v4_2_axi_mc_b_channel
INFO: [VRFC 10-2263] Analyzing Verilog file "C:/Users/Ryan/Desktop/Nexys-Video-HW/Nexys-Video-HW.ip_user_files/bd/design_1/ip/design_1_mig_7series_0_0/design_1_mig_7series_0_0/user_design/rtl/axi/mig_7series_v4_2_axi_mc_cmd_arbiter.v" into library xil_defaultlib
INFO: [VRFC 10-311] analyzing module mig_7series_v4_2_axi_mc_cmd_arbiter
INFO: [VRFC 10-2263] Analyzing Verilog file "C:/Users/Ryan/Desktop/Nexys-Video-HW/Nexys-Video-HW.ip_user_files/bd/design_1/ip/design_1_mig_7series_0_0/design_1_mig_7series_0_0/user_design/rtl/axi/mig_7series_v4_2_axi_mc_cmd_fsm.v" into library xil_defaultlib
INFO: [VRFC 10-311] analyzing module mig_7series_v4_2_axi_mc_cmd_fsm
INFO: [VRFC 10-2263] Analyzing Verilog file "C:/Users/Ryan/Desktop/Nexys-Video-HW/Nexys-Video-HW.ip_user_files/bd/design_1/ip/design_1_mig_7series_0_0/design_1_mig_7series_0_0/user_design/rtl/axi/mig_7series_v4_2_axi_mc_cmd_translator.v" into library xil_defaultlib
INFO: [VRFC 10-311] analyzing module mig_7series_v4_2_axi_mc_cmd_translator
INFO: [VRFC 10-2263] Analyzing Verilog file "C:/Users/Ryan/Desktop/Nexys-Video-HW/Nexys-Video-HW.ip_user_files/bd/design_1/ip/design_1_mig_7series_0_0/design_1_mig_7series_0_0/user_design/rtl/axi/mig_7series_v4_2_axi_mc_fifo.v" into library xil_defaultlib
INFO: [VRFC 10-311] analyzing module mig_7series_v4_2_axi_mc_fifo
INFO: [VRFC 10-2263] Analyzing Verilog file "C:/Users/Ryan/Desktop/Nexys-Video-HW/Nexys-Video-HW.ip_user_files/bd/design_1/ip/design_1_mig_7series_0_0/design_1_mig_7series_0_0/user_design/rtl/axi/mig_7series_v4_2_axi_mc_incr_cmd.v" into library xil_defaultlib
INFO: [VRFC 10-311] analyzing module mig_7series_v4_2_axi_mc_incr_cmd
INFO: [VRFC 10-2263] Analyzing Verilog file "C:/Users/Ryan/Desktop/Nexys-Video-HW/Nexys-Video-HW.ip_user_files/bd/design_1/ip/design_1_mig_7series_0_0/design_1_mig_7series_0_0/user_design/rtl/axi/mig_7series_v4_2_axi_mc_r_channel.v" into library xil_defaultlib
INFO: [VRFC 10-311] analyzing module mig_7series_v4_2_axi_mc_r_channel
INFO: [VRFC 10-2263] Analyzing Verilog file "C:/Users/Ryan/Desktop/Nexys-Video-HW/Nexys-Video-HW.ip_user_files/bd/design_1/ip/design_1_mig_7series_0_0/design_1_mig_7series_0_0/user_design/rtl/axi/mig_7series_v4_2_axi_mc_simple_fifo.v" into library xil_defaultlib
INFO: [VRFC 10-311] analyzing module mig_7series_v4_2_axi_mc_simple_fifo
INFO: [VRFC 10-2263] Analyzing Verilog file "C:/Users/Ryan/Desktop/Nexys-Video-HW/Nexys-Video-HW.ip_user_files/bd/design_1/ip/design_1_mig_7series_0_0/design_1_mig_7series_0_0/user_design/rtl/axi/mig_7series_v4_2_axi_mc_wrap_cmd.v" into library xil_defaultlib
INFO: [VRFC 10-311] analyzing module mig_7series_v4_2_axi_mc_wrap_cmd
INFO: [VRFC 10-2263] Analyzing Verilog file "C:/Users/Ryan/Desktop/Nexys-Video-HW/Nexys-Video-HW.ip_user_files/bd/design_1/ip/design_1_mig_7series_0_0/design_1_mig_7series_0_0/user_design/rtl/axi/mig_7series_v4_2_axi_mc_wr_cmd_fsm.v" into library xil_defaultlib
INFO: [VRFC 10-311] analyzing module mig_7series_v4_2_axi_mc_wr_cmd_fsm
INFO: [VRFC 10-2263] Analyzing Verilog file "C:/Users/Ryan/Desktop/Nexys-Video-HW/Nexys-Video-HW.ip_user_files/bd/design_1/ip/design_1_mig_7series_0_0/design_1_mig_7series_0_0/user_design/rtl/axi/mig_7series_v4_2_axi_mc_w_channel.v" into library xil_defaultlib
INFO: [VRFC 10-311] analyzing module mig_7series_v4_2_axi_mc_w_channel
INFO: [VRFC 10-2263] Analyzing Verilog file "C:/Users/Ryan/Desktop/Nexys-Video-HW/Nexys-Video-HW.ip_user_files/bd/design_1/ip/design_1_mig_7series_0_0/design_1_mig_7series_0_0/user_design/rtl/axi/mig_7series_v4_2_ddr_axic_register_slice.v" into library xil_defaultlib
INFO: [VRFC 10-311] analyzing module mig_7series_v4_2_ddr_axic_register_slice
INFO: [VRFC 10-2263] Analyzing Verilog file "C:/Users/Ryan/Desktop/Nexys-Video-HW/Nexys-Video-HW.ip_user_files/bd/design_1/ip/design_1_mig_7series_0_0/design_1_mig_7series_0_0/user_design/rtl/axi/mig_7series_v4_2_ddr_axi_register_slice.v" into library xil_defaultlib
INFO: [VRFC 10-311] analyzing module mig_7series_v4_2_ddr_axi_register_slice
INFO: [VRFC 10-2263] Analyzing Verilog file "C:/Users/Ryan/Desktop/Nexys-Video-HW/Nexys-Video-HW.ip_user_files/bd/design_1/ip/design_1_mig_7series_0_0/design_1_mig_7series_0_0/user_design/rtl/axi/mig_7series_v4_2_ddr_axi_upsizer.v" into library xil_defaultlib
INFO: [VRFC 10-311] analyzing module mig_7series_v4_2_ddr_axi_upsizer
INFO: [VRFC 10-2263] Analyzing Verilog file "C:/Users/Ryan/Desktop/Nexys-Video-HW/Nexys-Video-HW.ip_user_files/bd/design_1/ip/design_1_mig_7series_0_0/design_1_mig_7series_0_0/user_design/rtl/axi/mig_7series_v4_2_ddr_a_upsizer.v" into library xil_defaultlib
INFO: [VRFC 10-311] analyzing module mig_7series_v4_2_ddr_a_upsizer
INFO: [VRFC 10-2263] Analyzing Verilog file "C:/Users/Ryan/Desktop/Nexys-Video-HW/Nexys-Video-HW.ip_user_files/bd/design_1/ip/design_1_mig_7series_0_0/design_1_mig_7series_0_0/user_design/rtl/axi/mig_7series_v4_2_ddr_carry_and.v" into library xil_defaultlib
INFO: [VRFC 10-311] analyzing module mig_7series_v4_2_ddr_carry_and
INFO: [VRFC 10-2263] Analyzing Verilog file "C:/Users/Ryan/Desktop/Nexys-Video-HW/Nexys-Video-HW.ip_user_files/bd/design_1/ip/design_1_mig_7series_0_0/design_1_mig_7series_0_0/user_design/rtl/axi/mig_7series_v4_2_ddr_carry_latch_and.v" into library xil_defaultlib
INFO: [VRFC 10-311] analyzing module mig_7series_v4_2_ddr_carry_latch_and
INFO: [VRFC 10-2263] Analyzing Verilog file "C:/Users/Ryan/Desktop/Nexys-Video-HW/Nexys-Video-HW.ip_user_files/bd/design_1/ip/design_1_mig_7series_0_0/design_1_mig_7series_0_0/user_design/rtl/axi/mig_7series_v4_2_ddr_carry_latch_or.v" into library xil_defaultlib
INFO: [VRFC 10-311] analyzing module mig_7series_v4_2_ddr_carry_latch_or
INFO: [VRFC 10-2263] Analyzing Verilog file "C:/Users/Ryan/Desktop/Nexys-Video-HW/Nexys-Video-HW.ip_user_files/bd/design_1/ip/design_1_mig_7series_0_0/design_1_mig_7series_0_0/user_design/rtl/axi/mig_7series_v4_2_ddr_carry_or.v" into library xil_defaultlib
INFO: [VRFC 10-311] analyzing module mig_7series_v4_2_ddr_carry_or
INFO: [VRFC 10-2263] Analyzing Verilog file "C:/Users/Ryan/Desktop/Nexys-Video-HW/Nexys-Video-HW.ip_user_files/bd/design_1/ip/design_1_mig_7series_0_0/design_1_mig_7series_0_0/user_design/rtl/axi/mig_7series_v4_2_ddr_command_fifo.v" into library xil_defaultlib
INFO: [VRFC 10-311] analyzing module mig_7series_v4_2_ddr_command_fifo
INFO: [VRFC 10-2263] Analyzing Verilog file "C:/Users/Ryan/Desktop/Nexys-Video-HW/Nexys-Video-HW.ip_user_files/bd/design_1/ip/design_1_mig_7series_0_0/design_1_mig_7series_0_0/user_design/rtl/axi/mig_7series_v4_2_ddr_comparator.v" into library xil_defaultlib
INFO: [VRFC 10-311] analyzing module mig_7series_v4_2_ddr_comparator
INFO: [VRFC 10-2263] Analyzing Verilog file "C:/Users/Ryan/Desktop/Nexys-Video-HW/Nexys-Video-HW.ip_user_files/bd/design_1/ip/design_1_mig_7series_0_0/design_1_mig_7series_0_0/user_design/rtl/axi/mig_7series_v4_2_ddr_comparator_sel.v" into library xil_defaultlib
INFO: [VRFC 10-311] analyzing module mig_7series_v4_2_ddr_comparator_sel
INFO: [VRFC 10-2263] Analyzing Verilog file "C:/Users/Ryan/Desktop/Nexys-Video-HW/Nexys-Video-HW.ip_user_files/bd/design_1/ip/design_1_mig_7series_0_0/design_1_mig_7series_0_0/user_design/rtl/axi/mig_7series_v4_2_ddr_comparator_sel_static.v" into library xil_defaultlib
INFO: [VRFC 10-311] analyzing module mig_7series_v4_2_ddr_comparator_sel_static
INFO: [VRFC 10-2263] Analyzing Verilog file "C:/Users/Ryan/Desktop/Nexys-Video-HW/Nexys-Video-HW.ip_user_files/bd/design_1/ip/design_1_mig_7series_0_0/design_1_mig_7series_0_0/user_design/rtl/axi/mig_7series_v4_2_ddr_r_upsizer.v" into library xil_defaultlib
INFO: [VRFC 10-311] analyzing module mig_7series_v4_2_ddr_r_upsizer
INFO: [VRFC 10-2263] Analyzing Verilog file "C:/Users/Ryan/Desktop/Nexys-Video-HW/Nexys-Video-HW.ip_user_files/bd/design_1/ip/design_1_mig_7series_0_0/design_1_mig_7series_0_0/user_design/rtl/axi/mig_7series_v4_2_ddr_w_upsizer.v" into library xil_defaultlib
INFO: [VRFC 10-311] analyzing module mig_7series_v4_2_ddr_w_upsizer
INFO: [VRFC 10-2263] Analyzing Verilog file "C:/Users/Ryan/Desktop/Nexys-Video-HW/Nexys-Video-HW.ip_user_files/bd/design_1/ip/design_1_mig_7series_0_0/design_1_mig_7series_0_0/user_design/rtl/clocking/mig_7series_v4_2_clk_ibuf.v" into library xil_defaultlib
INFO: [VRFC 10-311] analyzing module mig_7series_v4_2_clk_ibuf
INFO: [VRFC 10-2263] Analyzing Verilog file "C:/Users/Ryan/Desktop/Nexys-Video-HW/Nexys-Video-HW.ip_user_files/bd/design_1/ip/design_1_mig_7series_0_0/design_1_mig_7series_0_0/user_design/rtl/clocking/mig_7series_v4_2_infrastructure.v" into library xil_defaultlib
INFO: [VRFC 10-311] analyzing module mig_7series_v4_2_infrastructure
INFO: [VRFC 10-2263] Analyzing Verilog file "C:/Users/Ryan/Desktop/Nexys-Video-HW/Nexys-Video-HW.ip_user_files/bd/design_1/ip/design_1_mig_7series_0_0/design_1_mig_7series_0_0/user_design/rtl/clocking/mig_7series_v4_2_iodelay_ctrl.v" into library xil_defaultlib
INFO: [VRFC 10-311] analyzing module mig_7series_v4_2_iodelay_ctrl
INFO: [VRFC 10-2263] Analyzing Verilog file "C:/Users/Ryan/Desktop/Nexys-Video-HW/Nexys-Video-HW.ip_user_files/bd/design_1/ip/design_1_mig_7series_0_0/design_1_mig_7series_0_0/user_design/rtl/clocking/mig_7series_v4_2_tempmon.v" into library xil_defaultlib
INFO: [VRFC 10-311] analyzing module mig_7series_v4_2_tempmon
INFO: [VRFC 10-2263] Analyzing Verilog file "C:/Users/Ryan/Desktop/Nexys-Video-HW/Nexys-Video-HW.ip_user_files/bd/design_1/ip/design_1_mig_7series_0_0/design_1_mig_7series_0_0/user_design/rtl/controller/mig_7series_v4_2_arb_mux.v" into library xil_defaultlib
INFO: [VRFC 10-311] analyzing module mig_7series_v4_2_arb_mux
INFO: [VRFC 10-2263] Analyzing Verilog file "C:/Users/Ryan/Desktop/Nexys-Video-HW/Nexys-Video-HW.ip_user_files/bd/design_1/ip/design_1_mig_7series_0_0/design_1_mig_7series_0_0/user_design/rtl/controller/mig_7series_v4_2_arb_row_col.v" into library xil_defaultlib
INFO: [VRFC 10-311] analyzing module mig_7series_v4_2_arb_row_col
WARNING: [VRFC 10-8332] begin/end is required for generate-for in this mode of Verilog [C:/Users/Ryan/Desktop/Nexys-Video-HW/Nexys-Video-HW.ip_user_files/bd/design_1/ip/design_1_mig_7series_0_0/design_1_mig_7series_0_0/user_design/rtl/controller/mig_7series_v4_2_arb_row_col.v:252]
INFO: [VRFC 10-2263] Analyzing Verilog file "C:/Users/Ryan/Desktop/Nexys-Video-HW/Nexys-Video-HW.ip_user_files/bd/design_1/ip/design_1_mig_7series_0_0/design_1_mig_7series_0_0/user_design/rtl/controller/mig_7series_v4_2_arb_select.v" into library xil_defaultlib
INFO: [VRFC 10-311] analyzing module mig_7series_v4_2_arb_select
INFO: [VRFC 10-2263] Analyzing Verilog file "C:/Users/Ryan/Desktop/Nexys-Video-HW/Nexys-Video-HW.ip_user_files/bd/design_1/ip/design_1_mig_7series_0_0/design_1_mig_7series_0_0/user_design/rtl/controller/mig_7series_v4_2_bank_cntrl.v" into library xil_defaultlib
INFO: [VRFC 10-311] analyzing module mig_7series_v4_2_bank_cntrl
INFO: [VRFC 10-2263] Analyzing Verilog file "C:/Users/Ryan/Desktop/Nexys-Video-HW/Nexys-Video-HW.ip_user_files/bd/design_1/ip/design_1_mig_7series_0_0/design_1_mig_7series_0_0/user_design/rtl/controller/mig_7series_v4_2_bank_common.v" into library xil_defaultlib
INFO: [VRFC 10-311] analyzing module mig_7series_v4_2_bank_common
INFO: [VRFC 10-2263] Analyzing Verilog file "C:/Users/Ryan/Desktop/Nexys-Video-HW/Nexys-Video-HW.ip_user_files/bd/design_1/ip/design_1_mig_7series_0_0/design_1_mig_7series_0_0/user_design/rtl/controller/mig_7series_v4_2_bank_compare.v" into library xil_defaultlib
INFO: [VRFC 10-311] analyzing module mig_7series_v4_2_bank_compare
INFO: [VRFC 10-2263] Analyzing Verilog file "C:/Users/Ryan/Desktop/Nexys-Video-HW/Nexys-Video-HW.ip_user_files/bd/design_1/ip/design_1_mig_7series_0_0/design_1_mig_7series_0_0/user_design/rtl/controller/mig_7series_v4_2_bank_mach.v" into library xil_defaultlib
INFO: [VRFC 10-311] analyzing module mig_7series_v4_2_bank_mach
INFO: [VRFC 10-2263] Analyzing Verilog file "C:/Users/Ryan/Desktop/Nexys-Video-HW/Nexys-Video-HW.ip_user_files/bd/design_1/ip/design_1_mig_7series_0_0/design_1_mig_7series_0_0/user_design/rtl/controller/mig_7series_v4_2_bank_queue.v" into library xil_defaultlib
INFO: [VRFC 10-311] analyzing module mig_7series_v4_2_bank_queue
INFO: [VRFC 10-2263] Analyzing Verilog file "C:/Users/Ryan/Desktop/Nexys-Video-HW/Nexys-Video-HW.ip_user_files/bd/design_1/ip/design_1_mig_7series_0_0/design_1_mig_7series_0_0/user_design/rtl/controller/mig_7series_v4_2_bank_state.v" into library xil_defaultlib
INFO: [VRFC 10-311] analyzing module mig_7series_v4_2_bank_state
INFO: [VRFC 10-2263] Analyzing Verilog file "C:/Users/Ryan/Desktop/Nexys-Video-HW/Nexys-Video-HW.ip_user_files/bd/design_1/ip/design_1_mig_7series_0_0/design_1_mig_7series_0_0/user_design/rtl/controller/mig_7series_v4_2_col_mach.v" into library xil_defaultlib
INFO: [VRFC 10-311] analyzing module mig_7series_v4_2_col_mach
INFO: [VRFC 10-2263] Analyzing Verilog file "C:/Users/Ryan/Desktop/Nexys-Video-HW/Nexys-Video-HW.ip_user_files/bd/design_1/ip/design_1_mig_7series_0_0/design_1_mig_7series_0_0/user_design/rtl/controller/mig_7series_v4_2_mc.v" into library xil_defaultlib
INFO: [VRFC 10-311] analyzing module mig_7series_v4_2_mc
INFO: [VRFC 10-2263] Analyzing Verilog file "C:/Users/Ryan/Desktop/Nexys-Video-HW/Nexys-Video-HW.ip_user_files/bd/design_1/ip/design_1_mig_7series_0_0/design_1_mig_7series_0_0/user_design/rtl/controller/mig_7series_v4_2_rank_cntrl.v" into library xil_defaultlib
INFO: [VRFC 10-311] analyzing module mig_7series_v4_2_rank_cntrl
INFO: [VRFC 10-2263] Analyzing Verilog file "C:/Users/Ryan/Desktop/Nexys-Video-HW/Nexys-Video-HW.ip_user_files/bd/design_1/ip/design_1_mig_7series_0_0/design_1_mig_7series_0_0/user_design/rtl/controller/mig_7series_v4_2_rank_common.v" into library xil_defaultlib
INFO: [VRFC 10-311] analyzing module mig_7series_v4_2_rank_common
INFO: [VRFC 10-2263] Analyzing Verilog file "C:/Users/Ryan/Desktop/Nexys-Video-HW/Nexys-Video-HW.ip_user_files/bd/design_1/ip/design_1_mig_7series_0_0/design_1_mig_7series_0_0/user_design/rtl/controller/mig_7series_v4_2_rank_mach.v" into library xil_defaultlib
INFO: [VRFC 10-311] analyzing module mig_7series_v4_2_rank_mach
INFO: [VRFC 10-2263] Analyzing Verilog file "C:/Users/Ryan/Desktop/Nexys-Video-HW/Nexys-Video-HW.ip_user_files/bd/design_1/ip/design_1_mig_7series_0_0/design_1_mig_7series_0_0/user_design/rtl/controller/mig_7series_v4_2_round_robin_arb.v" into library xil_defaultlib
INFO: [VRFC 10-311] analyzing module mig_7series_v4_2_round_robin_arb
INFO: [VRFC 10-2263] Analyzing Verilog file "C:/Users/Ryan/Desktop/Nexys-Video-HW/Nexys-Video-HW.ip_user_files/bd/design_1/ip/design_1_mig_7series_0_0/design_1_mig_7series_0_0/user_design/rtl/ecc/mig_7series_v4_2_ecc_buf.v" into library xil_defaultlib
INFO: [VRFC 10-311] analyzing module mig_7series_v4_2_ecc_buf
INFO: [VRFC 10-2263] Analyzing Verilog file "C:/Users/Ryan/Desktop/Nexys-Video-HW/Nexys-Video-HW.ip_user_files/bd/design_1/ip/design_1_mig_7series_0_0/design_1_mig_7series_0_0/user_design/rtl/ecc/mig_7series_v4_2_ecc_dec_fix.v" into library xil_defaultlib
INFO: [VRFC 10-311] analyzing module mig_7series_v4_2_ecc_dec_fix
INFO: [VRFC 10-2263] Analyzing Verilog file "C:/Users/Ryan/Desktop/Nexys-Video-HW/Nexys-Video-HW.ip_user_files/bd/design_1/ip/design_1_mig_7series_0_0/design_1_mig_7series_0_0/user_design/rtl/ecc/mig_7series_v4_2_ecc_gen.v" into library xil_defaultlib
INFO: [VRFC 10-311] analyzing module mig_7series_v4_2_ecc_gen
INFO: [VRFC 10-2263] Analyzing Verilog file "C:/Users/Ryan/Desktop/Nexys-Video-HW/Nexys-Video-HW.ip_user_files/bd/design_1/ip/design_1_mig_7series_0_0/design_1_mig_7series_0_0/user_design/rtl/ecc/mig_7series_v4_2_ecc_merge_enc.v" into library xil_defaultlib
INFO: [VRFC 10-311] analyzing module mig_7series_v4_2_ecc_merge_enc
INFO: [VRFC 10-2263] Analyzing Verilog file "C:/Users/Ryan/Desktop/Nexys-Video-HW/Nexys-Video-HW.ip_user_files/bd/design_1/ip/design_1_mig_7series_0_0/design_1_mig_7series_0_0/user_design/rtl/ecc/mig_7series_v4_2_fi_xor.v" into library xil_defaultlib
INFO: [VRFC 10-311] analyzing module mig_7series_v4_2_fi_xor
INFO: [VRFC 10-2263] Analyzing Verilog file "C:/Users/Ryan/Desktop/Nexys-Video-HW/Nexys-Video-HW.ip_user_files/bd/design_1/ip/design_1_mig_7series_0_0/design_1_mig_7series_0_0/user_design/rtl/ip_top/mig_7series_v4_2_memc_ui_top_axi.v" into library xil_defaultlib
INFO: [VRFC 10-311] analyzing module mig_7series_v4_2_memc_ui_top_axi
INFO: [VRFC 10-2263] Analyzing Verilog file "C:/Users/Ryan/Desktop/Nexys-Video-HW/Nexys-Video-HW.ip_user_files/bd/design_1/ip/design_1_mig_7series_0_0/design_1_mig_7series_0_0/user_design/rtl/ip_top/mig_7series_v4_2_mem_intfc.v" into library xil_defaultlib
INFO: [VRFC 10-311] analyzing module mig_7series_v4_2_mem_intfc
INFO: [VRFC 10-2263] Analyzing Verilog file "C:/Users/Ryan/Desktop/Nexys-Video-HW/Nexys-Video-HW.ip_user_files/bd/design_1/ip/design_1_mig_7series_0_0/design_1_mig_7series_0_0/user_design/rtl/phy/mig_7series_v4_2_ddr_byte_group_io.v" into library xil_defaultlib
INFO: [VRFC 10-311] analyzing module mig_7series_v4_2_ddr_byte_group_io
INFO: [VRFC 10-2263] Analyzing Verilog file "C:/Users/Ryan/Desktop/Nexys-Video-HW/Nexys-Video-HW.ip_user_files/bd/design_1/ip/design_1_mig_7series_0_0/design_1_mig_7series_0_0/user_design/rtl/phy/mig_7series_v4_2_ddr_byte_lane.v" into library xil_defaultlib
INFO: [VRFC 10-311] analyzing module mig_7series_v4_2_ddr_byte_lane
INFO: [VRFC 10-2263] Analyzing Verilog file "C:/Users/Ryan/Desktop/Nexys-Video-HW/Nexys-Video-HW.ip_user_files/bd/design_1/ip/design_1_mig_7series_0_0/design_1_mig_7series_0_0/user_design/rtl/phy/mig_7series_v4_2_ddr_calib_top.v" into library xil_defaultlib
INFO: [VRFC 10-311] analyzing module mig_7series_v4_2_ddr_calib_top
INFO: [VRFC 10-2263] Analyzing Verilog file "C:/Users/Ryan/Desktop/Nexys-Video-HW/Nexys-Video-HW.ip_user_files/bd/design_1/ip/design_1_mig_7series_0_0/design_1_mig_7series_0_0/user_design/rtl/phy/mig_7series_v4_2_ddr_if_post_fifo.v" into library xil_defaultlib
INFO: [VRFC 10-311] analyzing module mig_7series_v4_2_ddr_if_post_fifo
INFO: [VRFC 10-2263] Analyzing Verilog file "C:/Users/Ryan/Desktop/Nexys-Video-HW/Nexys-Video-HW.ip_user_files/bd/design_1/ip/design_1_mig_7series_0_0/design_1_mig_7series_0_0/user_design/rtl/phy/mig_7series_v4_2_ddr_mc_phy.v" into library xil_defaultlib
INFO: [VRFC 10-311] analyzing module mig_7series_v4_2_ddr_mc_phy
INFO: [VRFC 10-2263] Analyzing Verilog file "C:/Users/Ryan/Desktop/Nexys-Video-HW/Nexys-Video-HW.ip_user_files/bd/design_1/ip/design_1_mig_7series_0_0/design_1_mig_7series_0_0/user_design/rtl/phy/mig_7series_v4_2_ddr_mc_phy_wrapper.v" into library xil_defaultlib
INFO: [VRFC 10-311] analyzing module mig_7series_v4_2_ddr_mc_phy_wrapper
INFO: [VRFC 10-2263] Analyzing Verilog file "C:/Users/Ryan/Desktop/Nexys-Video-HW/Nexys-Video-HW.ip_user_files/bd/design_1/ip/design_1_mig_7series_0_0/design_1_mig_7series_0_0/user_design/rtl/phy/mig_7series_v4_2_ddr_of_pre_fifo.v" into library xil_defaultlib
INFO: [VRFC 10-311] analyzing module mig_7series_v4_2_ddr_of_pre_fifo
INFO: [VRFC 10-2263] Analyzing Verilog file "C:/Users/Ryan/Desktop/Nexys-Video-HW/Nexys-Video-HW.ip_user_files/bd/design_1/ip/design_1_mig_7series_0_0/design_1_mig_7series_0_0/user_design/rtl/phy/mig_7series_v4_2_ddr_phy_4lanes.v" into library xil_defaultlib
INFO: [VRFC 10-311] analyzing module mig_7series_v4_2_ddr_phy_4lanes
INFO: [VRFC 10-2263] Analyzing Verilog file "C:/Users/Ryan/Desktop/Nexys-Video-HW/Nexys-Video-HW.ip_user_files/bd/design_1/ip/design_1_mig_7series_0_0/design_1_mig_7series_0_0/user_design/rtl/phy/mig_7series_v4_2_ddr_phy_ck_addr_cmd_delay.v" into library xil_defaultlib
INFO: [VRFC 10-311] analyzing module mig_7series_v4_2_ddr_phy_ck_addr_cmd_delay
INFO: [VRFC 10-2263] Analyzing Verilog file "C:/Users/Ryan/Desktop/Nexys-Video-HW/Nexys-Video-HW.ip_user_files/bd/design_1/ip/design_1_mig_7series_0_0/design_1_mig_7series_0_0/user_design/rtl/phy/mig_7series_v4_2_ddr_phy_dqs_found_cal.v" into library xil_defaultlib
INFO: [VRFC 10-311] analyzing module mig_7series_v4_2_ddr_phy_dqs_found_cal
INFO: [VRFC 10-2263] Analyzing Verilog file "C:/Users/Ryan/Desktop/Nexys-Video-HW/Nexys-Video-HW.ip_user_files/bd/design_1/ip/design_1_mig_7series_0_0/design_1_mig_7series_0_0/user_design/rtl/phy/mig_7series_v4_2_ddr_phy_dqs_found_cal_hr.v" into library xil_defaultlib
INFO: [VRFC 10-311] analyzing module mig_7series_v4_2_ddr_phy_dqs_found_cal_hr
INFO: [VRFC 10-2263] Analyzing Verilog file "C:/Users/Ryan/Desktop/Nexys-Video-HW/Nexys-Video-HW.ip_user_files/bd/design_1/ip/design_1_mig_7series_0_0/design_1_mig_7series_0_0/user_design/rtl/phy/mig_7series_v4_2_ddr_phy_init.v" into library xil_defaultlib
INFO: [VRFC 10-311] analyzing module mig_7series_v4_2_ddr_phy_init
INFO: [VRFC 10-2263] Analyzing Verilog file "C:/Users/Ryan/Desktop/Nexys-Video-HW/Nexys-Video-HW.ip_user_files/bd/design_1/ip/design_1_mig_7series_0_0/design_1_mig_7series_0_0/user_design/rtl/phy/mig_7series_v4_2_ddr_phy_ocd_cntlr.v" into library xil_defaultlib
INFO: [VRFC 10-311] analyzing module mig_7series_v4_2_ddr_phy_ocd_cntlr
INFO: [VRFC 10-2263] Analyzing Verilog file "C:/Users/Ryan/Desktop/Nexys-Video-HW/Nexys-Video-HW.ip_user_files/bd/design_1/ip/design_1_mig_7series_0_0/design_1_mig_7series_0_0/user_design/rtl/phy/mig_7series_v4_2_ddr_phy_ocd_data.v" into library xil_defaultlib
INFO: [VRFC 10-311] analyzing module mig_7series_v4_2_ddr_phy_ocd_data
INFO: [VRFC 10-2263] Analyzing Verilog file "C:/Users/Ryan/Desktop/Nexys-Video-HW/Nexys-Video-HW.ip_user_files/bd/design_1/ip/design_1_mig_7series_0_0/design_1_mig_7series_0_0/user_design/rtl/phy/mig_7series_v4_2_ddr_phy_ocd_edge.v" into library xil_defaultlib
INFO: [VRFC 10-311] analyzing module mig_7series_v4_2_ddr_phy_ocd_edge
INFO: [VRFC 10-2263] Analyzing Verilog file "C:/Users/Ryan/Desktop/Nexys-Video-HW/Nexys-Video-HW.ip_user_files/bd/design_1/ip/design_1_mig_7series_0_0/design_1_mig_7series_0_0/user_design/rtl/phy/mig_7series_v4_2_ddr_phy_ocd_lim.v" into library xil_defaultlib
INFO: [VRFC 10-311] analyzing module mig_7series_v4_2_ddr_phy_ocd_lim
INFO: [VRFC 10-2263] Analyzing Verilog file "C:/Users/Ryan/Desktop/Nexys-Video-HW/Nexys-Video-HW.ip_user_files/bd/design_1/ip/design_1_mig_7series_0_0/design_1_mig_7series_0_0/user_design/rtl/phy/mig_7series_v4_2_ddr_phy_ocd_mux.v" into library xil_defaultlib
INFO: [VRFC 10-311] analyzing module mig_7series_v4_2_ddr_phy_ocd_mux
INFO: [VRFC 10-2263] Analyzing Verilog file "C:/Users/Ryan/Desktop/Nexys-Video-HW/Nexys-Video-HW.ip_user_files/bd/design_1/ip/design_1_mig_7series_0_0/design_1_mig_7series_0_0/user_design/rtl/phy/mig_7series_v4_2_ddr_phy_ocd_po_cntlr.v" into library xil_defaultlib
INFO: [VRFC 10-311] analyzing module mig_7series_v4_2_ddr_phy_ocd_po_cntlr
INFO: [VRFC 10-2263] Analyzing Verilog file "C:/Users/Ryan/Desktop/Nexys-Video-HW/Nexys-Video-HW.ip_user_files/bd/design_1/ip/design_1_mig_7series_0_0/design_1_mig_7series_0_0/user_design/rtl/phy/mig_7series_v4_2_ddr_phy_ocd_samp.v" into library xil_defaultlib
INFO: [VRFC 10-311] analyzing module mig_7series_v4_2_ddr_phy_ocd_samp
INFO: [VRFC 10-2263] Analyzing Verilog file "C:/Users/Ryan/Desktop/Nexys-Video-HW/Nexys-Video-HW.ip_user_files/bd/design_1/ip/design_1_mig_7series_0_0/design_1_mig_7series_0_0/user_design/rtl/phy/mig_7series_v4_2_ddr_phy_oclkdelay_cal.v" into library xil_defaultlib
INFO: [VRFC 10-311] analyzing module mig_7series_v4_2_ddr_phy_oclkdelay_cal
INFO: [VRFC 10-2263] Analyzing Verilog file "C:/Users/Ryan/Desktop/Nexys-Video-HW/Nexys-Video-HW.ip_user_files/bd/design_1/ip/design_1_mig_7series_0_0/design_1_mig_7series_0_0/user_design/rtl/phy/mig_7series_v4_2_ddr_phy_prbs_rdlvl.v" into library xil_defaultlib
INFO: [VRFC 10-311] analyzing module mig_7series_v4_2_ddr_phy_prbs_rdlvl
INFO: [VRFC 10-2263] Analyzing Verilog file "C:/Users/Ryan/Desktop/Nexys-Video-HW/Nexys-Video-HW.ip_user_files/bd/design_1/ip/design_1_mig_7series_0_0/design_1_mig_7series_0_0/user_design/rtl/phy/mig_7series_v4_2_ddr_phy_rdlvl.v" into library xil_defaultlib
INFO: [VRFC 10-311] analyzing module mig_7series_v4_2_ddr_phy_rdlvl
INFO: [VRFC 10-2263] Analyzing Verilog file "C:/Users/Ryan/Desktop/Nexys-Video-HW/Nexys-Video-HW.ip_user_files/bd/design_1/ip/design_1_mig_7series_0_0/design_1_mig_7series_0_0/user_design/rtl/phy/mig_7series_v4_2_ddr_phy_tempmon.v" into library xil_defaultlib
INFO: [VRFC 10-311] analyzing module mig_7series_v4_2_ddr_phy_tempmon
INFO: [VRFC 10-2263] Analyzing Verilog file "C:/Users/Ryan/Desktop/Nexys-Video-HW/Nexys-Video-HW.ip_user_files/bd/design_1/ip/design_1_mig_7series_0_0/design_1_mig_7series_0_0/user_design/rtl/phy/mig_7series_v4_2_ddr_phy_top.v" into library xil_defaultlib
INFO: [VRFC 10-311] analyzing module mig_7series_v4_2_ddr_phy_top
INFO: [VRFC 10-2263] Analyzing Verilog file "C:/Users/Ryan/Desktop/Nexys-Video-HW/Nexys-Video-HW.ip_user_files/bd/design_1/ip/design_1_mig_7series_0_0/design_1_mig_7series_0_0/user_design/rtl/phy/mig_7series_v4_2_ddr_phy_wrcal.v" into library xil_defaultlib
INFO: [VRFC 10-311] analyzing module mig_7series_v4_2_ddr_phy_wrcal
INFO: [VRFC 10-2263] Analyzing Verilog file "C:/Users/Ryan/Desktop/Nexys-Video-HW/Nexys-Video-HW.ip_user_files/bd/design_1/ip/design_1_mig_7series_0_0/design_1_mig_7series_0_0/user_design/rtl/phy/mig_7series_v4_2_ddr_phy_wrlvl.v" into library xil_defaultlib
INFO: [VRFC 10-311] analyzing module mig_7series_v4_2_ddr_phy_wrlvl
INFO: [VRFC 10-2263] Analyzing Verilog file "C:/Users/Ryan/Desktop/Nexys-Video-HW/Nexys-Video-HW.ip_user_files/bd/design_1/ip/design_1_mig_7series_0_0/design_1_mig_7series_0_0/user_design/rtl/phy/mig_7series_v4_2_ddr_phy_wrlvl_off_delay.v" into library xil_defaultlib
INFO: [VRFC 10-311] analyzing module mig_7series_v4_2_ddr_phy_wrlvl_off_delay
INFO: [VRFC 10-2263] Analyzing Verilog file "C:/Users/Ryan/Desktop/Nexys-Video-HW/Nexys-Video-HW.ip_user_files/bd/design_1/ip/design_1_mig_7series_0_0/design_1_mig_7series_0_0/user_design/rtl/phy/mig_7series_v4_2_ddr_prbs_gen.v" into library xil_defaultlib
INFO: [VRFC 10-311] analyzing module mig_7series_v4_2_ddr_prbs_gen
INFO: [VRFC 10-2263] Analyzing Verilog file "C:/Users/Ryan/Desktop/Nexys-Video-HW/Nexys-Video-HW.ip_user_files/bd/design_1/ip/design_1_mig_7series_0_0/design_1_mig_7series_0_0/user_design/rtl/phy/mig_7series_v4_2_ddr_skip_calib_tap.v" into library xil_defaultlib
INFO: [VRFC 10-311] analyzing module mig_7series_v4_2_ddr_skip_calib_tap
INFO: [VRFC 10-2263] Analyzing Verilog file "C:/Users/Ryan/Desktop/Nexys-Video-HW/Nexys-Video-HW.ip_user_files/bd/design_1/ip/design_1_mig_7series_0_0/design_1_mig_7series_0_0/user_design/rtl/phy/mig_7series_v4_2_poc_cc.v" into library xil_defaultlib
INFO: [VRFC 10-311] analyzing module mig_7series_v4_2_poc_cc
INFO: [VRFC 10-2263] Analyzing Verilog file "C:/Users/Ryan/Desktop/Nexys-Video-HW/Nexys-Video-HW.ip_user_files/bd/design_1/ip/design_1_mig_7series_0_0/design_1_mig_7series_0_0/user_design/rtl/phy/mig_7series_v4_2_poc_edge_store.v" into library xil_defaultlib
INFO: [VRFC 10-311] analyzing module mig_7series_v4_2_poc_edge_store
INFO: [VRFC 10-2263] Analyzing Verilog file "C:/Users/Ryan/Desktop/Nexys-Video-HW/Nexys-Video-HW.ip_user_files/bd/design_1/ip/design_1_mig_7series_0_0/design_1_mig_7series_0_0/user_design/rtl/phy/mig_7series_v4_2_poc_meta.v" into library xil_defaultlib
INFO: [VRFC 10-311] analyzing module mig_7series_v4_2_poc_meta
INFO: [VRFC 10-2263] Analyzing Verilog file "C:/Users/Ryan/Desktop/Nexys-Video-HW/Nexys-Video-HW.ip_user_files/bd/design_1/ip/design_1_mig_7series_0_0/design_1_mig_7series_0_0/user_design/rtl/phy/mig_7series_v4_2_poc_pd.v" into library xil_defaultlib
INFO: [VRFC 10-311] analyzing module mig_7series_v4_2_poc_pd
INFO: [VRFC 10-2263] Analyzing Verilog file "C:/Users/Ryan/Desktop/Nexys-Video-HW/Nexys-Video-HW.ip_user_files/bd/design_1/ip/design_1_mig_7series_0_0/design_1_mig_7series_0_0/user_design/rtl/phy/mig_7series_v4_2_poc_tap_base.v" into library xil_defaultlib
INFO: [VRFC 10-311] analyzing module mig_7series_v4_2_poc_tap_base
INFO: [VRFC 10-2263] Analyzing Verilog file "C:/Users/Ryan/Desktop/Nexys-Video-HW/Nexys-Video-HW.ip_user_files/bd/design_1/ip/design_1_mig_7series_0_0/design_1_mig_7series_0_0/user_design/rtl/phy/mig_7series_v4_2_poc_top.v" into library xil_defaultlib
INFO: [VRFC 10-311] analyzing module mig_7series_v4_2_poc_top
INFO: [VRFC 10-2263] Analyzing Verilog file "C:/Users/Ryan/Desktop/Nexys-Video-HW/Nexys-Video-HW.ip_user_files/bd/design_1/ip/design_1_mig_7series_0_0/design_1_mig_7series_0_0/user_design/rtl/ui/mig_7series_v4_2_ui_cmd.v" into library xil_defaultlib
INFO: [VRFC 10-311] analyzing module mig_7series_v4_2_ui_cmd
INFO: [VRFC 10-2263] Analyzing Verilog file "C:/Users/Ryan/Desktop/Nexys-Video-HW/Nexys-Video-HW.ip_user_files/bd/design_1/ip/design_1_mig_7series_0_0/design_1_mig_7series_0_0/user_design/rtl/ui/mig_7series_v4_2_ui_rd_data.v" into library xil_defaultlib
INFO: [VRFC 10-311] analyzing module mig_7series_v4_2_ui_rd_data
INFO: [VRFC 10-2263] Analyzing Verilog file "C:/Users/Ryan/Desktop/Nexys-Video-HW/Nexys-Video-HW.ip_user_files/bd/design_1/ip/design_1_mig_7series_0_0/design_1_mig_7series_0_0/user_design/rtl/ui/mig_7series_v4_2_ui_top.v" into library xil_defaultlib
INFO: [VRFC 10-311] analyzing module mig_7series_v4_2_ui_top
INFO: [VRFC 10-2263] Analyzing Verilog file "C:/Users/Ryan/Desktop/Nexys-Video-HW/Nexys-Video-HW.ip_user_files/bd/design_1/ip/design_1_mig_7series_0_0/design_1_mig_7series_0_0/user_design/rtl/ui/mig_7series_v4_2_ui_wr_data.v" into library xil_defaultlib
INFO: [VRFC 10-311] analyzing module mig_7series_v4_2_ui_wr_data
INFO: [VRFC 10-2263] Analyzing Verilog file "C:/Users/Ryan/Desktop/Nexys-Video-HW/Nexys-Video-HW.ip_user_files/bd/design_1/ip/design_1_mig_7series_0_0/design_1_mig_7series_0_0/user_design/rtl/design_1_mig_7series_0_0_mig_sim.v" into library xil_defaultlib
INFO: [VRFC 10-311] analyzing module design_1_mig_7series_0_0_mig
INFO: [VRFC 10-2263] Analyzing Verilog file "C:/Users/Ryan/Desktop/Nexys-Video-HW/Nexys-Video-HW.ip_user_files/bd/design_1/ip/design_1_mig_7series_0_0/design_1_mig_7series_0_0/user_design/rtl/design_1_mig_7series_0_0.v" into library xil_defaultlib
INFO: [VRFC 10-311] analyzing module design_1_mig_7series_0_0
INFO: [VRFC 10-2263] Analyzing Verilog file "C:/Users/Ryan/Desktop/Nexys-Video-HW/Nexys-Video-HW.gen/sources_1/bd/design_1/ipshared/c97d/simulation/fifo_generator_vlog_beh.v" into library fifo_generator_v13_2_8
INFO: [VRFC 10-311] analyzing module fifo_generator_vlog_beh
INFO: [VRFC 10-311] analyzing module fifo_generator_v13_2_8_CONV_VER
INFO: [VRFC 10-311] analyzing module fifo_generator_v13_2_8_sync_stage
INFO: [VRFC 10-311] analyzing module fifo_generator_v13_2_8_bhv_ver_as
INFO: [VRFC 10-311] analyzing module fifo_generator_v13_2_8_beh_ver_ll_afifo
INFO: [VRFC 10-311] analyzing module fifo_generator_v13_2_8_bhv_ver_ss
INFO: [VRFC 10-311] analyzing module fifo_generator_v13_2_8_bhv_ver_preload0
INFO: [VRFC 10-311] analyzing module fifo_generator_v13_2_8_axic_reg_slice
INFO: [VRFC 10-2263] Analyzing Verilog file "C:/Users/Ryan/Desktop/Nexys-Video-HW/Nexys-Video-HW.gen/sources_1/bd/design_1/ipshared/c97d/hdl/fifo_generator_v13_2_rfs.v" into library fifo_generator_v13_2_8
INFO: [VRFC 10-311] analyzing module fifo_generator_v13_2_8
INFO: [VRFC 10-2263] Analyzing Verilog file "C:/Users/Ryan/Desktop/Nexys-Video-HW/Nexys-Video-HW.gen/sources_1/bd/design_1/ipshared/b752/hdl/generic_baseblocks_v2_1_vl_rfs.v" into library generic_baseblocks_v2_1_0
INFO: [VRFC 10-311] analyzing module generic_baseblocks_v2_1_0_carry_and
INFO: [VRFC 10-311] analyzing module generic_baseblocks_v2_1_0_carry_latch_and
INFO: [VRFC 10-311] analyzing module generic_baseblocks_v2_1_0_carry_latch_or
INFO: [VRFC 10-311] analyzing module generic_baseblocks_v2_1_0_carry_or
INFO: [VRFC 10-311] analyzing module generic_baseblocks_v2_1_0_carry
INFO: [VRFC 10-311] analyzing module generic_baseblocks_v2_1_0_command_fifo
INFO: [VRFC 10-311] analyzing module generic_baseblocks_v2_1_0_comparator_mask_static
INFO: [VRFC 10-311] analyzing module generic_baseblocks_v2_1_0_comparator_mask
INFO: [VRFC 10-311] analyzing module generic_baseblocks_v2_1_0_comparator_sel_mask_static
INFO: [VRFC 10-311] analyzing module generic_baseblocks_v2_1_0_comparator_sel_mask
INFO: [VRFC 10-311] analyzing module generic_baseblocks_v2_1_0_comparator_sel_static
INFO: [VRFC 10-311] analyzing module generic_baseblocks_v2_1_0_comparator_sel
INFO: [VRFC 10-311] analyzing module generic_baseblocks_v2_1_0_comparator_static
INFO: [VRFC 10-311] analyzing module generic_baseblocks_v2_1_0_comparator
INFO: [VRFC 10-311] analyzing module generic_baseblocks_v2_1_0_mux_enc
INFO: [VRFC 10-311] analyzing module generic_baseblocks_v2_1_0_mux
INFO: [VRFC 10-311] analyzing module generic_baseblocks_v2_1_0_nto1_mux
INFO: [VRFC 10-2263] Analyzing Verilog file "C:/Users/Ryan/Desktop/Nexys-Video-HW/Nexys-Video-HW.gen/sources_1/bd/design_1/ipshared/ec67/hdl/axi_infrastructure_v1_1_vl_rfs.v" into library axi_infrastructure_v1_1_0
INFO: [VRFC 10-311] analyzing module axi_infrastructure_v1_1_0_axi2vector
INFO: [VRFC 10-311] analyzing module axi_infrastructure_v1_1_0_axic_srl_fifo
INFO: [VRFC 10-311] analyzing module axi_infrastructure_v1_1_0_vector2axi
INFO: [VRFC 10-2263] Analyzing Verilog file "C:/Users/Ryan/Desktop/Nexys-Video-HW/Nexys-Video-HW.gen/sources_1/bd/design_1/ipshared/87d1/hdl/axi_register_slice_v2_1_vl_rfs.v" into library axi_register_slice_v2_1_28
INFO: [VRFC 10-311] analyzing module axi_register_slice_v2_1_28_test_master
INFO: [VRFC 10-311] analyzing module axi_register_slice_v2_1_28_test_slave
INFO: [VRFC 10-311] analyzing module axi_register_slice_v2_1_28_tdm_sample
INFO: [VRFC 10-311] analyzing module axi_register_slice_v2_1_28_auto_slr
INFO: [VRFC 10-311] analyzing module axi_register_slice_v2_1_28_auto_src
INFO: [VRFC 10-311] analyzing module axi_register_slice_v2_1_28_auto_dest
INFO: [VRFC 10-311] analyzing module axi_register_slice_v2_1_28_srl_rtl
INFO: [VRFC 10-311] analyzing module axi_register_slice_v2_1_28_axic_register_slice
INFO: [VRFC 10-311] analyzing module axi_register_slice_v2_1_28_multi_slr
INFO: [VRFC 10-311] analyzing module axi_register_slice_v2_1_28_middle_region_slr
INFO: [VRFC 10-311] analyzing module axi_register_slice_v2_1_28_source_region_slr
INFO: [VRFC 10-311] analyzing module axi_register_slice_v2_1_28_dest_region_slr
INFO: [VRFC 10-311] analyzing module axi_register_slice_v2_1_28_single_slr
INFO: [VRFC 10-311] analyzing module axi_register_slice_v2_1_28_axic_reg_srl_fifo
INFO: [VRFC 10-311] analyzing module axi_register_slice_v2_1_28_axi_register_slice
INFO: [VRFC 10-2263] Analyzing Verilog file "C:/Users/Ryan/Desktop/Nexys-Video-HW/Nexys-Video-HW.gen/sources_1/bd/design_1/ipshared/fab7/hdl/axi_data_fifo_v2_1_vl_rfs.v" into library axi_data_fifo_v2_1_27
INFO: [VRFC 10-311] analyzing module axi_data_fifo_v2_1_27_axic_fifo
INFO: [VRFC 10-311] analyzing module axi_data_fifo_v2_1_27_fifo_gen
INFO: [VRFC 10-311] analyzing module axi_data_fifo_v2_1_27_axic_srl_fifo
INFO: [VRFC 10-311] analyzing module axi_data_fifo_v2_1_27_axic_reg_srl_fifo
INFO: [VRFC 10-311] analyzing module axi_data_fifo_v2_1_27_ndeep_srl
INFO: [VRFC 10-311] analyzing module axi_data_fifo_v2_1_27_axi_data_fifo
INFO: [VRFC 10-2263] Analyzing Verilog file "C:/Users/Ryan/Desktop/Nexys-Video-HW/Nexys-Video-HW.gen/sources_1/bd/design_1/ipshared/f8f3/hdl/axi_crossbar_v2_1_vl_rfs.v" into library axi_crossbar_v2_1_29
INFO: [VRFC 10-311] analyzing module axi_crossbar_v2_1_29_addr_arbiter_sasd
INFO: [VRFC 10-311] analyzing module axi_crossbar_v2_1_29_addr_arbiter
INFO: [VRFC 10-311] analyzing module axi_crossbar_v2_1_29_addr_decoder
INFO: [VRFC 10-311] analyzing module axi_crossbar_v2_1_29_arbiter_resp
INFO: [VRFC 10-311] analyzing module axi_crossbar_v2_1_29_crossbar_sasd
INFO: [VRFC 10-311] analyzing module axi_crossbar_v2_1_29_crossbar
INFO: [VRFC 10-311] analyzing module axi_crossbar_v2_1_29_decerr_slave
INFO: [VRFC 10-311] analyzing module axi_crossbar_v2_1_29_si_transactor
INFO: [VRFC 10-311] analyzing module axi_crossbar_v2_1_29_splitter
INFO: [VRFC 10-311] analyzing module axi_crossbar_v2_1_29_wdata_mux
INFO: [VRFC 10-311] analyzing module axi_crossbar_v2_1_29_wdata_router
INFO: [VRFC 10-311] analyzing module axi_crossbar_v2_1_29_axi_crossbar
INFO: [VRFC 10-2263] Analyzing Verilog file "C:/Users/Ryan/Desktop/Nexys-Video-HW/Nexys-Video-HW.ip_user_files/bd/design_1/ip/design_1_xbar_0/sim/design_1_xbar_0.v" into library xil_defaultlib
INFO: [VRFC 10-311] analyzing module design_1_xbar_0
INFO: [VRFC 10-2263] Analyzing Verilog file "C:/Users/Ryan/Desktop/Nexys-Video-HW/Nexys-Video-HW.ip_user_files/bd/design_1/ip/design_1_d_axi_i2s_audio_0_0/src/fifo_32/sim/fifo_32.v" into library xil_defaultlib
INFO: [VRFC 10-311] analyzing module fifo_32
INFO: [VRFC 10-2263] Analyzing Verilog file "C:/Users/Ryan/Desktop/Nexys-Video-HW/Nexys-Video-HW.ip_user_files/bd/design_1/ip/design_1_d_axi_i2s_audio_0_0/src/fifo_4/sim/fifo_4.v" into library xil_defaultlib
INFO: [VRFC 10-311] analyzing module fifo_4
INFO: [VRFC 10-2263] Analyzing Verilog file "C:/Users/Ryan/Desktop/Nexys-Video-HW/Nexys-Video-HW.ip_user_files/bd/design_1/ip/design_1_xbar_1/sim/design_1_xbar_1.v" into library xil_defaultlib
INFO: [VRFC 10-311] analyzing module design_1_xbar_1
INFO: [VRFC 10-2263] Analyzing Verilog file "C:/Users/Ryan/Desktop/Nexys-Video-HW/Nexys-Video-HW.ip_user_files/bd/design_1/sim/design_1.v" into library xil_defaultlib
INFO: [VRFC 10-311] analyzing module design_1
INFO: [VRFC 10-311] analyzing module design_1_axi_interconnect_0_0
INFO: [VRFC 10-311] analyzing module design_1_microblaze_0_axi_periph_0
INFO: [VRFC 10-311] analyzing module m00_couplers_imp_1CA5Z32
INFO: [VRFC 10-311] analyzing module m00_couplers_imp_8RVYHO
INFO: [VRFC 10-311] analyzing module m01_couplers_imp_1UTB3Y5
INFO: [VRFC 10-311] analyzing module m02_couplers_imp_7ANRHB
INFO: [VRFC 10-311] analyzing module m03_couplers_imp_1W07O72
INFO: [VRFC 10-311] analyzing module m04_couplers_imp_5LX7BU
INFO: [VRFC 10-311] analyzing module m05_couplers_imp_1XR4ZAZ
INFO: [VRFC 10-311] analyzing module microblaze_0_local_memory_imp_1K0VQXK
INFO: [VRFC 10-311] analyzing module s00_couplers_imp_1RZP34U
INFO: [VRFC 10-311] analyzing module s00_couplers_imp_O7FAN0
INFO: [VRFC 10-311] analyzing module s01_couplers_imp_1F69D31
INFO: [VRFC 10-311] analyzing module s02_couplers_imp_N071UN
INFO: [VRFC 10-311] analyzing module s03_couplers_imp_1GN6L8E
INFO: [VRFC 10-2263] Analyzing Verilog file "C:/Users/Ryan/Desktop/Nexys-Video-HW/Nexys-Video-HW.srcs/sources_1/imports/hdl/design_1_wrapper.v" into library xil_defaultlib
INFO: [VRFC 10-311] analyzing module design_1_wrapper
INFO: [VRFC 10-2263] Analyzing Verilog file "C:/Users/Ryan/Desktop/Nexys-Video-HW/Nexys-Video-HW.sim/sim_1/behav/xsim/glbl.v" into library xil_defaultlib
INFO: [VRFC 10-311] analyzing module glbl
INFO: [VRFC 10-163] Analyzing VHDL file "C:/Users/Ryan/Desktop/Nexys-Video-HW/Nexys-Video-HW.gen/sources_1/bd/design_1/ipshared/66ea/hdl/axi_lite_ipif_v3_0_vh_rfs.vhd" into library axi_lite_ipif_v3_0_4
INFO: [VRFC 10-3107] analyzing entity 'pselect_f'
INFO: [VRFC 10-3107] analyzing entity 'address_decoder'
INFO: [VRFC 10-3107] analyzing entity 'slave_attachment'
INFO: [VRFC 10-3107] analyzing entity 'axi_lite_ipif'
INFO: [VRFC 10-163] Analyzing VHDL file "C:/Users/Ryan/Desktop/Nexys-Video-HW/Nexys-Video-HW.gen/sources_1/bd/design_1/ipshared/802b/hdl/axi_intc_v4_1_vh_rfs.vhd" into library axi_intc_v4_1_17
INFO: [VRFC 10-3107] analyzing entity 'double_synchronizer'
INFO: [VRFC 10-3107] analyzing entity 'shared_ram_ivar'
INFO: [VRFC 10-3107] analyzing entity 'pulse_synchronizer'
INFO: [VRFC 10-3107] analyzing entity 'intc_core'
INFO: [VRFC 10-3107] analyzing entity 'axi_intc'
INFO: [VRFC 10-163] Analyzing VHDL file "C:/Users/Ryan/Desktop/Nexys-Video-HW/Nexys-Video-HW.ip_user_files/bd/design_1/ip/design_1_microblaze_0_axi_intc_0/sim/design_1_microblaze_0_axi_intc_0.vhd" into library xil_defaultlib
INFO: [VRFC 10-3107] analyzing entity 'design_1_microblaze_0_axi_intc_0'
INFO: [VRFC 10-163] Analyzing VHDL file "C:/Users/Ryan/Desktop/Nexys-Video-HW/Nexys-Video-HW.gen/sources_1/bd/design_1/ipshared/cd1d/hdl/lmb_v10_v3_0_vh_rfs.vhd" into library lmb_v10_v3_0_12
INFO: [VRFC 10-3107] analyzing entity 'lmb_v10'
INFO: [VRFC 10-163] Analyzing VHDL file "C:/Users/Ryan/Desktop/Nexys-Video-HW/Nexys-Video-HW.ip_user_files/bd/design_1/ip/design_1_dlmb_v10_0/sim/design_1_dlmb_v10_0.vhd" into library xil_defaultlib
INFO: [VRFC 10-3107] analyzing entity 'design_1_dlmb_v10_0'
INFO: [VRFC 10-163] Analyzing VHDL file "C:/Users/Ryan/Desktop/Nexys-Video-HW/Nexys-Video-HW.ip_user_files/bd/design_1/ip/design_1_ilmb_v10_0/sim/design_1_ilmb_v10_0.vhd" into library xil_defaultlib
INFO: [VRFC 10-3107] analyzing entity 'design_1_ilmb_v10_0'
INFO: [VRFC 10-163] Analyzing VHDL file "C:/Users/Ryan/Desktop/Nexys-Video-HW/Nexys-Video-HW.gen/sources_1/bd/design_1/ipshared/b87e/hdl/lmb_bram_if_cntlr_v4_0_vh_rfs.vhd" into library lmb_bram_if_cntlr_v4_0_22
INFO: [VRFC 10-3107] analyzing entity 'MB_LUT6'
INFO: [VRFC 10-3107] analyzing entity 'MB_MUXCY'
INFO: [VRFC 10-3107] analyzing entity 'MB_XORCY'
INFO: [VRFC 10-3107] analyzing entity 'MB_MUXF7'
INFO: [VRFC 10-3107] analyzing entity 'MB_MUXF8'
INFO: [VRFC 10-3107] analyzing entity 'MB_FDRE'
INFO: [VRFC 10-3107] analyzing entity 'XOR18'
INFO: [VRFC 10-3107] analyzing entity 'Parity'
INFO: [VRFC 10-3107] analyzing entity 'ParityEnable'
INFO: [VRFC 10-3107] analyzing entity 'checkbit_handler'
INFO: [VRFC 10-3107] analyzing entity 'Correct_One_Bit'
INFO: [VRFC 10-3107] analyzing entity 'Correct_One_Bit_64'
INFO: [VRFC 10-3107] analyzing entity 'pselect_mask'
INFO: [VRFC 10-3107] analyzing entity 'axi_interface'
INFO: [VRFC 10-3107] analyzing entity 'round_robin_arbiter'
INFO: [VRFC 10-3107] analyzing entity 'lmb_mux'
INFO: [VRFC 10-3107] analyzing entity 'lmb_bram_if_cntlr'
INFO: [VRFC 10-163] Analyzing VHDL file "C:/Users/Ryan/Desktop/Nexys-Video-HW/Nexys-Video-HW.ip_user_files/bd/design_1/ip/design_1_dlmb_bram_if_cntlr_0/sim/design_1_dlmb_bram_if_cntlr_0.vhd" into library xil_defaultlib
INFO: [VRFC 10-3107] analyzing entity 'design_1_dlmb_bram_if_cntlr_0'
INFO: [VRFC 10-163] Analyzing VHDL file "C:/Users/Ryan/Desktop/Nexys-Video-HW/Nexys-Video-HW.ip_user_files/bd/design_1/ip/design_1_ilmb_bram_if_cntlr_0/sim/design_1_ilmb_bram_if_cntlr_0.vhd" into library xil_defaultlib
INFO: [VRFC 10-3107] analyzing entity 'design_1_ilmb_bram_if_cntlr_0'
INFO: [VRFC 10-163] Analyzing VHDL file "C:/Users/Ryan/Desktop/Nexys-Video-HW/Nexys-Video-HW.gen/sources_1/bd/design_1/ipshared/ef1e/hdl/lib_cdc_v1_0_rfs.vhd" into library lib_cdc_v1_0_2
INFO: [VRFC 10-3107] analyzing entity 'cdc_sync'
INFO: [VRFC 10-163] Analyzing VHDL file "C:/Users/Ryan/Desktop/Nexys-Video-HW/Nexys-Video-HW.gen/sources_1/bd/design_1/ipshared/8842/hdl/proc_sys_reset_v5_0_vh_rfs.vhd" into library proc_sys_reset_v5_0_13
INFO: [VRFC 10-3107] analyzing entity 'upcnt_n'
INFO: [VRFC 10-3107] analyzing entity 'sequence_psr'
INFO: [VRFC 10-3107] analyzing entity 'lpf'
INFO: [VRFC 10-3107] analyzing entity 'proc_sys_reset'
INFO: [VRFC 10-163] Analyzing VHDL file "C:/Users/Ryan/Desktop/Nexys-Video-HW/Nexys-Video-HW.ip_user_files/bd/design_1/ip/design_1_rst_clk_wiz_1_100M_0/sim/design_1_rst_clk_wiz_1_100M_0.vhd" into library xil_defaultlib
INFO: [VRFC 10-3107] analyzing entity 'design_1_rst_clk_wiz_1_100M_0'
INFO: [VRFC 10-163] Analyzing VHDL file "C:/Users/Ryan/Desktop/Nexys-Video-HW/Nexys-Video-HW.ip_user_files/bd/design_1/ip/design_1_rst_mig_7series_0_100M_0/sim/design_1_rst_mig_7series_0_100M_0.vhd" into library xil_defaultlib
INFO: [VRFC 10-3107] analyzing entity 'design_1_rst_mig_7series_0_100M_0'
INFO: [VRFC 10-163] Analyzing VHDL file "C:/Users/Ryan/Desktop/Nexys-Video-HW/Nexys-Video-HW.gen/sources_1/bd/design_1/ipshared/0513/hdl/lib_pkg_v1_0_rfs.vhd" into library lib_pkg_v1_0_2
INFO: [VRFC 10-163] Analyzing VHDL file "C:/Users/Ryan/Desktop/Nexys-Video-HW/Nexys-Video-HW.gen/sources_1/bd/design_1/ipshared/c97d/hdl/fifo_generator_v13_2_rfs.vhd" into library fifo_generator_v13_2_8
INFO: [VRFC 10-3107] analyzing entity 'input_blk'
INFO: [VRFC 10-3107] analyzing entity 'output_blk'
INFO: [VRFC 10-3107] analyzing entity 'shft_wrapper'
INFO: [VRFC 10-3107] analyzing entity 'shft_ram'
INFO: [VRFC 10-3107] analyzing entity 'wr_pf_as'
INFO: [VRFC 10-3107] analyzing entity 'wr_pf_ss'
INFO: [VRFC 10-3107] analyzing entity 'rd_pe_as'
INFO: [VRFC 10-3107] analyzing entity 'rd_pe_ss'
INFO: [VRFC 10-3107] analyzing entity 'synchronizer_ff'
INFO: [VRFC 10-3107] analyzing entity 'delay'
INFO: [VRFC 10-3107] analyzing entity 'bin_cntr'
INFO: [VRFC 10-3107] analyzing entity 'clk_x_pntrs_builtin'
INFO: [VRFC 10-3107] analyzing entity 'logic_builtin'
INFO: [VRFC 10-3107] analyzing entity 'builtin_prim'
INFO: [VRFC 10-3107] analyzing entity 'builtin_extdepth'
INFO: [VRFC 10-3107] analyzing entity 'builtin_top'
INFO: [VRFC 10-3107] analyzing entity 'reset_builtin'
INFO: [VRFC 10-3107] analyzing entity 'builtin_prim_v6'
INFO: [VRFC 10-3107] analyzing entity 'builtin_extdepth_v6'
INFO: [VRFC 10-3107] analyzing entity 'builtin_extdepth_low_latency'
INFO: [VRFC 10-3107] analyzing entity 'builtin_top_v6'
INFO: [VRFC 10-3107] analyzing entity 'fifo_generator_v13_2_8_builtin'
INFO: [VRFC 10-3107] analyzing entity 'bram_sync_reg'
INFO: [VRFC 10-3107] analyzing entity 'bram_fifo_rstlogic'
INFO: [VRFC 10-3107] analyzing entity 'reset_blk_ramfifo'
INFO: [VRFC 10-3107] analyzing entity 'axi_reg_slice'
INFO: [VRFC 10-3107] analyzing entity 'fifo_generator_top'
INFO: [VRFC 10-3107] analyzing entity 'fifo_generator_v13_2_8_synth'
INFO: [VRFC 10-163] Analyzing VHDL file "C:/Users/Ryan/Desktop/Nexys-Video-HW/Nexys-Video-HW.gen/sources_1/bd/design_1/ipshared/3d41/hdl/lib_fifo_v1_0_rfs.vhd" into library lib_fifo_v1_0_17
INFO: [VRFC 10-3107] analyzing entity 'async_fifo_fg'
INFO: [VRFC 10-3107] analyzing entity 'sync_fifo_fg'
INFO: [VRFC 10-163] Analyzing VHDL file "C:/Users/Ryan/Desktop/Nexys-Video-HW/Nexys-Video-HW.gen/sources_1/bd/design_1/ipshared/51ce/hdl/lib_srl_fifo_v1_0_rfs.vhd" into library lib_srl_fifo_v1_0_2
INFO: [VRFC 10-3107] analyzing entity 'cntr_incr_decr_addn_f'
INFO: [VRFC 10-3107] analyzing entity 'dynshreg_f'
INFO: [VRFC 10-3107] analyzing entity 'srl_fifo_rbu_f'
INFO: [VRFC 10-3107] analyzing entity 'srl_fifo_f'
INFO: [VRFC 10-163] Analyzing VHDL file "C:/Users/Ryan/Desktop/Nexys-Video-HW/Nexys-Video-HW.gen/sources_1/bd/design_1/ipshared/e959/hdl/axi_datamover_v5_1_vh_rfs.vhd" into library axi_datamover_v5_1_30
INFO: [VRFC 10-3107] analyzing entity 'axi_datamover_reset'
INFO: [VRFC 10-3107] analyzing entity 'axi_datamover_afifo_autord'
INFO: [VRFC 10-3107] analyzing entity 'axi_datamover_sfifo_autord'
INFO: [VRFC 10-3107] analyzing entity 'axi_datamover_fifo'
INFO: [VRFC 10-3107] analyzing entity 'axi_datamover_cmd_status'
INFO: [VRFC 10-3107] analyzing entity 'axi_datamover_scc'
INFO: [VRFC 10-3107] analyzing entity 'axi_datamover_strb_gen2'
INFO: [VRFC 10-3107] analyzing entity 'axi_datamover_pcc'
INFO: [VRFC 10-3107] analyzing entity 'axi_datamover_addr_cntl'
INFO: [VRFC 10-3107] analyzing entity 'axi_datamover_rdmux'
INFO: [VRFC 10-3107] analyzing entity 'axi_datamover_rddata_cntl'
INFO: [VRFC 10-3107] analyzing entity 'axi_datamover_rd_status_cntl'
INFO: [VRFC 10-3107] analyzing entity 'axi_datamover_wr_demux'
INFO: [VRFC 10-3107] analyzing entity 'axi_datamover_wrdata_cntl'
INFO: [VRFC 10-3107] analyzing entity 'axi_datamover_wr_status_cntl'
INFO: [VRFC 10-3107] analyzing entity 'axi_datamover_skid2mm_buf'
INFO: [VRFC 10-3107] analyzing entity 'axi_datamover_skid_buf'
INFO: [VRFC 10-3107] analyzing entity 'axi_datamover_rd_sf'
INFO: [VRFC 10-3107] analyzing entity 'axi_datamover_wr_sf'
INFO: [VRFC 10-3107] analyzing entity 'axi_datamover_stbs_set'
INFO: [VRFC 10-3107] analyzing entity 'axi_datamover_stbs_set_nodre'
INFO: [VRFC 10-3107] analyzing entity 'axi_datamover_ibttcc'
INFO: [VRFC 10-3107] analyzing entity 'axi_datamover_indet_btt'
INFO: [VRFC 10-3107] analyzing entity 'axi_datamover_dre_mux2_1_x_n'
INFO: [VRFC 10-3107] analyzing entity 'axi_datamover_dre_mux4_1_x_n'
INFO: [VRFC 10-3107] analyzing entity 'axi_datamover_dre_mux8_1_x_n'
INFO: [VRFC 10-3107] analyzing entity 'axi_datamover_mm2s_dre'
INFO: [VRFC 10-3107] analyzing entity 'axi_datamover_s2mm_dre'
INFO: [VRFC 10-3107] analyzing entity 'axi_datamover_ms_strb_set'
INFO: [VRFC 10-3107] analyzing entity 'axi_datamover_mssai_skid_buf'
INFO: [VRFC 10-3107] analyzing entity 'axi_datamover_slice'
INFO: [VRFC 10-3107] analyzing entity 'axi_datamover_s2mm_scatter'
INFO: [VRFC 10-3107] analyzing entity 'axi_datamover_s2mm_realign'
INFO: [VRFC 10-3107] analyzing entity 'axi_datamover_s2mm_basic_wrap'
INFO: [VRFC 10-3107] analyzing entity 'axi_datamover_s2mm_omit_wrap'
INFO: [VRFC 10-3107] analyzing entity 'axi_datamover_s2mm_full_wrap'
INFO: [VRFC 10-3107] analyzing entity 'axi_datamover_mm2s_basic_wrap'
INFO: [VRFC 10-3107] analyzing entity 'axi_datamover_mm2s_omit_wrap'
INFO: [VRFC 10-3107] analyzing entity 'axi_datamover_mm2s_full_wrap'
INFO: [VRFC 10-3107] analyzing entity 'axi_datamover'
INFO: [VRFC 10-163] Analyzing VHDL file "C:/Users/Ryan/Desktop/Nexys-Video-HW/Nexys-Video-HW.gen/sources_1/bd/design_1/ipshared/85d0/hdl/axi_sg_v4_1_rfs.vhd" into library axi_sg_v4_1_16
INFO: [VRFC 10-3107] analyzing entity 'axi_sg_reset'
INFO: [VRFC 10-3107] analyzing entity 'axi_sg_sfifo_autord'
INFO: [VRFC 10-3107] analyzing entity 'axi_sg_afifo_autord'
INFO: [VRFC 10-3107] analyzing entity 'axi_sg_fifo'
INFO: [VRFC 10-3107] analyzing entity 'axi_sg_cmd_status'
INFO: [VRFC 10-3107] analyzing entity 'axi_sg_rdmux'
INFO: [VRFC 10-3107] analyzing entity 'axi_sg_addr_cntl'
INFO: [VRFC 10-3107] analyzing entity 'axi_sg_rddata_cntl'
INFO: [VRFC 10-3107] analyzing entity 'axi_sg_rd_status_cntl'
INFO: [VRFC 10-3107] analyzing entity 'axi_sg_scc'
INFO: [VRFC 10-3107] analyzing entity 'axi_sg_wr_demux'
INFO: [VRFC 10-3107] analyzing entity 'axi_sg_scc_wr'
INFO: [VRFC 10-3107] analyzing entity 'axi_sg_skid2mm_buf'
INFO: [VRFC 10-3107] analyzing entity 'axi_sg_wrdata_cntl'
INFO: [VRFC 10-3107] analyzing entity 'axi_sg_wr_status_cntl'
INFO: [VRFC 10-3107] analyzing entity 'axi_sg_skid_buf'
INFO: [VRFC 10-3107] analyzing entity 'axi_sg_mm2s_basic_wrap'
INFO: [VRFC 10-3107] analyzing entity 'axi_sg_s2mm_basic_wrap'
INFO: [VRFC 10-3107] analyzing entity 'axi_sg_datamover'
INFO: [VRFC 10-3107] analyzing entity 'axi_sg_ftch_sm'
INFO: [VRFC 10-3107] analyzing entity 'axi_sg_ftch_pntr'
INFO: [VRFC 10-3107] analyzing entity 'axi_sg_ftch_cmdsts_if'
INFO: [VRFC 10-3107] analyzing entity 'axi_sg_ftch_mngr'
INFO: [VRFC 10-3107] analyzing entity 'axi_sg_cntrl_strm'
INFO: [VRFC 10-3107] analyzing entity 'axi_sg_ftch_queue'
INFO: [VRFC 10-3107] analyzing entity 'axi_sg_ftch_noqueue'
INFO: [VRFC 10-3107] analyzing entity 'axi_sg_ftch_q_mngr'
INFO: [VRFC 10-3107] analyzing entity 'axi_sg_updt_cmdsts_if'
INFO: [VRFC 10-3107] analyzing entity 'axi_sg_updt_sm'
INFO: [VRFC 10-3107] analyzing entity 'axi_sg_updt_mngr'
INFO: [VRFC 10-3107] analyzing entity 'axi_sg_updt_queue'
INFO: [VRFC 10-3107] analyzing entity 'axi_sg_updt_noqueue'
INFO: [VRFC 10-3107] analyzing entity 'axi_sg_updt_q_mngr'
INFO: [VRFC 10-3107] analyzing entity 'axi_sg_intrpt'
INFO: [VRFC 10-3107] analyzing entity 'axi_sg'
INFO: [VRFC 10-163] Analyzing VHDL file "C:/Users/Ryan/Desktop/Nexys-Video-HW/Nexys-Video-HW.gen/sources_1/bd/design_1/ipshared/50c3/hdl/axi_dma_v7_1_vh_rfs.vhd" into library axi_dma_v7_1_29
INFO: [VRFC 10-3107] analyzing entity 'axi_dma_reset'
INFO: [VRFC 10-3107] analyzing entity 'axi_dma_rst_module'
INFO: [VRFC 10-3107] analyzing entity 'axi_dma_lite_if'
INFO: [VRFC 10-3107] analyzing entity 'axi_dma_register'
INFO: [VRFC 10-3107] analyzing entity 'axi_dma_register_s2mm'
INFO: [VRFC 10-3107] analyzing entity 'axi_dma_reg_module'
INFO: [VRFC 10-3107] analyzing entity 'axi_dma_skid_buf'
INFO: [VRFC 10-3107] analyzing entity 'axi_dma_afifo_autord'
INFO: [VRFC 10-3107] analyzing entity 'axi_dma_s2mm'
INFO: [VRFC 10-3107] analyzing entity 'axi_dma_sofeof_gen'
INFO: [VRFC 10-3107] analyzing entity 'axi_dma_smple_sm'
INFO: [VRFC 10-3107] analyzing entity 'axi_dma_mm2s_sg_if'
INFO: [VRFC 10-3107] analyzing entity 'axi_dma_mm2s_sm'
INFO: [VRFC 10-3107] analyzing entity 'axi_dma_mm2s_cmdsts_if'
INFO: [VRFC 10-3107] analyzing entity 'axi_dma_mm2s_sts_mngr'
INFO: [VRFC 10-3107] analyzing entity 'axi_dma_mm2s_cntrl_strm'
INFO: [VRFC 10-3107] analyzing entity 'axi_dma_mm2s_mngr'
INFO: [VRFC 10-3107] analyzing entity 'axi_dma_s2mm_sg_if'
INFO: [VRFC 10-3107] analyzing entity 'axi_dma_s2mm_sm'
INFO: [VRFC 10-3107] analyzing entity 'axi_dma_s2mm_cmdsts_if'
INFO: [VRFC 10-3107] analyzing entity 'axi_dma_s2mm_sts_mngr'
INFO: [VRFC 10-3107] analyzing entity 'axi_dma_s2mm_sts_strm'
INFO: [VRFC 10-3107] analyzing entity 'axi_dma_s2mm_mngr'
INFO: [VRFC 10-3107] analyzing entity 'axi_dma_cmd_split'
INFO: [VRFC 10-3107] analyzing entity 'axi_dma'
INFO: [VRFC 10-163] Analyzing VHDL file "C:/Users/Ryan/Desktop/Nexys-Video-HW/Nexys-Video-HW.ip_user_files/bd/design_1/ip/design_1_axi_dma_0_0/sim/design_1_axi_dma_0_0.vhd" into library xil_defaultlib
INFO: [VRFC 10-3107] analyzing entity 'design_1_axi_dma_0_0'
INFO: [VRFC 10-163] Analyzing VHDL file "C:/Users/Ryan/Desktop/Nexys-Video-HW/Nexys-Video-HW.gen/sources_1/bd/design_1/ipshared/a040/hdl/interrupt_control_v3_1_vh_rfs.vhd" into library interrupt_control_v3_1_4
INFO: [VRFC 10-3107] analyzing entity 'interrupt_control'
INFO: [VRFC 10-163] Analyzing VHDL file "C:/Users/Ryan/Desktop/Nexys-Video-HW/Nexys-Video-HW.gen/sources_1/bd/design_1/ipshared/18b7/hdl/axi_gpio_v2_0_vh_rfs.vhd" into library axi_gpio_v2_0_30
INFO: [VRFC 10-3107] analyzing entity 'GPIO_Core'
INFO: [VRFC 10-3107] analyzing entity 'axi_gpio'
INFO: [VRFC 10-163] Analyzing VHDL file "C:/Users/Ryan/Desktop/Nexys-Video-HW/Nexys-Video-HW.ip_user_files/bd/design_1/ip/design_1_axi_gpio_0_0/sim/design_1_axi_gpio_0_0.vhd" into library xil_defaultlib
INFO: [VRFC 10-3107] analyzing entity 'design_1_axi_gpio_0_0'
INFO: [VRFC 10-163] Analyzing VHDL file "C:/Users/Ryan/Desktop/Nexys-Video-HW/Nexys-Video-HW.gen/sources_1/bd/design_1/ipshared/06a7/hdl/axi_iic_v2_1_vh_rfs.vhd" into library axi_iic_v2_1_4
INFO: [VRFC 10-3107] analyzing entity 'soft_reset'
INFO: [VRFC 10-3107] analyzing entity 'SRL_FIFO'
INFO: [VRFC 10-3107] analyzing entity 'upcnt_n'
INFO: [VRFC 10-3107] analyzing entity 'shift8'
INFO: [VRFC 10-3107] analyzing entity 'debounce'
INFO: [VRFC 10-3107] analyzing entity 'reg_interface'
INFO: [VRFC 10-3107] analyzing entity 'iic_control'
INFO: [VRFC 10-3107] analyzing entity 'filter'
INFO: [VRFC 10-3107] analyzing entity 'dynamic_master'
INFO: [VRFC 10-3107] analyzing entity 'axi_ipif_ssp1'
INFO: [VRFC 10-3107] analyzing entity 'iic'
INFO: [VRFC 10-3107] analyzing entity 'axi_iic'
INFO: [VRFC 10-163] Analyzing VHDL file "C:/Users/Ryan/Desktop/Nexys-Video-HW/Nexys-Video-HW.ip_user_files/bd/design_1/ip/design_1_axi_iic_0_0/sim/design_1_axi_iic_0_0.vhd" into library xil_defaultlib
INFO: [VRFC 10-3107] analyzing entity 'design_1_axi_iic_0_0'
INFO: [VRFC 10-163] Analyzing VHDL file "C:/Users/Ryan/Desktop/Nexys-Video-HW/Nexys-Video-HW.gen/sources_1/bd/design_1/ipshared/3dd9/hdl/axi_uartlite_v2_0_vh_rfs.vhd" into library axi_uartlite_v2_0_32
INFO: [VRFC 10-3107] analyzing entity 'dynshreg_i_f'
INFO: [VRFC 10-3107] analyzing entity 'uartlite_tx'
INFO: [VRFC 10-3107] analyzing entity 'uartlite_rx'
INFO: [VRFC 10-3107] analyzing entity 'baudrate'
INFO: [VRFC 10-3107] analyzing entity 'uartlite_core'
INFO: [VRFC 10-3107] analyzing entity 'axi_uartlite'
INFO: [VRFC 10-163] Analyzing VHDL file "C:/Users/Ryan/Desktop/Nexys-Video-HW/Nexys-Video-HW.ip_user_files/bd/design_1/ip/design_1_axi_uartlite_0_0/sim/design_1_axi_uartlite_0_0.vhd" into library xil_defaultlib
INFO: [VRFC 10-3107] analyzing entity 'design_1_axi_uartlite_0_0'
INFO: [VRFC 10-163] Analyzing VHDL file "C:/Users/Ryan/Desktop/Nexys-Video-HW/Nexys-Video-HW.ip_user_files/bd/design_1/ipshared/374c/src/rst_sync.vhd" into library xil_defaultlib
INFO: [VRFC 10-3107] analyzing entity 'rst_sync'
INFO: [VRFC 10-163] Analyzing VHDL file "C:/Users/Ryan/Desktop/Nexys-Video-HW/Nexys-Video-HW.ip_user_files/bd/design_1/ipshared/374c/src/i2s_ctl.vhd" into library xil_defaultlib
INFO: [VRFC 10-3107] analyzing entity 'i2s_ctl'
INFO: [VRFC 10-163] Analyzing VHDL file "C:/Users/Ryan/Desktop/Nexys-Video-HW/Nexys-Video-HW.ip_user_files/bd/design_1/ipshared/374c/src/DCM.vhd" into library xil_defaultlib
INFO: [VRFC 10-3107] analyzing entity 'DCM'
INFO: [VRFC 10-163] Analyzing VHDL file "C:/Users/Ryan/Desktop/Nexys-Video-HW/Nexys-Video-HW.ip_user_files/bd/design_1/ipshared/374c/src/Sync_ff.vhd" into library xil_defaultlib
INFO: [VRFC 10-3107] analyzing entity 'Sync_ff'
INFO: [VRFC 10-163] Analyzing VHDL file "C:/Users/Ryan/Desktop/Nexys-Video-HW/Nexys-Video-HW.ip_user_files/bd/design_1/ipshared/374c/src/i2s_stream.vhd" into library xil_defaultlib
INFO: [VRFC 10-3107] analyzing entity 'i2s_stream'
INFO: [VRFC 10-163] Analyzing VHDL file "C:/Users/Ryan/Desktop/Nexys-Video-HW/Nexys-Video-HW.ip_user_files/bd/design_1/ipshared/374c/src/i2s_rx_tx.vhd" into library xil_defaultlib
INFO: [VRFC 10-3107] analyzing entity 'i2s_rx_tx'
INFO: [VRFC 10-163] Analyzing VHDL file "C:/Users/Ryan/Desktop/Nexys-Video-HW/Nexys-Video-HW.ip_user_files/bd/design_1/ipshared/374c/src/d_axi_i2s_audio_v2_0_AXI_L.vhd" into library xil_defaultlib
INFO: [VRFC 10-3107] analyzing entity 'd_axi_i2s_audio_v2_0_AXI_L'
INFO: [VRFC 10-163] Analyzing VHDL file "C:/Users/Ryan/Desktop/Nexys-Video-HW/Nexys-Video-HW.ip_user_files/bd/design_1/ipshared/374c/src/d_axi_i2s_audio_v2_0.vhd" into library xil_defaultlib
INFO: [VRFC 10-3107] analyzing entity 'd_axi_i2s_audio_v2_0'
INFO: [VRFC 10-163] Analyzing VHDL file "C:/Users/Ryan/Desktop/Nexys-Video-HW/Nexys-Video-HW.ip_user_files/bd/design_1/ip/design_1_d_axi_i2s_audio_0_0/sim/design_1_d_axi_i2s_audio_0_0.vhd" into library xil_defaultlib
INFO: [VRFC 10-3107] analyzing entity 'design_1_d_axi_i2s_audio_0_0'
INFO: [VRFC 10-163] Analyzing VHDL file "C:/Users/Ryan/Desktop/Nexys-Video-HW/Nexys-Video-HW.gen/sources_1/bd/design_1/ipshared/4e42/hdl/mdm_v3_2_vh_rfs.vhd" into library mdm_v3_2_24
INFO: [VRFC 10-3107] analyzing entity 'xil_scan_reset_control'
INFO: [VRFC 10-3107] analyzing entity 'MB_BSCANE2'
INFO: [VRFC 10-3107] analyzing entity 'MB_BUFG'
INFO: [VRFC 10-3107] analyzing entity 'MB_BUFGCE_1'
INFO: [VRFC 10-3107] analyzing entity 'MB_BUFGCTRL'
INFO: [VRFC 10-3107] analyzing entity 'MB_FDRE'
INFO: [VRFC 10-3107] analyzing entity 'MB_PLLE2_BASE'
INFO: [VRFC 10-3107] analyzing entity 'MB_FDC_1'
INFO: [VRFC 10-3107] analyzing entity 'MB_FDRE_1'
INFO: [VRFC 10-3107] analyzing entity 'MB_SRL16E'
INFO: [VRFC 10-3107] analyzing entity 'MB_FDRSE'
INFO: [VRFC 10-3107] analyzing entity 'MB_MUXCY_XORCY'
INFO: [VRFC 10-3107] analyzing entity 'MB_MUXCY'
INFO: [VRFC 10-3107] analyzing entity 'MB_XORCY'
INFO: [VRFC 10-3107] analyzing entity 'MB_SRLC32E'
INFO: [VRFC 10-3107] analyzing entity 'carry_and'
INFO: [VRFC 10-3107] analyzing entity 'carry_or_vec'
INFO: [VRFC 10-3107] analyzing entity 'carry_or'
INFO: [VRFC 10-3107] analyzing entity 'select_bit'
INFO: [VRFC 10-3107] analyzing entity 'MB_LUT1'
INFO: [VRFC 10-3107] analyzing entity 'Arbiter'
INFO: [VRFC 10-3107] analyzing entity 'SRL_FIFO'
INFO: [VRFC 10-3107] analyzing entity 'bus_master'
INFO: [VRFC 10-3107] analyzing entity 'JTAG_CONTROL'
INFO: [VRFC 10-3107] analyzing entity 'MDM_Core'
INFO: [VRFC 10-3107] analyzing entity 'MDM'
INFO: [VRFC 10-163] Analyzing VHDL file "C:/Users/Ryan/Desktop/Nexys-Video-HW/Nexys-Video-HW.ip_user_files/bd/design_1/ip/design_1_mdm_1_0/sim/design_1_mdm_1_0.vhd" into library xil_defaultlib
INFO: [VRFC 10-3107] analyzing entity 'design_1_mdm_1_0'
INFO: [VRFC 10-163] Analyzing VHDL file "C:/Users/Ryan/Desktop/Nexys-Video-HW/Nexys-Video-HW.gen/sources_1/bd/design_1/ipshared/e224/hdl/microblaze_v11_0_vh_rfs.vhd" into library microblaze_v11_0_11
INFO: [VRFC 10-3107] analyzing entity 'xil_scan_reset_control'
INFO: [VRFC 10-3107] analyzing entity 'MB_SRL16E'
INFO: [VRFC 10-3107] analyzing entity 'MB_SRLC16E'
INFO: [VRFC 10-3107] analyzing entity 'MB_LUT1'
INFO: [VRFC 10-3107] analyzing entity 'MB_LUT2'
INFO: [VRFC 10-3107] analyzing entity 'MB_LUT3'
INFO: [VRFC 10-3107] analyzing entity 'MB_LUT4'
INFO: [VRFC 10-3107] analyzing entity 'MB_LUT5'
INFO: [VRFC 10-3107] analyzing entity 'MB_LUT6'
INFO: [VRFC 10-3107] analyzing entity 'MB_LUT6_2'
INFO: [VRFC 10-3107] analyzing entity 'MB_MUXCY'
INFO: [VRFC 10-3107] analyzing entity 'MB_XORCY'
INFO: [VRFC 10-3107] analyzing entity 'MB_AND2B1L'
INFO: [VRFC 10-3107] analyzing entity 'MB_OR2L'
INFO: [VRFC 10-3107] analyzing entity 'MB_MUXF7'
INFO: [VRFC 10-3107] analyzing entity 'MB_MUXF8'
INFO: [VRFC 10-3107] analyzing entity 'MB_MUXF9'
INFO: [VRFC 10-3107] analyzing entity 'MB_RAM32M'
INFO: [VRFC 10-3107] analyzing entity 'MB_RAM16X1D'
INFO: [VRFC 10-3107] analyzing entity 'MB_RAM32X1D'
INFO: [VRFC 10-3107] analyzing entity 'MB_MULT18X18S'
INFO: [VRFC 10-3107] analyzing entity 'MB_FD'
INFO: [VRFC 10-3107] analyzing entity 'MB_FDR'
INFO: [VRFC 10-3107] analyzing entity 'MB_FDRE'
INFO: [VRFC 10-3107] analyzing entity 'MB_FDE'
INFO: [VRFC 10-3107] analyzing entity 'MB_FDSE'
INFO: [VRFC 10-3107] analyzing entity 'MB_FDS'
INFO: [VRFC 10-3107] analyzing entity 'MB_FDRSE'
INFO: [VRFC 10-3107] analyzing entity 'MB_MULT_AND'
INFO: [VRFC 10-3107] analyzing entity 'MB_RAMB36'
INFO: [VRFC 10-3107] analyzing entity 'MB_MUXCY_XORCY'
INFO: [VRFC 10-3107] analyzing entity 'MB_DSP48E1'
INFO: [VRFC 10-3107] analyzing entity 'mb_sync_bit'
INFO: [VRFC 10-3107] analyzing entity 'mb_sync_vec'
INFO: [VRFC 10-3107] analyzing entity 'mb_sync_reset'
INFO: [VRFC 10-3107] analyzing entity 'OneHot_Buffer'
INFO: [VRFC 10-3107] analyzing entity 'two_piperun_fd'
INFO: [VRFC 10-3107] analyzing entity 'mux_bus'
INFO: [VRFC 10-3107] analyzing entity 'Parity_Recursive_LUT6'
INFO: [VRFC 10-3107] analyzing entity 'Parity'
INFO: [VRFC 10-3107] analyzing entity 'comparator'
INFO: [VRFC 10-3107] analyzing entity 'comparator_bool'
INFO: [VRFC 10-3107] analyzing entity 'carry_and'
INFO: [VRFC 10-3107] analyzing entity 'carry_and_bs'
INFO: [VRFC 10-3107] analyzing entity 'carry_and_bb'
INFO: [VRFC 10-3107] analyzing entity 'carry_and_n_bb'
INFO: [VRFC 10-3107] analyzing entity 'carry_latch_and_bb'
INFO: [VRFC 10-3107] analyzing entity 'carry_latch_and_n_bb'
INFO: [VRFC 10-3107] analyzing entity 'carry_or'
INFO: [VRFC 10-3107] analyzing entity 'carry_or_bs'
INFO: [VRFC 10-3107] analyzing entity 'carry_or_bb'
INFO: [VRFC 10-3107] analyzing entity 'carry_or_n_bb'
INFO: [VRFC 10-3107] analyzing entity 'carry_equal'
INFO: [VRFC 10-3107] analyzing entity 'carry_compare'
INFO: [VRFC 10-3107] analyzing entity 'carry_compare_bool'
INFO: [VRFC 10-3107] analyzing entity 'carry_compare_mask'
INFO: [VRFC 10-3107] analyzing entity 'carry_compare_mask_bool'
INFO: [VRFC 10-3107] analyzing entity 'carry_compare_const'
INFO: [VRFC 10-3107] analyzing entity 'carry_compare_const_bool'
INFO: [VRFC 10-3107] analyzing entity 'Carry_Compare_GE'
INFO: [VRFC 10-3107] analyzing entity 'find_first_bit'
INFO: [VRFC 10-3107] analyzing entity 'mux4_8'
INFO: [VRFC 10-3107] analyzing entity 'mux4'
INFO: [VRFC 10-3107] analyzing entity 'vec_mux'
INFO: [VRFC 10-3107] analyzing entity 'srl_fifo'
INFO: [VRFC 10-3107] analyzing entity 'ALU_Bit'
INFO: [VRFC 10-3107] analyzing entity 'ALU'
INFO: [VRFC 10-3107] analyzing entity 'MSR_Reg_Bit'
INFO: [VRFC 10-3107] analyzing entity 'MSR_Reg'
INFO: [VRFC 10-3107] analyzing entity 'msr_reg_gti'
INFO: [VRFC 10-3107] analyzing entity 'MSR_Reg_ff'
INFO: [VRFC 10-3107] analyzing entity 'dsp_module'
INFO: [VRFC 10-3107] analyzing entity 'mul_unit'
INFO: [VRFC 10-3107] analyzing entity 'mul_unit_ff'
INFO: [VRFC 10-3107] analyzing entity 'Div_unit'
INFO: [VRFC 10-3107] analyzing entity 'Div_unit_gti'
INFO: [VRFC 10-3107] analyzing entity 'Div_Unit_ff'
INFO: [VRFC 10-3107] analyzing entity 'Operand_Select_Bit'
INFO: [VRFC 10-3107] analyzing entity 'Operand_Select'
INFO: [VRFC 10-3107] analyzing entity 'Operand_Select_gti'
INFO: [VRFC 10-3107] analyzing entity 'Operand_Select_ff'
INFO: [VRFC 10-3107] analyzing entity 'PC_Bit'
INFO: [VRFC 10-3107] analyzing entity 'PC_Module'
INFO: [VRFC 10-3107] analyzing entity 'PC_Module_gti'
INFO: [VRFC 10-3107] analyzing entity 'PC_Module_ff'
INFO: [VRFC 10-3107] analyzing entity 'PreFetch_Buffer'
INFO: [VRFC 10-3107] analyzing entity 'PreFetch_Buffer_gti'
INFO: [VRFC 10-3107] analyzing entity 'PreFetch_Buffer_ff'
INFO: [VRFC 10-3107] analyzing entity 'Register_File_Bit'
INFO: [VRFC 10-3107] analyzing entity 'Register_File'
INFO: [VRFC 10-3107] analyzing entity 'Register_File_gti'
INFO: [VRFC 10-3107] analyzing entity 'count_leading_zeros'
INFO: [VRFC 10-3107] analyzing entity 'Shift_Logic_Bit'
INFO: [VRFC 10-3107] analyzing entity 'Shift_Logic_Module'
INFO: [VRFC 10-3107] analyzing entity 'Shift_Logic_Module_gti'
INFO: [VRFC 10-3107] analyzing entity 'Zero_Detect'
INFO: [VRFC 10-3107] analyzing entity 'Zero_Detect_gti'
INFO: [VRFC 10-3107] analyzing entity 'barrel_shift'
INFO: [VRFC 10-3107] analyzing entity 'Barrel_Shifter_gti'
INFO: [VRFC 10-3107] analyzing entity 'WB_Mux_Bit'
INFO: [VRFC 10-3107] analyzing entity 'WB_Mux'
INFO: [VRFC 10-3107] analyzing entity 'WB_Mux_ff'
INFO: [VRFC 10-3107] analyzing entity 'Byte_Doublet_Handle'
INFO: [VRFC 10-3107] analyzing entity 'Byte_Doublet_Handle_gti'
INFO: [VRFC 10-3107] analyzing entity 'Byte_Doublet_Handle_ff'
INFO: [VRFC 10-3107] analyzing entity 'Data_Flow_Logic'
INFO: [VRFC 10-3107] analyzing entity 'Data_Flow_Logic_ff'
INFO: [VRFC 10-3107] analyzing entity 'Streaming_AXI'
INFO: [VRFC 10-3107] analyzing entity 'exception_registers'
INFO: [VRFC 10-3107] analyzing entity 'exception_registers_gti'
INFO: [VRFC 10-3107] analyzing entity 'exception_registers_ff'
INFO: [VRFC 10-3107] analyzing entity 'FPU_ADDSUB'
INFO: [VRFC 10-3107] analyzing entity 'FPU_DIV'
INFO: [VRFC 10-3107] analyzing entity 'FPU_MUL'
INFO: [VRFC 10-3107] analyzing entity 'fpu_conv'
INFO: [VRFC 10-3107] analyzing entity 'fpu_sqrt'
INFO: [VRFC 10-3107] analyzing entity 'FPU_DIV_FF'
INFO: [VRFC 10-3107] analyzing entity 'FPU_MUL_ff'
INFO: [VRFC 10-3107] analyzing entity 'fpu_conv_ff'
INFO: [VRFC 10-3107] analyzing entity 'fpu_sqrt_ff'
INFO: [VRFC 10-3107] analyzing entity 'Fpu'
INFO: [VRFC 10-3107] analyzing entity 'Fpu_ff'
INFO: [VRFC 10-3107] analyzing entity 'PVR'
INFO: [VRFC 10-3107] analyzing entity 'Result_Mux_Bit'
INFO: [VRFC 10-3107] analyzing entity 'Result_Mux'
INFO: [VRFC 10-3107] analyzing entity 'stack_protection'
INFO: [VRFC 10-3107] analyzing entity 'Data_Flow'
INFO: [VRFC 10-3107] analyzing entity 'Data_Flow_gti'
INFO: [VRFC 10-3107] analyzing entity 'Data_Flow_ff'
INFO: [VRFC 10-3107] analyzing entity 'jump_logic'
INFO: [VRFC 10-3107] analyzing entity 'Jump_Logic_ff'
INFO: [VRFC 10-3107] analyzing entity 'Decode'
INFO: [VRFC 10-3107] analyzing entity 'Decode_gti'
INFO: [VRFC 10-3107] analyzing entity 'decode_conflict_ff'
INFO: [VRFC 10-3107] analyzing entity 'decode_exception_flow_ff'
INFO: [VRFC 10-3107] analyzing entity 'decode_instr_flow_ff'
INFO: [VRFC 10-3107] analyzing entity 'decode_pipe_flow_ff'
INFO: [VRFC 10-3107] analyzing entity 'Decode_ff'
INFO: [VRFC 10-3107] analyzing entity 'address_hit'
INFO: [VRFC 10-3107] analyzing entity 'address_data_hit'
INFO: [VRFC 10-3107] analyzing entity 'Debug'
INFO: [VRFC 10-3107] analyzing entity 'Debug_Profile'
INFO: [VRFC 10-3107] analyzing entity 'debug_stat_counter'
INFO: [VRFC 10-3107] analyzing entity 'Debug_Stat'
INFO: [VRFC 10-3107] analyzing entity 'Debug_Trace'
INFO: [VRFC 10-3107] analyzing entity 'DAXI_interface'
INFO: [VRFC 10-3107] analyzing entity 'DAXI_interface_ff'
INFO: [VRFC 10-3107] analyzing entity 'IAXI_Interface'
INFO: [VRFC 10-3107] analyzing entity 'IAXI_Interface_ff'
INFO: [VRFC 10-3107] analyzing entity 'DLMB_Interface_ff'
INFO: [VRFC 10-3107] analyzing entity 'ILMB_Interface_ff'
INFO: [VRFC 10-3107] analyzing entity 'RAM_Module'
INFO: [VRFC 10-3107] analyzing entity 'LRU_Module'
INFO: [VRFC 10-3107] analyzing entity 'victim_cache'
INFO: [VRFC 10-3107] analyzing entity 'victim_cache_ff'
INFO: [VRFC 10-3107] analyzing entity 'stream_cache'
INFO: [VRFC 10-3107] analyzing entity 'stream_cache_ff'
INFO: [VRFC 10-3107] analyzing entity 'Cache_Interface'
INFO: [VRFC 10-3107] analyzing entity 'Cache_Interface_ff'
INFO: [VRFC 10-3107] analyzing entity 'Icache'
INFO: [VRFC 10-3107] analyzing entity 'DCache'
INFO: [VRFC 10-3107] analyzing entity 'DCache_gti'
INFO: [VRFC 10-3107] analyzing entity 'carry_hit'
INFO: [VRFC 10-3107] analyzing entity 'Cache_ff'
INFO: [VRFC 10-3107] analyzing entity 'cache_valid_bit_detect'
INFO: [VRFC 10-3107] analyzing entity 'cachehit_detect'
INFO: [VRFC 10-3107] analyzing entity 'DCache_wb'
INFO: [VRFC 10-3107] analyzing entity 'instr_mux'
INFO: [VRFC 10-3107] analyzing entity 'Instr_Mux_ff'
INFO: [VRFC 10-3107] analyzing entity 'read_data_mux'
INFO: [VRFC 10-3107] analyzing entity 'Read_Data_Mux_ff'
INFO: [VRFC 10-3107] analyzing entity 'ISide_Logic_ff'
INFO: [VRFC 10-3107] analyzing entity 'DSide_Logic_ff'
INFO: [VRFC 10-3107] analyzing entity 'interrupt_mode_converter'
INFO: [VRFC 10-3107] analyzing entity 'MMU_TLB'
INFO: [VRFC 10-3107] analyzing entity 'MMU_UTLB_RAM'
INFO: [VRFC 10-3107] analyzing entity 'MMU_UTLB'
INFO: [VRFC 10-3107] analyzing entity 'MMU'
INFO: [VRFC 10-3107] analyzing entity 'MMU_ff'
INFO: [VRFC 10-3107] analyzing entity 'MicroBlaze_Area'
INFO: [VRFC 10-3107] analyzing entity 'MicroBlaze_GTi'
INFO: [VRFC 10-3107] analyzing entity 'MicroBlaze_FF'
INFO: [VRFC 10-3107] analyzing entity 'MicroBlaze_Core'
INFO: [VRFC 10-3107] analyzing entity 'MicroBlaze'
INFO: [VRFC 10-163] Analyzing VHDL file "C:/Users/Ryan/Desktop/Nexys-Video-HW/Nexys-Video-HW.ip_user_files/bd/design_1/ip/design_1_microblaze_0_0/sim/design_1_microblaze_0_0.vhd" into library xil_defaultlib
INFO: [VRFC 10-3107] analyzing entity 'design_1_microblaze_0_0'
