Vivado Simulator v2025.1.0
Copyright 1986-2022 Xilinx, Inc. All Rights Reserved.
Copyright 2022-2025 Advanced Micro Devices, Inc. All Rights Reserved.
Running: C:/Xilinx/2025.1/Vivado/bin/unwrapped/win64.o/xelab.exe --incr --debug typical --relax --mt 2 -L xil_defaultlib -L axi_lite_ipif_v3_0_4 -L axi_intc_v4_1_17 -L lmb_v10_v3_0_12 -L lmb_bram_if_cntlr_v4_0_22 -L blk_mem_gen_v8_4_6 -L xlconcat_v2_1_4 -L lib_cdc_v1_0_2 -L proc_sys_reset_v5_0_13 -L lib_pkg_v1_0_2 -L fifo_generator_v13_2_8 -L lib_fifo_v1_0_17 -L lib_srl_fifo_v1_0_2 -L axi_datamover_v5_1_30 -L axi_sg_v4_1_16 -L axi_dma_v7_1_29 -L interrupt_control_v3_1_4 -L axi_gpio_v2_0_30 -L axi_iic_v2_1_4 -L generic_baseblocks_v2_1_0 -L axi_infrastructure_v1_1_0 -L axi_register_slice_v2_1_28 -L axi_data_fifo_v2_1_27 -L axi_crossbar_v2_1_29 -L axi_uartlite_v2_0_32 -L mdm_v3_2_24 -L microblaze_v11_0_11 -L unisims_ver -L unimacro_ver -L secureip -L xpm --snapshot design_1_wrapper_behav xil_defaultlib.design_1_wrapper xil_defaultlib.glbl -log elaborate.log 
Using 2 slave threads.
Starting static elaboration
Pass Through NonSizing Optimizer
WARNING: [VRFC 10-3091] actual bit length 3 differs from formal bit length 4 for port 's_axi_arready' [C:/Users/Ryan/Desktop/Nexys-Video-HW/Nexys-Video-HW.ip_user_files/bd/design_1/sim/design_1.v:2280]
WARNING: [VRFC 10-3091] actual bit length 4 differs from formal bit length 8 for port 's_axi_bid' [C:/Users/Ryan/Desktop/Nexys-Video-HW/Nexys-Video-HW.ip_user_files/bd/design_1/sim/design_1.v:2294]
WARNING: [VRFC 10-3091] actual bit length 96 differs from formal bit length 128 for port 's_axi_rdata' [C:/Users/Ryan/Desktop/Nexys-Video-HW/Nexys-Video-HW.ip_user_files/bd/design_1/sim/design_1.v:2298]
WARNING: [VRFC 10-3091] actual bit length 4 differs from formal bit length 8 for port 's_axi_rid' [C:/Users/Ryan/Desktop/Nexys-Video-HW/Nexys-Video-HW.ip_user_files/bd/design_1/sim/design_1.v:2299]
WARNING: [VRFC 10-3091] actual bit length 3 differs from formal bit length 4 for port 's_axi_rlast' [C:/Users/Ryan/Desktop/Nexys-Video-HW/Nexys-Video-HW.ip_user_files/bd/design_1/sim/design_1.v:2300]
WARNING: [VRFC 10-3091] actual bit length 6 differs from formal bit length 8 for port 's_axi_rresp' [C:/Users/Ryan/Desktop/Nexys-Video-HW/Nexys-Video-HW.ip_user_files/bd/design_1/sim/design_1.v:2302]
WARNING: [VRFC 10-3091] actual bit length 3 differs from formal bit length 4 for port 's_axi_rvalid' [C:/Users/Ryan/Desktop/Nexys-Video-HW/Nexys-Video-HW.ip_user_files/bd/design_1/sim/design_1.v:2303]
WARNING: [VRFC 10-3091] actual bit length 12 differs from formal bit length 18 for port 'm_axi_arprot' [C:/Users/Ryan/Desktop/Nexys-Video-HW/Nexys-Video-HW.ip_user_files/bd/design_1/sim/design_1.v:3274]
WARNING: [VRFC 10-3091] actual bit length 12 differs from formal bit length 18 for port 'm_axi_awprot' [C:/Users/Ryan/Desktop/Nexys-Video-HW/Nexys-Video-HW.ip_user_files/bd/design_1/sim/design_1.v:3278]
WARNING: [VRFC 10-3091] actual bit length 12 differs from formal bit length 4 for port 'pi_dqs_found_lanes' [C:/Users/Ryan/Desktop/Nexys-Video-HW/Nexys-Video-HW.ip_user_files/bd/design_1/ip/design_1_mig_7series_0_0/design_1_mig_7series_0_0/user_design/rtl/phy/mig_7series_v4_2_ddr_mc_phy_wrapper.v:1671]
WARNING: [VRFC 10-3091] actual bit length 12 differs from formal bit length 4 for port 'pi_phase_locked_lanes' [C:/Users/Ryan/Desktop/Nexys-Video-HW/Nexys-Video-HW.ip_user_files/bd/design_1/ip/design_1_mig_7series_0_0/design_1_mig_7series_0_0/user_design/rtl/phy/mig_7series_v4_2_ddr_mc_phy_wrapper.v:1679]
WARNING: [VRFC 10-3091] actual bit length 12 differs from formal bit length 4 for port 'pi_dqs_found_lanes' [C:/Users/Ryan/Desktop/Nexys-Video-HW/Nexys-Video-HW.ip_user_files/bd/design_1/ip/design_1_mig_7series_0_0/design_1_mig_7series_0_0/user_design/rtl/phy/mig_7series_v4_2_ddr_phy_top.v:1340]
WARNING: [VRFC 10-5021] port 'mm2s_prmry_reset_out_n' is not connected on this instance [C:/Users/Ryan/Desktop/Nexys-Video-HW/Nexys-Video-HW.ip_user_files/bd/design_1/sim/design_1.v:452]
WARNING: [VRFC 10-5021] port 'gpo' is not connected on this instance [C:/Users/Ryan/Desktop/Nexys-Video-HW/Nexys-Video-HW.ip_user_files/bd/design_1/sim/design_1.v:536]
WARNING: [VRFC 10-5021] port 'interrupt' is not connected on this instance [C:/Users/Ryan/Desktop/Nexys-Video-HW/Nexys-Video-HW.ip_user_files/bd/design_1/sim/design_1.v:716]
WARNING: [VRFC 10-5021] port 'peripheral_reset' is not connected on this instance [C:/Users/Ryan/Desktop/Nexys-Video-HW/Nexys-Video-HW.ip_user_files/bd/design_1/sim/design_1.v:1173]
WARNING: [VRFC 10-5021] port 'mb_reset' is not connected on this instance [C:/Users/Ryan/Desktop/Nexys-Video-HW/Nexys-Video-HW.ip_user_files/bd/design_1/sim/design_1.v:1183]
WARNING: [VRFC 10-5021] port 'aclk2x' is not connected on this instance [C:/Users/Ryan/Desktop/Nexys-Video-HW/Nexys-Video-HW.gen/sources_1/bd/design_1/ipshared/f8f3/hdl/axi_crossbar_v2_1_vl_rfs.v:3103]
WARNING: [VRFC 10-5021] port 'lmb_rst' is not connected on this instance [C:/Users/Ryan/Desktop/Nexys-Video-HW/Nexys-Video-HW.ip_user_files/bd/design_1/sim/design_1.v:4530]
WARNING: [VRFC 10-5021] port 'lmb_rst' is not connected on this instance [C:/Users/Ryan/Desktop/Nexys-Video-HW/Nexys-Video-HW.ip_user_files/bd/design_1/sim/design_1.v:4576]
WARNING: [VRFC 10-5021] port 'complex_oclk_prech_req' is not connected on this instance [C:/Users/Ryan/Desktop/Nexys-Video-HW/Nexys-Video-HW.ip_user_files/bd/design_1/ip/design_1_mig_7series_0_0/design_1_mig_7series_0_0/user_design/rtl/phy/mig_7series_v4_2_ddr_calib_top.v:1318]
Completed static elaboration
Starting simulation data flow analysis
Completed simulation data flow analysis
Time Resolution for simulation is 1fs
Compiling package std.standard
Compiling package std.textio
Compiling package ieee.std_logic_1164
Compiling package ieee.numeric_std
Compiling package synopsys.attributes
Compiling package ieee.std_logic_misc
Compiling package unisim.vcomponents
Compiling package ieee.std_logic_arith
Compiling package ieee.std_logic_unsigned
Compiling package lib_pkg_v1_0_2.lib_pkg
Compiling package axi_dma_v7_1_29.axi_dma_pkg
Compiling package ieee.vital_timing
Compiling package ieee.vital_primitives
Compiling package unisim.vpkg
Compiling package xpm.vcomponents
Compiling package axi_lite_ipif_v3_0_4.ipif_pkg
Compiling package axi_iic_v2_1_4.iic_pkg
Compiling package ieee.std_logic_signed
Compiling package mdm_v3_2_24.mdm_funcs
Compiling package microblaze_v11_0_11.microblaze_types
Compiling package microblaze_v11_0_11.microblaze_isa
Compiling package ieee.std_logic_textio
Compiling package microblaze_v11_0_11.mmu_types
Compiling package ieee.math_real
Compiling package lmb_bram_if_cntlr_v4_0_22.lmb_bram_if_funcs
Compiling architecture implementation of entity axi_dma_v7_1_29.axi_dma_smple_sm [\axi_dma_smple_sm(c_sg_length_wi...]
Compiling architecture implementation of entity axi_dma_v7_1_29.axi_dma_mm2s_cmdsts_if [\axi_dma_mm2s_cmdsts_if(c_extra=...]
Compiling architecture implementation of entity axi_dma_v7_1_29.axi_dma_mm2s_sts_mngr [axi_dma_mm2s_sts_mngr_default]
Compiling architecture implementation of entity axi_dma_v7_1_29.axi_dma_mm2s_mngr [\axi_dma_mm2s_mngr(c_prmy_cmdfif...]
Compiling architecture implementation of entity axi_dma_v7_1_29.axi_dma_sofeof_gen [axi_dma_sofeof_gen_default]
Compiling architecture implementation of entity axi_dma_v7_1_29.axi_dma_s2mm_cmdsts_if [\axi_dma_s2mm_cmdsts_if(c_dm_sta...]
Compiling architecture implementation of entity axi_dma_v7_1_29.axi_dma_s2mm_sts_mngr [axi_dma_s2mm_sts_mngr_default]
Compiling architecture implementation of entity axi_dma_v7_1_29.axi_dma_s2mm_mngr [\axi_dma_s2mm_mngr(c_prmy_cmdfif...]
Compiling architecture implementation of entity axi_dma_v7_1_29.axi_dma_reset [\axi_dma_reset(c_include_sg=0,c_...]
Compiling architecture fdre_v of entity unisim.FDRE [fdre_default]
Compiling architecture fdr_v of entity unisim.FDR [fdr_default]
Compiling architecture implementation of entity lib_cdc_v1_0_2.cdc_sync [\cdc_sync(c_mtbf_stages=4)\]
Compiling architecture implementation of entity axi_dma_v7_1_29.axi_dma_rst_module [\axi_dma_rst_module(c_include_sg...]
Compiling architecture implementation of entity axi_dma_v7_1_29.axi_dma_lite_if [\axi_dma_lite_if(c_num_ce=23,c_s...]
Compiling architecture implementation of entity axi_dma_v7_1_29.axi_dma_register [\axi_dma_register(c_num_register...]
Compiling architecture implementation of entity axi_dma_v7_1_29.axi_dma_register_s2mm [\axi_dma_register_s2mm(c_num_reg...]
Compiling architecture implementation of entity axi_dma_v7_1_29.axi_dma_reg_module [\axi_dma_reg_module(c_include_sg...]
Compiling architecture behavioral of entity lib_srl_fifo_v1_0_2.dynshreg_f [\dynshreg_f(c_depth=4,c_dwidth=8...]
Compiling architecture imp of entity lib_srl_fifo_v1_0_2.srl_fifo_rbu_f [\srl_fifo_rbu_f(c_dwidth=8,c_dep...]
Compiling architecture imp of entity lib_srl_fifo_v1_0_2.srl_fifo_f [\srl_fifo_f(c_dwidth=8,c_depth=4...]
Compiling architecture imp of entity axi_datamover_v5_1_30.axi_datamover_fifo [\axi_datamover_fifo(c_dwidth=8,c...]
Compiling module xpm.xpm_fifo_rst_default
Compiling module xpm.xpm_fifo_reg_bit
Compiling module xpm.xpm_counter_updn(COUNTER_WIDTH=1...
Compiling module xpm.xpm_counter_updn(COUNTER_WIDTH=1...
Compiling module xpm.xpm_counter_updn(COUNTER_WIDTH=1...
Compiling module xpm.xpm_counter_updn(COUNTER_WIDTH=1...
Compiling module xpm.xpm_memory_base(MEMORY_TYPE=1,ME...
Compiling module xpm.xpm_counter_updn(COUNTER_WIDTH=2...
Compiling module xpm.xpm_fifo_base(FIFO_MEMORY_TYPE=2...
Compiling module xpm.xpm_fifo_sync(FIFO_MEMORY_TYPE="...
Compiling architecture implementation of entity lib_fifo_v1_0_17.sync_fifo_fg [\sync_fifo_fg(c_family="artix7",...]
Compiling architecture imp of entity axi_datamover_v5_1_30.axi_datamover_sfifo_autord [\axi_datamover_sfifo_autord(c_dw...]
Compiling architecture implementation of entity axi_datamover_v5_1_30.axi_datamover_rd_sf [\axi_datamover_rd_sf(c_sf_fifo_d...]
Compiling architecture implementation of entity axi_datamover_v5_1_30.axi_datamover_skid_buf [axi_datamover_skid_buf_default]
Compiling architecture implementation of entity axi_datamover_v5_1_30.axi_datamover_reset [axi_datamover_reset_default]
Compiling architecture imp of entity axi_datamover_v5_1_30.axi_datamover_fifo [\axi_datamover_fifo(c_dwidth=8,c...]
Compiling architecture imp of entity axi_datamover_v5_1_30.axi_datamover_fifo [\axi_datamover_fifo(c_dwidth=71,...]
Compiling architecture implementation of entity axi_datamover_v5_1_30.axi_datamover_cmd_status [\axi_datamover_cmd_status(c_stsc...]
Compiling architecture implementation of entity axi_datamover_v5_1_30.axi_datamover_rd_status_cntl [axi_datamover_rd_status_cntl_def...]
Compiling architecture implementation of entity axi_datamover_v5_1_30.axi_datamover_strb_gen2 [\axi_datamover_strb_gen2(c_strb_...]
Compiling architecture implementation of entity axi_datamover_v5_1_30.axi_datamover_strb_gen2 [\axi_datamover_strb_gen2(c_op_mo...]
Compiling architecture implementation of entity axi_datamover_v5_1_30.axi_datamover_pcc [\axi_datamover_pcc(c_is_mm2s=1,c...]
Compiling architecture imp of entity lib_srl_fifo_v1_0_2.cntr_incr_decr_addn_f [\cntr_incr_decr_addn_f(c_size=3,...]
Compiling architecture behavioral of entity lib_srl_fifo_v1_0_2.dynshreg_f [\dynshreg_f(c_depth=4,c_dwidth=5...]
Compiling architecture imp of entity lib_srl_fifo_v1_0_2.srl_fifo_rbu_f [\srl_fifo_rbu_f(c_dwidth=59,c_de...]
Compiling architecture imp of entity lib_srl_fifo_v1_0_2.srl_fifo_f [\srl_fifo_f(c_dwidth=59,c_depth=...]
Compiling architecture imp of entity axi_datamover_v5_1_30.axi_datamover_fifo [\axi_datamover_fifo(c_dwidth=59,...]
Compiling architecture implementation of entity axi_datamover_v5_1_30.axi_datamover_addr_cntl [\axi_datamover_addr_cntl(c_famil...]
Compiling architecture behavioral of entity lib_srl_fifo_v1_0_2.dynshreg_f [\dynshreg_f(c_depth=4,c_dwidth=2...]
Compiling architecture imp of entity lib_srl_fifo_v1_0_2.srl_fifo_rbu_f [\srl_fifo_rbu_f(c_dwidth=29,c_de...]
Compiling architecture imp of entity lib_srl_fifo_v1_0_2.srl_fifo_f [\srl_fifo_f(c_dwidth=29,c_depth=...]
Compiling architecture imp of entity axi_datamover_v5_1_30.axi_datamover_fifo [\axi_datamover_fifo(c_dwidth=29,...]
Compiling architecture implementation of entity axi_datamover_v5_1_30.axi_datamover_rdmux [\axi_datamover_rdmux(c_sel_addr_...]
Compiling architecture implementation of entity axi_datamover_v5_1_30.axi_datamover_rddata_cntl [\axi_datamover_rddata_cntl(c_ali...]
Compiling architecture implementation of entity axi_datamover_v5_1_30.axi_datamover_mm2s_full_wrap [\axi_datamover_mm2s_full_wrap(c_...]
Compiling architecture implementation of entity axi_datamover_v5_1_30.axi_datamover_ibttcc [\axi_datamover_ibttcc(c_sf_xfer_...]
Compiling architecture implementation of entity axi_datamover_v5_1_30.axi_datamover_ms_strb_set [\axi_datamover_ms_strb_set(c_str...]
Compiling architecture implementation of entity axi_datamover_v5_1_30.axi_datamover_mssai_skid_buf [axi_datamover_mssai_skid_buf_def...]
Compiling architecture working of entity axi_datamover_v5_1_30.axi_datamover_slice [\axi_datamover_slice(c_data_widt...]
Compiling architecture imp of entity lib_srl_fifo_v1_0_2.cntr_incr_decr_addn_f [\cntr_incr_decr_addn_f(c_size=5,...]
Compiling architecture behavioral of entity lib_srl_fifo_v1_0_2.dynshreg_f [\dynshreg_f(c_depth=16,c_dwidth=...]
Compiling architecture imp of entity lib_srl_fifo_v1_0_2.srl_fifo_rbu_f [\srl_fifo_rbu_f(c_dwidth=9,c_fam...]
Compiling architecture imp of entity lib_srl_fifo_v1_0_2.srl_fifo_f [\srl_fifo_f(c_dwidth=9,c_family=...]
Compiling architecture imp of entity axi_datamover_v5_1_30.axi_datamover_fifo [\axi_datamover_fifo(c_dwidth=9,c...]
Compiling architecture implementation of entity axi_datamover_v5_1_30.axi_datamover_s2mm_scatter [\axi_datamover_s2mm_scatter(c_en...]
Compiling architecture behavioral of entity lib_srl_fifo_v1_0_2.dynshreg_f [\dynshreg_f(c_depth=4,c_dwidth=3...]
Compiling architecture imp of entity lib_srl_fifo_v1_0_2.srl_fifo_rbu_f [\srl_fifo_rbu_f(c_dwidth=34,c_de...]
Compiling architecture imp of entity lib_srl_fifo_v1_0_2.srl_fifo_f [\srl_fifo_f(c_dwidth=34,c_depth=...]
Compiling architecture imp of entity axi_datamover_v5_1_30.axi_datamover_fifo [\axi_datamover_fifo(c_dwidth=34,...]
Compiling architecture implementation of entity axi_datamover_v5_1_30.axi_datamover_s2mm_realign [\axi_datamover_s2mm_realign(c_en...]
Compiling architecture implementation of entity axi_datamover_v5_1_30.axi_datamover_stbs_set_nodre [\axi_datamover_stbs_set_nodre(c_...]
Compiling architecture implementation of entity axi_datamover_v5_1_30.axi_datamover_skid_buf [\axi_datamover_skid_buf(c_wdata_...]
Compiling module xpm.xpm_fifo_rst_default_1
Compiling module xpm.xpm_counter_updn(COUNTER_WIDTH=5...
Compiling module xpm.xpm_counter_updn(RESET_VALUE=1)
Compiling module xpm.xpm_counter_updn(RESET_VALUE=2)
Compiling module xpm.xpm_counter_updn(RESET_VALUE=3)
Compiling module xpm.xpm_memory_base(MEMORY_TYPE=1,ME...
Compiling module xpm.xpm_fifo_base(FIFO_WRITE_DEPTH=1...
Compiling module xpm.xpm_fifo_sync(FIFO_MEMORY_TYPE="...
Compiling architecture implementation of entity lib_fifo_v1_0_17.sync_fifo_fg [\sync_fifo_fg(c_family="artix7",...]
Compiling architecture imp of entity axi_datamover_v5_1_30.axi_datamover_sfifo_autord [\axi_datamover_sfifo_autord(c_dw...]
Compiling module xpm.xpm_fifo_rst_default_2
Compiling module xpm.xpm_memory_base(MEMORY_TYPE=1,ME...
Compiling module xpm.xpm_fifo_base(FIFO_MEMORY_TYPE=2...
Compiling module xpm.xpm_fifo_sync(FIFO_MEMORY_TYPE="...
Compiling architecture implementation of entity lib_fifo_v1_0_17.sync_fifo_fg [\sync_fifo_fg(c_family="artix7",...]
Compiling architecture imp of entity axi_datamover_v5_1_30.axi_datamover_sfifo_autord [\axi_datamover_sfifo_autord(c_dw...]
Compiling architecture implementation of entity axi_datamover_v5_1_30.axi_datamover_indet_btt [\axi_datamover_indet_btt(c_sf_fi...]
Compiling architecture imp of entity axi_datamover_v5_1_30.axi_datamover_fifo [\axi_datamover_fifo(c_dwidth=35,...]
Compiling architecture implementation of entity axi_datamover_v5_1_30.axi_datamover_cmd_status [\axi_datamover_cmd_status(c_stsc...]
Compiling architecture behavioral of entity lib_srl_fifo_v1_0_2.dynshreg_f [\dynshreg_f(c_depth=6,c_dwidth=3...]
Compiling architecture imp of entity lib_srl_fifo_v1_0_2.srl_fifo_rbu_f [\srl_fifo_rbu_f(c_dwidth=30,c_de...]
Compiling architecture imp of entity lib_srl_fifo_v1_0_2.srl_fifo_f [\srl_fifo_f(c_dwidth=30,c_depth=...]
Compiling architecture imp of entity axi_datamover_v5_1_30.axi_datamover_fifo [\axi_datamover_fifo(c_dwidth=30,...]
Compiling architecture imp of entity lib_srl_fifo_v1_0_2.cntr_incr_decr_addn_f [\cntr_incr_decr_addn_f(c_size=4,...]
Compiling architecture behavioral of entity lib_srl_fifo_v1_0_2.dynshreg_f [\dynshreg_f(c_depth=6,c_dwidth=2...]
Compiling architecture imp of entity lib_srl_fifo_v1_0_2.srl_fifo_rbu_f [\srl_fifo_rbu_f(c_dwidth=2,c_dep...]
Compiling architecture imp of entity lib_srl_fifo_v1_0_2.srl_fifo_f [\srl_fifo_f(c_dwidth=2,c_depth=6...]
Compiling architecture imp of entity axi_datamover_v5_1_30.axi_datamover_fifo [\axi_datamover_fifo(c_dwidth=2,c...]
Compiling architecture implementation of entity axi_datamover_v5_1_30.axi_datamover_wr_status_cntl [\axi_datamover_wr_status_cntl(c_...]
Compiling architecture implementation of entity axi_datamover_v5_1_30.axi_datamover_addr_cntl [\axi_datamover_addr_cntl(c_addr_...]
Compiling architecture behavioral of entity lib_srl_fifo_v1_0_2.dynshreg_f [\dynshreg_f(c_depth=4,c_dwidth=2...]
Compiling architecture imp of entity lib_srl_fifo_v1_0_2.srl_fifo_rbu_f [\srl_fifo_rbu_f(c_dwidth=27,c_de...]
Compiling architecture imp of entity lib_srl_fifo_v1_0_2.srl_fifo_f [\srl_fifo_f(c_dwidth=27,c_depth=...]
Compiling architecture imp of entity axi_datamover_v5_1_30.axi_datamover_fifo [\axi_datamover_fifo(c_dwidth=27,...]
Compiling architecture implementation of entity axi_datamover_v5_1_30.axi_datamover_wrdata_cntl [\axi_datamover_wrdata_cntl(c_rea...]
Compiling architecture implementation of entity axi_datamover_v5_1_30.axi_datamover_wr_demux [\axi_datamover_wr_demux(c_sel_ad...]
Compiling architecture implementation of entity axi_datamover_v5_1_30.axi_datamover_skid2mm_buf [\axi_datamover_skid2mm_buf(c_add...]
Compiling architecture implementation of entity axi_datamover_v5_1_30.axi_datamover_s2mm_full_wrap [\axi_datamover_s2mm_full_wrap(c_...]
Compiling architecture implementation of entity axi_datamover_v5_1_30.axi_datamover [\axi_datamover(c_include_mm2s=1,...]
Compiling architecture implementation of entity axi_dma_v7_1_29.axi_dma [\axi_dma(c_include_sg=0,c_sg_inc...]
Compiling architecture design_1_axi_dma_0_0_arch of entity xil_defaultlib.design_1_axi_dma_0_0 [design_1_axi_dma_0_0_default]
Compiling architecture implementation of entity interrupt_control_v3_1_4.interrupt_control [\interrupt_control(c_num_ce=16,c...]
Compiling architecture imp of entity axi_lite_ipif_v3_0_4.pselect_f [\pselect_f(c_ab=5,c_aw=9,c_bar="...]
Compiling architecture imp of entity axi_lite_ipif_v3_0_4.pselect_f [\pselect_f(c_ab=2,c_aw=2,c_bar="...]
Compiling architecture imp of entity axi_lite_ipif_v3_0_4.pselect_f [\pselect_f(c_ab=2,c_aw=2,c_bar="...]
Compiling architecture imp of entity axi_lite_ipif_v3_0_4.pselect_f [\pselect_f(c_ab=2,c_aw=2,c_bar="...]
Compiling architecture imp of entity axi_lite_ipif_v3_0_4.pselect_f [\pselect_f(c_ab=2,c_aw=2,c_bar="...]
Compiling architecture imp of entity axi_lite_ipif_v3_0_4.pselect_f [\pselect_f(c_ab=1,c_aw=9,c_bar="...]
Compiling architecture imp of entity axi_lite_ipif_v3_0_4.pselect_f [\pselect_f(c_ab=4,c_aw=4,c_bar="...]
Compiling architecture imp of entity axi_lite_ipif_v3_0_4.pselect_f [\pselect_f(c_ab=4,c_aw=4,c_bar="...]
Compiling architecture imp of entity axi_lite_ipif_v3_0_4.pselect_f [\pselect_f(c_ab=4,c_aw=4,c_bar="...]
Compiling architecture imp of entity axi_lite_ipif_v3_0_4.pselect_f [\pselect_f(c_ab=4,c_aw=4,c_bar="...]
Compiling architecture imp of entity axi_lite_ipif_v3_0_4.pselect_f [\pselect_f(c_ab=4,c_aw=4,c_bar="...]
Compiling architecture imp of entity axi_lite_ipif_v3_0_4.pselect_f [\pselect_f(c_ab=4,c_aw=4,c_bar="...]
Compiling architecture imp of entity axi_lite_ipif_v3_0_4.pselect_f [\pselect_f(c_ab=4,c_aw=4,c_bar="...]
Compiling architecture imp of entity axi_lite_ipif_v3_0_4.pselect_f [\pselect_f(c_ab=4,c_aw=4,c_bar="...]
Compiling architecture imp of entity axi_lite_ipif_v3_0_4.pselect_f [\pselect_f(c_ab=4,c_aw=4,c_bar="...]
Compiling architecture imp of entity axi_lite_ipif_v3_0_4.pselect_f [\pselect_f(c_ab=4,c_aw=4,c_bar="...]
Compiling architecture imp of entity axi_lite_ipif_v3_0_4.pselect_f [\pselect_f(c_ab=4,c_aw=4,c_bar="...]
Compiling architecture imp of entity axi_lite_ipif_v3_0_4.pselect_f [\pselect_f(c_ab=4,c_aw=4,c_bar="...]
Compiling architecture imp of entity axi_lite_ipif_v3_0_4.pselect_f [\pselect_f(c_ab=4,c_aw=4,c_bar="...]
Compiling architecture imp of entity axi_lite_ipif_v3_0_4.pselect_f [\pselect_f(c_ab=4,c_aw=4,c_bar="...]
Compiling architecture imp of entity axi_lite_ipif_v3_0_4.pselect_f [\pselect_f(c_ab=4,c_aw=4,c_bar="...]
Compiling architecture imp of entity axi_lite_ipif_v3_0_4.pselect_f [\pselect_f(c_ab=4,c_aw=4,c_bar="...]
Compiling architecture imp of entity axi_lite_ipif_v3_0_4.address_decoder [\address_decoder(c_bus_awidth=9,...]
Compiling architecture imp of entity axi_lite_ipif_v3_0_4.slave_attachment [\slave_attachment(c_ard_addr_ran...]
Compiling architecture imp of entity axi_lite_ipif_v3_0_4.axi_lite_ipif [\axi_lite_ipif(c_s_axi_addr_widt...]
Compiling architecture implementation of entity lib_cdc_v1_0_2.cdc_sync [\cdc_sync(c_single_bit=0,c_vecto...]
Compiling architecture imp of entity axi_gpio_v2_0_30.GPIO_Core [\GPIO_Core(c_aw=9,c_gpio_width=5...]
Compiling architecture imp of entity axi_gpio_v2_0_30.axi_gpio [\axi_gpio(c_family="artix7",c_gp...]
Compiling architecture design_1_axi_gpio_0_0_arch of entity xil_defaultlib.design_1_axi_gpio_0_0 [design_1_axi_gpio_0_0_default]
Compiling architecture imp of entity axi_lite_ipif_v3_0_4.pselect_f [\pselect_f(c_ab=3,c_aw=9,c_bar="...]
Compiling architecture imp of entity axi_lite_ipif_v3_0_4.pselect_f [\pselect_f(c_ab=7,c_aw=9,c_bar="...]
Compiling architecture imp of entity axi_lite_ipif_v3_0_4.pselect_f [\pselect_f(c_ab=5,c_aw=5,c_bar="...]
Compiling architecture imp of entity axi_lite_ipif_v3_0_4.pselect_f [\pselect_f(c_ab=5,c_aw=5,c_bar="...]
Compiling architecture imp of entity axi_lite_ipif_v3_0_4.pselect_f [\pselect_f(c_ab=5,c_aw=5,c_bar="...]
Compiling architecture imp of entity axi_lite_ipif_v3_0_4.pselect_f [\pselect_f(c_ab=5,c_aw=5,c_bar="...]
Compiling architecture imp of entity axi_lite_ipif_v3_0_4.pselect_f [\pselect_f(c_ab=5,c_aw=5,c_bar="...]
Compiling architecture imp of entity axi_lite_ipif_v3_0_4.pselect_f [\pselect_f(c_ab=5,c_aw=5,c_bar="...]
Compiling architecture imp of entity axi_lite_ipif_v3_0_4.pselect_f [\pselect_f(c_ab=5,c_aw=5,c_bar="...]
Compiling architecture imp of entity axi_lite_ipif_v3_0_4.pselect_f [\pselect_f(c_ab=5,c_aw=5,c_bar="...]
Compiling architecture imp of entity axi_lite_ipif_v3_0_4.pselect_f [\pselect_f(c_ab=5,c_aw=5,c_bar="...]
Compiling architecture imp of entity axi_lite_ipif_v3_0_4.pselect_f [\pselect_f(c_ab=5,c_aw=5,c_bar="...]
Compiling architecture imp of entity axi_lite_ipif_v3_0_4.pselect_f [\pselect_f(c_ab=5,c_aw=5,c_bar="...]
Compiling architecture imp of entity axi_lite_ipif_v3_0_4.pselect_f [\pselect_f(c_ab=5,c_aw=5,c_bar="...]
Compiling architecture imp of entity axi_lite_ipif_v3_0_4.pselect_f [\pselect_f(c_ab=5,c_aw=5,c_bar="...]
Compiling architecture imp of entity axi_lite_ipif_v3_0_4.pselect_f [\pselect_f(c_ab=5,c_aw=5,c_bar="...]
Compiling architecture imp of entity axi_lite_ipif_v3_0_4.pselect_f [\pselect_f(c_ab=5,c_aw=5,c_bar="...]
Compiling architecture imp of entity axi_lite_ipif_v3_0_4.pselect_f [\pselect_f(c_ab=5,c_aw=5,c_bar="...]
Compiling architecture imp of entity axi_lite_ipif_v3_0_4.pselect_f [\pselect_f(c_ab=5,c_aw=5,c_bar="...]
Compiling architecture imp of entity axi_lite_ipif_v3_0_4.pselect_f [\pselect_f(c_ab=5,c_aw=5,c_bar="...]
Compiling architecture imp of entity axi_lite_ipif_v3_0_4.address_decoder [\address_decoder(c_bus_awidth=9,...]
Compiling architecture imp of entity axi_lite_ipif_v3_0_4.slave_attachment [\slave_attachment(c_ard_addr_ran...]
Compiling architecture imp of entity axi_lite_ipif_v3_0_4.axi_lite_ipif [\axi_lite_ipif(c_s_axi_addr_widt...]
Compiling architecture implementation of entity interrupt_control_v3_1_4.interrupt_control [\interrupt_control(c_num_ce=16,c...]
Compiling architecture lut4_v of entity unisim.LUT4 [\LUT4(init="1111111111001010")(0...]
Compiling architecture fdrse_v of entity unisim.FDRSE [fdrse_default]
Compiling architecture implementation of entity axi_iic_v2_1_4.soft_reset [soft_reset_default]
Compiling architecture rtl of entity axi_iic_v2_1_4.axi_ipif_ssp1 [\axi_ipif_ssp1(c_num_iic_regs=18...]
Compiling architecture rtl of entity axi_iic_v2_1_4.reg_interface [\reg_interface(c_scl_inertial_de...]
Compiling architecture rtl of entity axi_iic_v2_1_4.debounce [\debounce(c_inertial_delay=0)\]
Compiling architecture rtl of entity axi_iic_v2_1_4.filter [\filter(scl_inertial_delay=0,sda...]
Compiling architecture rtl of entity axi_iic_v2_1_4.upcnt_n [\upcnt_n(c_size=10)\]
Compiling architecture rtl of entity axi_iic_v2_1_4.shift8 [shift8_default]
Compiling architecture rtl of entity axi_iic_v2_1_4.upcnt_n [\upcnt_n(c_size=4)\]
Compiling architecture rtl of entity axi_iic_v2_1_4.iic_control [\iic_control(c_scl_inertial_dela...]
Compiling architecture muxcy_v of entity unisim.MUXCY [muxcy_default]
Compiling architecture muxcy_l_v of entity unisim.MUXCY_L [muxcy_l_default]
Compiling architecture xorcy_v of entity unisim.XORCY [xorcy_default]
Compiling architecture srl16e_v of entity unisim.SRL16E [\SRL16E(0,15)\]
Compiling architecture imp of entity axi_iic_v2_1_4.SRL_FIFO [\SRL_FIFO(c_depth=4)\]
Compiling architecture rtl of entity axi_iic_v2_1_4.dynamic_master [dynamic_master_default]
Compiling architecture imp of entity axi_iic_v2_1_4.SRL_FIFO [\SRL_FIFO(c_data_bits=2,c_depth=...]
Compiling architecture rtl of entity axi_iic_v2_1_4.iic [\iic(c_num_iic_regs=18,c_gpo_wid...]
Compiling architecture rtl of entity axi_iic_v2_1_4.axi_iic [\axi_iic(c_family="artix7",c_s_a...]
Compiling architecture design_1_axi_iic_0_0_arch of entity xil_defaultlib.design_1_axi_iic_0_0 [design_1_axi_iic_0_0_default]
Compiling module xil_defaultlib.m00_couplers_imp_1CA5Z32
Compiling module xil_defaultlib.s00_couplers_imp_O7FAN0
Compiling module xil_defaultlib.s01_couplers_imp_1F69D31
Compiling module xil_defaultlib.s02_couplers_imp_N071UN
Compiling module xil_defaultlib.s03_couplers_imp_1GN6L8E
Compiling module generic_baseblocks_v2_1_0.generic_baseblocks_v2_1_0_carry_...
Compiling module generic_baseblocks_v2_1_0.generic_baseblocks_v2_1_0_compar...
Compiling module axi_crossbar_v2_1_29.axi_crossbar_v2_1_29_addr_decode...
Compiling module generic_baseblocks_v2_1_0.generic_baseblocks_v2_1_0_mux_en...
Compiling module unisims_ver.SRLC32E_default
Compiling module axi_data_fifo_v2_1_27.axi_data_fifo_v2_1_27_ndeep_srl(...
Compiling module axi_data_fifo_v2_1_27.axi_data_fifo_v2_1_27_axic_srl_f...
Compiling module axi_crossbar_v2_1_29.axi_crossbar_v2_1_29_si_transact...
Compiling module generic_baseblocks_v2_1_0.generic_baseblocks_v2_1_0_mux_en...
Compiling module axi_data_fifo_v2_1_27.axi_data_fifo_v2_1_27_ndeep_srl(...
Compiling module axi_data_fifo_v2_1_27.axi_data_fifo_v2_1_27_axic_srl_f...
Compiling module axi_crossbar_v2_1_29.axi_crossbar_v2_1_29_si_transact...
Compiling module axi_crossbar_v2_1_29.axi_crossbar_v2_1_29_splitter
Compiling module axi_data_fifo_v2_1_27.axi_data_fifo_v2_1_27_ndeep_srl(...
Compiling module axi_data_fifo_v2_1_27.axi_data_fifo_v2_1_27_axic_reg_s...
Compiling module axi_crossbar_v2_1_29.axi_crossbar_v2_1_29_wdata_route...
Compiling module axi_crossbar_v2_1_29.axi_crossbar_v2_1_29_si_transact...
Compiling module axi_crossbar_v2_1_29.axi_crossbar_v2_1_29_si_transact...
Compiling module axi_crossbar_v2_1_29.axi_crossbar_v2_1_29_si_transact...
Compiling module axi_crossbar_v2_1_29.axi_crossbar_v2_1_29_addr_decode...
Compiling module axi_crossbar_v2_1_29.axi_crossbar_v2_1_29_addr_decode...
Compiling module axi_data_fifo_v2_1_27.axi_data_fifo_v2_1_27_axic_reg_s...
Compiling module generic_baseblocks_v2_1_0.generic_baseblocks_v2_1_0_mux_en...
Compiling module axi_crossbar_v2_1_29.axi_crossbar_v2_1_29_wdata_mux(C...
Compiling module axi_data_fifo_v2_1_27.axi_data_fifo_v2_1_27_axic_srl_f...
Compiling module axi_infrastructure_v1_1_0.axi_infrastructure_v1_1_0_axi2ve...
Compiling module axi_infrastructure_v1_1_0.axi_infrastructure_v1_1_0_vector...
Compiling module axi_register_slice_v2_1_28.axi_register_slice_v2_1_28_axic_...
Compiling module axi_register_slice_v2_1_28.axi_register_slice_v2_1_28_axic_...
Compiling module axi_register_slice_v2_1_28.axi_register_slice_v2_1_28_axic_...
Compiling module axi_register_slice_v2_1_28.axi_register_slice_v2_1_28_axic_...
Compiling module axi_register_slice_v2_1_28.axi_register_slice_v2_1_28_axi_r...
Compiling module axi_crossbar_v2_1_29.axi_crossbar_v2_1_29_addr_decode...
Compiling module axi_data_fifo_v2_1_27.axi_data_fifo_v2_1_27_axic_reg_s...
Compiling module axi_crossbar_v2_1_29.axi_crossbar_v2_1_29_wdata_mux(C...
Compiling module axi_data_fifo_v2_1_27.axi_data_fifo_v2_1_27_axic_srl_f...
Compiling module generic_baseblocks_v2_1_0.generic_baseblocks_v2_1_0_mux_en...
Compiling module generic_baseblocks_v2_1_0.generic_baseblocks_v2_1_0_mux_en...
Compiling module axi_crossbar_v2_1_29.axi_crossbar_v2_1_29_addr_arbite...
Compiling module axi_crossbar_v2_1_29.axi_crossbar_v2_1_29_decerr_slav...
Compiling module axi_crossbar_v2_1_29.axi_crossbar_v2_1_29_crossbar(C_...
Compiling module axi_crossbar_v2_1_29.axi_crossbar_v2_1_29_axi_crossba...
Compiling module xil_defaultlib.design_1_xbar_0
Compiling module xil_defaultlib.design_1_axi_interconnect_0_0
Compiling architecture rtl of entity axi_uartlite_v2_0_32.baudrate [\baudrate(c_ratio=54)\]
Compiling architecture behavioral of entity lib_srl_fifo_v1_0_2.dynshreg_f [\dynshreg_f(c_depth=16,c_dwidth=...]
Compiling architecture imp of entity lib_srl_fifo_v1_0_2.srl_fifo_rbu_f [\srl_fifo_rbu_f(c_dwidth=8,c_fam...]
Compiling architecture imp of entity lib_srl_fifo_v1_0_2.srl_fifo_f [\srl_fifo_f(c_dwidth=8,c_family=...]
Compiling architecture rtl of entity axi_uartlite_v2_0_32.uartlite_rx [\uartlite_rx(c_family="artix7")(...]
Compiling architecture rtl of entity axi_uartlite_v2_0_32.uartlite_tx [\uartlite_tx(c_family="artix7")(...]
Compiling architecture rtl of entity axi_uartlite_v2_0_32.uartlite_core [\uartlite_core(c_family="artix7"...]
Compiling architecture imp of entity axi_lite_ipif_v3_0_4.address_decoder [\address_decoder(c_bus_awidth=4,...]
Compiling architecture imp of entity axi_lite_ipif_v3_0_4.slave_attachment [\slave_attachment(c_ard_addr_ran...]
Compiling architecture imp of entity axi_lite_ipif_v3_0_4.axi_lite_ipif [\axi_lite_ipif(c_s_axi_addr_widt...]
Compiling architecture rtl of entity axi_uartlite_v2_0_32.axi_uartlite [\axi_uartlite(c_family="artix7",...]
Compiling architecture design_1_axi_uartlite_0_0_arch of entity xil_defaultlib.design_1_axi_uartlite_0_0 [design_1_axi_uartlite_0_0_defaul...]
Compiling architecture behavioral of entity xil_defaultlib.i2s_ctl [i2s_ctl_default]
Compiling module fifo_generator_v13_2_8.fifo_generator_v13_2_8_sync_stag...
Compiling module fifo_generator_v13_2_8.fifo_generator_v13_2_8_bhv_ver_a...
Compiling module fifo_generator_v13_2_8.fifo_generator_v13_2_8_CONV_VER(...
Compiling module fifo_generator_v13_2_8.fifo_generator_vlog_beh(C_DATA_C...
Compiling module xil_defaultlib.fifo_4
Compiling module fifo_generator_v13_2_8.fifo_generator_v13_2_8_sync_stag...
Compiling module fifo_generator_v13_2_8.fifo_generator_v13_2_8_bhv_ver_a...
Compiling module fifo_generator_v13_2_8.fifo_generator_v13_2_8_CONV_VER(...
Compiling module fifo_generator_v13_2_8.fifo_generator_vlog_beh(C_DATA_C...
Compiling module xil_defaultlib.fifo_32
Compiling architecture plle2_adv_v of entity unisim.PLLE2_ADV [\PLLE2_ADV(clkfbout_mult=51,clki...]
Compiling architecture bufg_v of entity unisim.BUFG [bufg_default]
Compiling architecture xilinx of entity xil_defaultlib.DCM [dcm_default]
Compiling architecture behavioral of entity xil_defaultlib.Sync_ff [sync_ff_default]
Compiling architecture fdpe_v of entity unisim.FDPE [\FDPE(init='0')\]
Compiling architecture behavioral of entity xil_defaultlib.rst_sync [rst_sync_default]
Compiling architecture oddr_v of entity unisim.ODDR [\ODDR(1,13)(1,4)\]
Compiling architecture behavioral of entity xil_defaultlib.i2s_rx_tx [i2s_rx_tx_default]
Compiling architecture behavioral of entity xil_defaultlib.i2s_stream [i2s_stream_default]
Compiling architecture arch_imp of entity xil_defaultlib.d_axi_i2s_audio_v2_0_AXI_L [d_axi_i2s_audio_v2_0_axi_l_defau...]
Compiling architecture arch_imp of entity xil_defaultlib.d_axi_i2s_audio_v2_0 [d_axi_i2s_audio_v2_0_default]
Compiling architecture design_1_d_axi_i2s_audio_0_0_arch of entity xil_defaultlib.design_1_d_axi_i2s_audio_0_0 [design_1_d_axi_i2s_audio_0_0_def...]
Compiling architecture bscane2_v of entity unisim.BSCANE2 [\BSCANE2(jtag_chain=2)(1,5)\]
Compiling architecture imp of entity mdm_v3_2_24.MB_BSCANE2 [\MB_BSCANE2(c_target=artix7,jtag...]
Compiling architecture lut1_v of entity unisim.LUT1 [\LUT1(init="10")(0,1)\]
Compiling architecture imp of entity mdm_v3_2_24.MB_LUT1 [\MB_LUT1(c_target=artix7,init="1...]
Compiling architecture bufgctrl_v of entity unisim.BUFGCTRL [\BUFGCTRL(init_out=1,preselect_i...]
Compiling architecture bufgce_1_v of entity unisim.BUFGCE_1 [\BUFGCE_1(1,10)\]
Compiling architecture imp of entity mdm_v3_2_24.MB_BUFGCE_1 [\MB_BUFGCE_1(c_target=artix7)\]
Compiling architecture imp of entity mdm_v3_2_24.xil_scan_reset_control [xil_scan_reset_control_default]
Compiling architecture fdce_v of entity unisim.FDCE [fdce_default]
Compiling architecture fdc_1_v of entity unisim.FDC_1 [fdc_1_default]
Compiling architecture imp of entity mdm_v3_2_24.MB_FDC_1 [\MB_FDC_1(c_target=artix7)\]
Compiling architecture fdre_1_v of entity unisim.FDRE_1 [fdre_1_default]
Compiling architecture imp of entity mdm_v3_2_24.MB_FDRE_1 [\MB_FDRE_1(c_target=artix7)\]
Compiling architecture srl16e_v of entity unisim.SRL16E [\SRL16E(init="0000000101100111")...]
Compiling architecture imp of entity mdm_v3_2_24.MB_SRL16E [\MB_SRL16E(c_target=artix7,c_sta...]
Compiling architecture srl16e_v of entity unisim.SRL16E [\SRL16E(init="0100001010000111")...]
Compiling architecture imp of entity mdm_v3_2_24.MB_SRL16E [\MB_SRL16E(c_target=artix7,c_sta...]
Compiling architecture srl16e_v of entity unisim.SRL16E [\SRL16E(init="0100010001000011")...]
Compiling architecture imp of entity mdm_v3_2_24.MB_SRL16E [\MB_SRL16E(c_target=artix7,c_sta...]
Compiling architecture srl16e_v of entity unisim.SRL16E [\SRL16E(init="0101100001001101")...]
Compiling architecture imp of entity mdm_v3_2_24.MB_SRL16E [\MB_SRL16E(c_target=artix7,c_sta...]
Compiling architecture imp of entity mdm_v3_2_24.JTAG_CONTROL [\JTAG_CONTROL(c_target=artix7,c_...]
Compiling architecture imp of entity mdm_v3_2_24.MDM_Core [\MDM_Core(c_target=artix7,c_jtag...]
Compiling architecture imp of entity mdm_v3_2_24.MDM [\MDM(c_family="artix7",c_device=...]
Compiling architecture design_1_mdm_1_0_arch of entity xil_defaultlib.design_1_mdm_1_0 [design_1_mdm_1_0_default]
Compiling architecture imp of entity microblaze_v11_0_11.mb_sync_bit [mb_sync_bit_default]
Compiling architecture imp of entity microblaze_v11_0_11.DAXI_interface [\DAXI_interface(c_data_size=32,c...]
Compiling architecture lut5_v of entity unisim.LUT5 [\LUT5(init="10101010101011000000...]
Compiling architecture imp of entity microblaze_v11_0_11.MB_LUT5 [\MB_LUT5(c_target=artix7,init="1...]
Compiling architecture lut4_v of entity unisim.LUT4 [\LUT4(init="1111111111101100")(0...]
Compiling architecture imp of entity microblaze_v11_0_11.MB_LUT4 [\MB_LUT4(c_target=artix7,init="1...]
Compiling architecture ram32x1d_v of entity unisim.RAM32X1D [ram32x1d_default]
Compiling architecture imp of entity microblaze_v11_0_11.MB_RAM32X1D [\MB_RAM32X1D(c_target=artix7,c_u...]
Compiling architecture imp of entity microblaze_v11_0_11.MB_RAM16X1D [\MB_RAM16X1D(c_target=artix7,c_u...]
Compiling architecture lut6_v of entity unisim.LUT6 [\LUT6(init="10101010111100001100...]
Compiling architecture imp of entity microblaze_v11_0_11.MB_LUT6 [\MB_LUT6(c_target=artix7,init="1...]
Compiling architecture lut6_v of entity unisim.LUT6 [\LUT6(init="10101010000011111100...]
Compiling architecture imp of entity microblaze_v11_0_11.MB_LUT6 [\MB_LUT6(c_target=artix7,init="1...]
Compiling architecture imp of entity microblaze_v11_0_11.Cache_Interface [\Cache_Interface(c_target=artix7...]
Compiling architecture imp of entity microblaze_v11_0_11.comparator [\comparator(c_target=artix7,c_is...]
Compiling architecture imp of entity microblaze_v11_0_11.cache_valid_bit_detect [\cache_valid_bit_detect(c_addr_s...]
Compiling architecture rb36_internal_vhdl_v of entity unisim.RB36_INTERNAL_VHDL [\RB36_INTERNAL_VHDL(init_a="0000...]
Compiling architecture ramb36e1_v of entity unisim.RAMB36E1 [\RAMB36E1(read_width_a=36,read_w...]
Compiling architecture imp of entity microblaze_v11_0_11.MB_RAMB36 [\MB_RAMB36(c_target=artix7,c_use...]
Compiling architecture imp of entity microblaze_v11_0_11.RAM_Module [\RAM_Module(c_id=300,c_target=ar...]
Compiling architecture rb36_internal_vhdl_v of entity unisim.RB36_INTERNAL_VHDL [\RB36_INTERNAL_VHDL(init_a="0000...]
Compiling architecture ramb36e1_v of entity unisim.RAMB36E1 [\RAMB36E1(read_width_a=18,read_w...]
Compiling architecture imp of entity microblaze_v11_0_11.MB_RAMB36 [\MB_RAMB36(c_target=artix7,c_use...]
Compiling architecture imp of entity microblaze_v11_0_11.RAM_Module [\RAM_Module(c_id=400,c_target=ar...]
Compiling architecture imp of entity microblaze_v11_0_11.DCache_gti [\DCache_gti(c_target=artix7,c_us...]
Compiling architecture imp of entity microblaze_v11_0_11.comparator [\comparator(c_target=artix7,c_is...]
Compiling architecture imp of entity microblaze_v11_0_11.RAM_Module [\RAM_Module(c_id=1200,c_target=a...]
Compiling architecture imp of entity microblaze_v11_0_11.RAM_Module [\RAM_Module(c_id=1300,c_target=a...]
Compiling architecture imp of entity microblaze_v11_0_11.Cache_Interface [\Cache_Interface(c_target=artix7...]
Compiling architecture imp of entity microblaze_v11_0_11.Icache [\Icache(c_target=artix7,c_use_co...]
Compiling architecture srl16e_v of entity unisim.SRL16E [\SRL16E(init="1111111111111111")...]
Compiling architecture imp of entity microblaze_v11_0_11.MB_SRL16E [\MB_SRL16E(c_target=artix7,c_use...]
Compiling architecture srl16e_v of entity unisim.SRL16E [\SRL16E(init="1001111111111111")...]
Compiling architecture imp of entity microblaze_v11_0_11.MB_SRL16E [\MB_SRL16E(c_target=artix7,c_use...]
Compiling architecture srl16e_v of entity unisim.SRL16E [\SRL16E(15,0)\]
Compiling architecture imp of entity microblaze_v11_0_11.MB_SRL16E [\MB_SRL16E(c_target=artix7,c_use...]
Compiling architecture srl16e_v of entity unisim.SRL16E [\SRL16E(init="1000000000000000")...]
Compiling architecture imp of entity microblaze_v11_0_11.MB_SRL16E [\MB_SRL16E(c_target=artix7,c_use...]
Compiling architecture srl16e_v of entity unisim.SRL16E [\SRL16E(init="1000100000101011")...]
Compiling architecture imp of entity microblaze_v11_0_11.MB_SRL16E [\MB_SRL16E(c_target=artix7,c_use...]
Compiling architecture srl16e_v of entity unisim.SRL16E [\SRL16E(init="0000001111011000")...]
Compiling architecture imp of entity microblaze_v11_0_11.MB_SRL16E [\MB_SRL16E(c_target=artix7,c_use...]
Compiling architecture srl16e_v of entity unisim.SRL16E [\SRL16E(init="0000000001100100")...]
Compiling architecture imp of entity microblaze_v11_0_11.MB_SRL16E [\MB_SRL16E(c_target=artix7,c_use...]
Compiling architecture srl16e_v of entity unisim.SRL16E [\SRL16E(init="0010010100000000")...]
Compiling architecture imp of entity microblaze_v11_0_11.MB_SRL16E [\MB_SRL16E(c_target=artix7,c_use...]
Compiling architecture imp of entity microblaze_v11_0_11.mb_sync_bit [\mb_sync_bit(c_levels=1,c_reset_...]
Compiling architecture imp of entity microblaze_v11_0_11.mb_sync_vec [\mb_sync_vec(c_levels=1,c_reset_...]
Compiling architecture imp of entity microblaze_v11_0_11.mb_sync_bit [\mb_sync_bit(c_levels=1)\]
Compiling architecture imp of entity microblaze_v11_0_11.mb_sync_vec [\mb_sync_vec(c_width=10)\]
Compiling architecture srlc16e_v of entity unisim.SRLC16E [\SRLC16E(0,15)\]
Compiling architecture imp of entity microblaze_v11_0_11.MB_SRLC16E [\MB_SRLC16E(c_target=artix7,c_us...]
Compiling architecture imp of entity microblaze_v11_0_11.address_hit [\address_hit(c_target=artix7,c_u...]
Compiling architecture imp of entity microblaze_v11_0_11.address_hit [\address_hit(c_target=artix7,c_u...]
Compiling architecture imp of entity microblaze_v11_0_11.xil_scan_reset_control [xil_scan_reset_control_default]
Compiling architecture imp of entity microblaze_v11_0_11.Debug [\Debug(c_data_size=32,c_instr_si...]
Compiling architecture imp of entity microblaze_v11_0_11.interrupt_mode_converter [\interrupt_mode_converter(c_edge...]
Compiling architecture and2b1l_v of entity unisim.AND2B1L [and2b1l_default]
Compiling architecture imp of entity microblaze_v11_0_11.MB_AND2B1L [\MB_AND2B1L(c_target=artix7)\]
Compiling architecture imp of entity microblaze_v11_0_11.MB_MUXCY [\MB_MUXCY(c_target=artix7)\]
Compiling architecture imp of entity microblaze_v11_0_11.carry_or [\carry_or(c_target=artix7)\]
Compiling architecture imp of entity microblaze_v11_0_11.carry_and [\carry_and(c_target=artix7)\]
Compiling architecture lut6_v of entity unisim.LUT6 [\LUT6(init="10010000000010010000...]
Compiling architecture imp of entity microblaze_v11_0_11.MB_LUT6 [\MB_LUT6(c_target=artix7,init="1...]
Compiling architecture lut6_v of entity unisim.LUT6 [\LUT6(init="10010000000010010000...]
Compiling architecture imp of entity microblaze_v11_0_11.MB_LUT6 [\MB_LUT6(c_target=artix7,init="1...]
Compiling architecture imp of entity microblaze_v11_0_11.MB_FDRE [\MB_FDRE(c_target=artix7)\]
Compiling architecture imp of entity microblaze_v11_0_11.MB_MUXCY_XORCY [\MB_MUXCY_XORCY(c_target=artix7)...]
Compiling architecture muxf7_v of entity unisim.MUXF7 [muxf7_default]
Compiling architecture imp of entity microblaze_v11_0_11.MB_MUXF7 [\MB_MUXF7(c_target=artix7)\]
Compiling architecture imp of entity microblaze_v11_0_11.MB_FDR [\MB_FDR(c_target=artix7)\]
Compiling architecture imp of entity microblaze_v11_0_11.PC_Module_gti [\PC_Module_gti(c_data_size=32,c_...]
Compiling architecture lut6_v of entity unisim.LUT6 [\LUT6(init="00000000000000000000...]
Compiling architecture imp of entity microblaze_v11_0_11.MB_LUT6 [\MB_LUT6(c_target=artix7,init="0...]
Compiling architecture lut6_v of entity unisim.LUT6 [\LUT6(init="00000000000000001111...]
Compiling architecture imp of entity microblaze_v11_0_11.MB_LUT6 [\MB_LUT6(c_target=artix7,init="0...]
Compiling architecture lut6_v of entity unisim.LUT6 [\LUT6(init="11111111000000001111...]
Compiling architecture imp of entity microblaze_v11_0_11.MB_LUT6 [\MB_LUT6(c_target=artix7,init="1...]
Compiling architecture fdse_v of entity unisim.FDSE [fdse_default]
Compiling architecture fds_v of entity unisim.FDS [fds_default]
Compiling architecture imp of entity microblaze_v11_0_11.MB_FDS [\MB_FDS(c_target=artix7)\]
Compiling architecture lut6_v of entity unisim.LUT6 [\LUT6(init="00000000111111110000...]
Compiling architecture imp of entity microblaze_v11_0_11.MB_LUT6 [\MB_LUT6(c_target=artix7,init="0...]
Compiling architecture imp of entity microblaze_v11_0_11.PreFetch_Buffer_gti [\PreFetch_Buffer_gti(c_instr_siz...]
Compiling architecture imp of entity microblaze_v11_0_11.jump_logic [\jump_logic(c_instr_size=32,c_ta...]
Compiling architecture imp of entity microblaze_v11_0_11.Decode_gti [\Decode_gti(c_data_size=32,c_ins...]
Compiling architecture lut6_2_v of entity unisim.LUT6_2 [\LUT6_2(init="000000001111111100...]
Compiling architecture imp of entity microblaze_v11_0_11.MB_LUT6_2 [\MB_LUT6_2(c_target=artix7,init=...]
Compiling architecture lut4_v of entity unisim.LUT4 [\LUT4(init="0011110001011010")(0...]
Compiling architecture imp of entity microblaze_v11_0_11.MB_LUT4 [\MB_LUT4(c_target=artix7,init="0...]
Compiling architecture imp of entity microblaze_v11_0_11.Div_unit_gti [\Div_unit_gti(c_target=artix7,c_...]
Compiling architecture ram32m_v of entity unisim.RAM32M [ram32m_default]
Compiling architecture imp of entity microblaze_v11_0_11.MB_RAM32M [\MB_RAM32M(c_target=artix7,c_use...]
Compiling architecture imp of entity microblaze_v11_0_11.Register_File_gti [\Register_File_gti(c_data_size=3...]
Compiling architecture imp of entity microblaze_v11_0_11.Operand_Select_gti [\Operand_Select_gti(c_data_size=...]
Compiling architecture lut6_2_v of entity unisim.LUT6_2 [\LUT6_2(init="011000000111101010...]
Compiling architecture imp of entity microblaze_v11_0_11.MB_LUT6_2 [\MB_LUT6_2(c_target=artix7,init=...]
Compiling architecture imp of entity microblaze_v11_0_11.ALU_Bit [\ALU_Bit(c_target=artix7,c_allow...]
Compiling architecture lut6_v of entity unisim.LUT6 [\LUT6(init="01100000011110101010...]
Compiling architecture imp of entity microblaze_v11_0_11.MB_LUT6 [\MB_LUT6(c_target=artix7,init="0...]
Compiling architecture lut4_v of entity unisim.LUT4 [\LUT4(init="1111101000001010")(0...]
Compiling architecture imp of entity microblaze_v11_0_11.MB_LUT4 [\MB_LUT4(c_target=artix7,init="1...]
Compiling architecture lut2_v of entity unisim.LUT2 [\LUT2(init="1000")(0,3)\]
Compiling architecture mult_and_v of entity unisim.MULT_AND [mult_and_default]
Compiling architecture imp of entity microblaze_v11_0_11.MB_MULT_AND [\MB_MULT_AND(c_target=artix7)\]
Compiling architecture imp of entity microblaze_v11_0_11.ALU_Bit [\ALU_Bit(c_target=artix7,c_allow...]
Compiling architecture imp of entity microblaze_v11_0_11.ALU [\ALU(c_data_size=32,c_allow_lut6...]
Compiling architecture imp of entity microblaze_v11_0_11.MB_LUT6 [\MB_LUT6(c_target=rtl,init="1100...]
Compiling architecture imp of entity microblaze_v11_0_11.MB_LUT6 [\MB_LUT6(c_target=rtl,init="1100...]
Compiling architecture imp of entity microblaze_v11_0_11.MB_LUT6 [\MB_LUT6(c_target=rtl,init="1100...]
Compiling architecture imp of entity microblaze_v11_0_11.MB_MUXF7 [\MB_MUXF7(c_target=rtl)\]
Compiling architecture imp of entity microblaze_v11_0_11.carry_equal [\carry_equal(c_target=rtl,size=8...]
Compiling architecture imp of entity microblaze_v11_0_11.MB_LUT6 [\MB_LUT6(c_target=rtl,init="0000...]
Compiling architecture imp of entity microblaze_v11_0_11.MB_LUT6 [\MB_LUT6(c_target=rtl,init="0000...]
Compiling architecture imp of entity microblaze_v11_0_11.MB_LUT6 [\MB_LUT6(c_target=rtl,init="0111...]
Compiling architecture imp of entity microblaze_v11_0_11.count_leading_zeros [count_leading_zeros_default]
Compiling architecture imp of entity microblaze_v11_0_11.Shift_Logic_Module_gti [\Shift_Logic_Module_gti(c_data_s...]
Compiling architecture dsp48e1_v of entity unisim.DSP48E1 [\DSP48E1(acascreg=0,alumodereg=0...]
Compiling architecture imp of entity microblaze_v11_0_11.MB_DSP48E1 [\MB_DSP48E1(c_target=artix7,acas...]
Compiling architecture imp of entity microblaze_v11_0_11.dsp_module [\dsp_module(c_target=artix7,c_ab...]
Compiling architecture dsp48e1_v of entity unisim.DSP48E1 [\DSP48E1(alumodereg=0,carryinreg...]
Compiling architecture imp of entity microblaze_v11_0_11.MB_DSP48E1 [\MB_DSP48E1(c_target=artix7,alum...]
Compiling architecture imp of entity microblaze_v11_0_11.dsp_module [\dsp_module(c_target=artix7,c_ab...]
Compiling architecture dsp48e1_v of entity unisim.DSP48E1 [\DSP48E1(acascreg=0,alumodereg=0...]
Compiling architecture imp of entity microblaze_v11_0_11.MB_DSP48E1 [\MB_DSP48E1(c_target=artix7,acas...]
Compiling architecture imp of entity microblaze_v11_0_11.dsp_module [\dsp_module(c_target=artix7,c_ab...]
Compiling architecture imp of entity microblaze_v11_0_11.mul_unit [\mul_unit(c_data_size=32,c_targe...]
Compiling architecture imp of entity microblaze_v11_0_11.Barrel_Shifter_gti [\Barrel_Shifter_gti(c_data_size=...]
Compiling architecture imp of entity microblaze_v11_0_11.WB_Mux_Bit [\WB_Mux_Bit(c_target=artix7,c_lu...]
Compiling architecture imp of entity microblaze_v11_0_11.WB_Mux_Bit [\WB_Mux_Bit(c_target=artix7,c_lu...]
Compiling architecture imp of entity microblaze_v11_0_11.WB_Mux_Bit [\WB_Mux_Bit(c_target=artix7,c_lu...]
Compiling architecture imp of entity microblaze_v11_0_11.WB_Mux [\WB_Mux(c_data_size=32,c_daddr_s...]
Compiling architecture imp of entity microblaze_v11_0_11.Zero_Detect_gti [\Zero_Detect_gti(c_data_size=32,...]
Compiling architecture imp of entity microblaze_v11_0_11.Byte_Doublet_Handle_gti [\Byte_Doublet_Handle_gti(c_data_...]
Compiling architecture imp of entity microblaze_v11_0_11.Data_Flow_Logic [\Data_Flow_Logic(c_data_size=32,...]
Compiling architecture msr_reg of entity microblaze_v11_0_11.msr_reg_gti [\msr_reg_gti(c_data_size=32,c_ta...]
Compiling architecture lut6_2_v of entity unisim.LUT6_2 [\LUT6_2(init="111111110000000011...]
Compiling architecture imp of entity microblaze_v11_0_11.MB_LUT6_2 [\MB_LUT6_2(c_target=artix7,init=...]
Compiling architecture imp of entity microblaze_v11_0_11.mux_bus [\mux_bus(c_target=artix7,c_allow...]
Compiling architecture lut6_2_v of entity unisim.LUT6_2 [\LUT6_2(init="100101101001011010...]
Compiling architecture imp of entity microblaze_v11_0_11.MB_LUT6_2 [\MB_LUT6_2(c_target=artix7,init=...]
Compiling architecture imp of entity microblaze_v11_0_11.exception_registers_gti [\exception_registers_gti(c_data_...]
Compiling architecture lut4_v of entity unisim.LUT4 [\LUT4(init="0110101010100110")(0...]
Compiling architecture imp of entity microblaze_v11_0_11.MB_LUT4 [\MB_LUT4(c_target=artix7,init="0...]
Compiling architecture imp of entity microblaze_v11_0_11.carry_compare_const [\carry_compare_const(c_target=ar...]
Compiling architecture imp of entity microblaze_v11_0_11.carry_compare [\carry_compare(c_target=artix7,s...]
Compiling architecture imp of entity microblaze_v11_0_11.carry_compare [\carry_compare(c_target=artix7,s...]
Compiling architecture imp of entity microblaze_v11_0_11.find_first_bit [\find_first_bit(c_mant_size=23,c...]
Compiling architecture imp of entity microblaze_v11_0_11.FPU_ADDSUB [\FPU_ADDSUB(c_target=artix7,c_pr...]
Compiling architecture dsp48e1_v of entity unisim.DSP48E1 [\DSP48E1(acascreg=0,alumodereg=0...]
Compiling architecture imp of entity microblaze_v11_0_11.MB_DSP48E1 [\MB_DSP48E1(c_target=artix7,acas...]
Compiling architecture imp of entity microblaze_v11_0_11.dsp_module [\dsp_module(c_target=artix7,c_a_...]
Compiling architecture dsp48e1_v of entity unisim.DSP48E1 [\DSP48E1(acascreg=0,alumodereg=0...]
Compiling architecture imp of entity microblaze_v11_0_11.MB_DSP48E1 [\MB_DSP48E1(c_target=artix7,acas...]
Compiling architecture imp of entity microblaze_v11_0_11.dsp_module [\dsp_module(c_target=artix7,c_a_...]
Compiling architecture imp of entity microblaze_v11_0_11.FPU_MUL [\FPU_MUL(c_target=artix7,c_preci...]
Compiling architecture imp of entity microblaze_v11_0_11.FPU_DIV [\FPU_DIV(c_target=artix7,c_use_s...]
Compiling architecture imp of entity microblaze_v11_0_11.Fpu [\Fpu(c_data_size=32,c_target=art...]
Compiling architecture imp of entity microblaze_v11_0_11.PVR [\PVR(c_data_size=32,c_daddr_size...]
Compiling architecture imp of entity microblaze_v11_0_11.Data_Flow_gti [\Data_Flow_gti(c_data_size=32,c_...]
Compiling architecture imp of entity microblaze_v11_0_11.read_data_mux [\read_data_mux(c_data_size=32,c_...]
Compiling architecture imp of entity microblaze_v11_0_11.instr_mux [\instr_mux(c_instr_size=32,c_lmb...]
Compiling architecture imp of entity microblaze_v11_0_11.MMU [\MMU(c_data_size=32,c_daddr_size...]
Compiling architecture imp of entity microblaze_v11_0_11.MicroBlaze_GTi [\MicroBlaze_GTi(c_num_sync_ff_cl...]
Compiling architecture imp of entity microblaze_v11_0_11.mb_sync_bit [\mb_sync_bit(c_reset_value='1')\]
Compiling architecture imp of entity microblaze_v11_0_11.MicroBlaze_Core [\MicroBlaze_Core(c_freq=10000000...]
Compiling architecture imp of entity microblaze_v11_0_11.MicroBlaze [\MicroBlaze(c_freq=100000000,g_t...]
Compiling architecture design_1_microblaze_0_0_arch of entity xil_defaultlib.design_1_microblaze_0_0 [design_1_microblaze_0_0_default]
Compiling architecture byte_data_ram_a of entity axi_intc_v4_1_17.shared_ram_ivar [shared_ram_ivar_default]
Compiling architecture imp of entity axi_intc_v4_1_17.intc_core [\intc_core(c_family="artix7",c_n...]
Compiling architecture imp of entity axi_lite_ipif_v3_0_4.pselect_f [\pselect_f(c_ab=2,c_aw=9,c_bar="...]
Compiling architecture imp of entity axi_lite_ipif_v3_0_4.pselect_f [\pselect_f(c_ab=1,c_aw=9,c_bar="...]
Compiling architecture imp of entity axi_lite_ipif_v3_0_4.pselect_f [\pselect_f(c_ab=1,c_aw=1,c_bar="...]
Compiling architecture imp of entity axi_lite_ipif_v3_0_4.pselect_f [\pselect_f(c_ab=1,c_aw=1,c_bar="...]
Compiling architecture imp of entity axi_lite_ipif_v3_0_4.address_decoder [\address_decoder(c_bus_awidth=9,...]
Compiling architecture imp of entity axi_lite_ipif_v3_0_4.slave_attachment [\slave_attachment(c_ard_addr_ran...]
Compiling architecture imp of entity axi_lite_ipif_v3_0_4.axi_lite_ipif [\axi_lite_ipif(c_s_axi_addr_widt...]
Compiling architecture imp of entity axi_intc_v4_1_17.axi_intc [\axi_intc(c_family="artix7",c_in...]
Compiling architecture design_1_microblaze_0_axi_intc_0_arch of entity xil_defaultlib.design_1_microblaze_0_axi_intc_0 [design_1_microblaze_0_axi_intc_0...]
Compiling module xil_defaultlib.m00_couplers_imp_8RVYHO
Compiling module xil_defaultlib.m01_couplers_imp_1UTB3Y5
Compiling module xil_defaultlib.m02_couplers_imp_7ANRHB
Compiling module xil_defaultlib.m03_couplers_imp_1W07O72
Compiling module xil_defaultlib.m04_couplers_imp_5LX7BU
Compiling module xil_defaultlib.m05_couplers_imp_1XR4ZAZ
Compiling module xil_defaultlib.s00_couplers_imp_1RZP34U
Compiling module axi_crossbar_v2_1_29.axi_crossbar_v2_1_29_addr_arbite...
Compiling module generic_baseblocks_v2_1_0.generic_baseblocks_v2_1_0_compar...
Compiling module generic_baseblocks_v2_1_0.generic_baseblocks_v2_1_0_compar...
Compiling module generic_baseblocks_v2_1_0.generic_baseblocks_v2_1_0_compar...
Compiling module generic_baseblocks_v2_1_0.generic_baseblocks_v2_1_0_compar...
Compiling module generic_baseblocks_v2_1_0.generic_baseblocks_v2_1_0_compar...
Compiling module generic_baseblocks_v2_1_0.generic_baseblocks_v2_1_0_compar...
Compiling module axi_crossbar_v2_1_29.axi_crossbar_v2_1_29_addr_decode...
Compiling module axi_crossbar_v2_1_29.axi_crossbar_v2_1_29_splitter(C_...
Compiling module generic_baseblocks_v2_1_0.generic_baseblocks_v2_1_0_mux_en...
Compiling module generic_baseblocks_v2_1_0.generic_baseblocks_v2_1_0_mux_en...
Compiling module generic_baseblocks_v2_1_0.generic_baseblocks_v2_1_0_mux_en...
Compiling module axi_register_slice_v2_1_28.axi_register_slice_v2_1_28_axic_...
Compiling module generic_baseblocks_v2_1_0.generic_baseblocks_v2_1_0_mux_en...
Compiling module axi_crossbar_v2_1_29.axi_crossbar_v2_1_29_decerr_slav...
Compiling module axi_crossbar_v2_1_29.axi_crossbar_v2_1_29_crossbar_sa...
Compiling module axi_crossbar_v2_1_29.axi_crossbar_v2_1_29_axi_crossba...
Compiling module xil_defaultlib.design_1_xbar_1
Compiling module xil_defaultlib.design_1_microblaze_0_axi_periph...
Compiling architecture imp of entity lmb_bram_if_cntlr_v4_0_22.pselect_mask [\pselect_mask(c_bar="00000000000...]
Compiling architecture imp of entity lmb_bram_if_cntlr_v4_0_22.lmb_mux [\lmb_mux(c_target=artix7,c_basea...]
Compiling architecture imp of entity lmb_bram_if_cntlr_v4_0_22.lmb_bram_if_cntlr [\lmb_bram_if_cntlr(c_family="art...]
Compiling architecture design_1_dlmb_bram_if_cntlr_0_arch of entity xil_defaultlib.design_1_dlmb_bram_if_cntlr_0 [design_1_dlmb_bram_if_cntlr_0_de...]
Compiling architecture imp of entity lmb_v10_v3_0_12.lmb_v10 [\lmb_v10(c_lmb_num_slaves=1)\]
Compiling architecture design_1_dlmb_v10_0_arch of entity xil_defaultlib.design_1_dlmb_v10_0 [design_1_dlmb_v10_0_default]
Compiling architecture imp of entity lmb_bram_if_cntlr_v4_0_22.pselect_mask [\pselect_mask(c_bar="00000000000...]
Compiling architecture imp of entity lmb_bram_if_cntlr_v4_0_22.lmb_mux [\lmb_mux(c_target=artix7,c_basea...]
Compiling architecture imp of entity lmb_bram_if_cntlr_v4_0_22.lmb_bram_if_cntlr [\lmb_bram_if_cntlr(c_family="art...]
Compiling architecture design_1_ilmb_bram_if_cntlr_0_arch of entity xil_defaultlib.design_1_ilmb_bram_if_cntlr_0 [design_1_ilmb_bram_if_cntlr_0_de...]
Compiling architecture design_1_ilmb_v10_0_arch of entity xil_defaultlib.design_1_ilmb_v10_0 [design_1_ilmb_v10_0_default]
Compiling module blk_mem_gen_v8_4_6.blk_mem_gen_v8_4_6_output_stage(...
Compiling module blk_mem_gen_v8_4_6.blk_mem_gen_v8_4_6_softecc_outpu...
Compiling module blk_mem_gen_v8_4_6.blk_mem_gen_v8_4_6_mem_module(C_...
Compiling module blk_mem_gen_v8_4_6.blk_mem_gen_v8_4_6(C_FAMILY="art...
Compiling module xil_defaultlib.design_1_lmb_bram_0
Compiling module xil_defaultlib.microblaze_0_local_memory_imp_1K...
Compiling module xlconcat_v2_1_4.xlconcat_v2_1_4_xlconcat(dout_wi...
Compiling module xil_defaultlib.design_1_microblaze_0_xlconcat_0
Compiling module unisims_ver.IDELAYCTRL_default
Compiling module xil_defaultlib.mig_7series_v4_2_iodelay_ctrl(IO...
Compiling module unisims_ver.IBUF(IBUF_LOW_PWR="FALSE")
Compiling module unisims_ver.IBUFG(IBUF_LOW_PWR="FALSE")
Compiling module xil_defaultlib.mig_7series_v4_2_clk_ibuf(SYSCLK...
Compiling module unisims_ver.XADC(INIT_40=16'b01000000000000,...
Compiling module xil_defaultlib.mig_7series_v4_2_tempmon_default
Compiling module unisims_ver.PLLE2_ADV(CLKFBOUT_MULT=8,CLKIN1...
Compiling module unisims_ver.BUFG
Compiling module unisims_ver.BUFH
Compiling module unisims_ver.MMCME2_ADV(BANDWIDTH="HIGH",CLKF...
Compiling module xil_defaultlib.mig_7series_v4_2_infrastructure(...
Compiling module xil_defaultlib.mig_7series_v4_2_rank_cntrl(DQRD...
Compiling module xil_defaultlib.mig_7series_v4_2_round_robin_arb...
Compiling module xil_defaultlib.mig_7series_v4_2_round_robin_arb...
Compiling module xil_defaultlib.mig_7series_v4_2_rank_common(MAI...
Compiling module xil_defaultlib.mig_7series_v4_2_rank_mach(CS_WI...
Compiling module xil_defaultlib.mig_7series_v4_2_bank_compare(CO...
Compiling module xil_defaultlib.mig_7series_v4_2_bank_state(DATA...
Compiling module xil_defaultlib.mig_7series_v4_2_bank_queue_defa...
Compiling module xil_defaultlib.mig_7series_v4_2_bank_cntrl(COL_...
Compiling module xil_defaultlib.mig_7series_v4_2_bank_state(DATA...
Compiling module xil_defaultlib.mig_7series_v4_2_bank_queue(ID=1...
Compiling module xil_defaultlib.mig_7series_v4_2_bank_cntrl(COL_...
Compiling module xil_defaultlib.mig_7series_v4_2_bank_state(DATA...
Compiling module xil_defaultlib.mig_7series_v4_2_bank_queue(ID=2...
Compiling module xil_defaultlib.mig_7series_v4_2_bank_cntrl(COL_...
Compiling module xil_defaultlib.mig_7series_v4_2_bank_state(DATA...
Compiling module xil_defaultlib.mig_7series_v4_2_bank_queue(ID=3...
Compiling module xil_defaultlib.mig_7series_v4_2_bank_cntrl(COL_...
Compiling module xil_defaultlib.mig_7series_v4_2_bank_common(LOW...
Compiling module xil_defaultlib.mig_7series_v4_2_round_robin_arb...
Compiling module xil_defaultlib.mig_7series_v4_2_arb_row_col(nCK...
Compiling module xil_defaultlib.mig_7series_v4_2_arb_select(CS_W...
Compiling module xil_defaultlib.mig_7series_v4_2_arb_mux(CS_WIDT...
Compiling module xil_defaultlib.mig_7series_v4_2_bank_mach(COL_W...
Compiling module unisims_ver.RAM32M
Compiling module xil_defaultlib.mig_7series_v4_2_col_mach(COL_WI...
Compiling module xil_defaultlib.mig_7series_v4_2_mc(CL=6,COL_WID...
Compiling module unisims_ver.OBUF
Compiling module unisims_ver.OBUFT
Compiling module unisims_ver.IOBUF_INTERMDISABLE(IBUF_LOW_PWR...
Compiling module unisims_ver.IOBUFDS_DIFF_OUT_INTERMDISABLE(D...
Compiling module unisims_ver.IDDR
Compiling module xil_defaultlib.mig_7series_v4_2_poc_pd_default
Compiling module xil_defaultlib.mig_7series_v4_2_ddr_of_pre_fifo...
Compiling module xil_defaultlib.mig_7series_v4_2_ddr_of_pre_fifo...
Compiling module unisims_ver.BUFIO
Compiling module xil_defaultlib.mig_7series_v4_2_ddr_of_pre_fifo...
Compiling module unisims_ver.PHASER_OUT_PHY(FINE_DELAY=60,MEM...
Compiling module unisims_ver.OUT_FIFO(ARRAY_MODE="ARRAY_MODE_...
Compiling module unisims_ver.OSERDESE2(DATA_RATE_OQ="SDR",DAT...
Compiling module xil_defaultlib.mig_7series_v4_2_ddr_byte_group_...
Compiling module unisims_ver.ODDR(DDR_CLK_EDGE="SAME_EDGE")
Compiling module unisims_ver.OBUFDS
Compiling module xil_defaultlib.mig_7series_v4_2_ddr_byte_lane(B...
Compiling module xil_defaultlib.mig_7series_v4_2_ddr_byte_group_...
Compiling module xil_defaultlib.mig_7series_v4_2_ddr_byte_lane(A...
Compiling module xil_defaultlib.mig_7series_v4_2_ddr_if_post_fif...
Compiling module unisims_ver.PHASER_IN_PHY(BURST_MODE="TRUE",...
Compiling module unisims_ver.PHASER_OUT_PHY(CLKOUT_DIV=2,DATA...
Compiling module unisims_ver.IN_FIFO
Compiling module unisims_ver.OUT_FIFO
Compiling module unisims_ver.ISERDESE2(INTERFACE_TYPE="MEMORY...
Compiling module unisims_ver.IDELAYE2(HIGH_PERFORMANCE_MODE="...
Compiling module unisims_ver.OSERDESE2(INIT_OQ=1'b1,INIT_TQ=1...
Compiling module unisims_ver.OSERDESE2(INIT_OQ=1'b1,INIT_TQ=1...
Compiling module xil_defaultlib.mig_7series_v4_2_ddr_byte_group_...
Compiling module xil_defaultlib.mig_7series_v4_2_ddr_byte_lane(A...
Compiling module xil_defaultlib.mig_7series_v4_2_ddr_byte_group_...
Compiling module xil_defaultlib.mig_7series_v4_2_ddr_byte_lane(A...
Compiling module unisims_ver.PHY_CONTROL(AO_TOGGLE=1,BURST_MO...
Compiling module unisims_ver.PHASER_REF
Compiling module xil_defaultlib.mig_7series_v4_2_ddr_phy_4lanes(...
WARNING: [VRFC 10-8809] cannot index into scalar type parameter/localparam 'PRESENT_DATA_A' [C:/Users/Ryan/Desktop/Nexys-Video-HW/Nexys-Video-HW.ip_user_files/bd/design_1/ip/design_1_mig_7series_0_0/design_1_mig_7series_0_0/user_design/rtl/phy/mig_7series_v4_2_ddr_phy_4lanes.v:709]
WARNING: [VRFC 10-8809] cannot index into scalar type parameter/localparam 'PRESENT_DATA_B' [C:/Users/Ryan/Desktop/Nexys-Video-HW/Nexys-Video-HW.ip_user_files/bd/design_1/ip/design_1_mig_7series_0_0/design_1_mig_7series_0_0/user_design/rtl/phy/mig_7series_v4_2_ddr_phy_4lanes.v:708]
WARNING: [VRFC 10-8809] cannot index into scalar type parameter/localparam 'PRESENT_DATA_C' [C:/Users/Ryan/Desktop/Nexys-Video-HW/Nexys-Video-HW.ip_user_files/bd/design_1/ip/design_1_mig_7series_0_0/design_1_mig_7series_0_0/user_design/rtl/phy/mig_7series_v4_2_ddr_phy_4lanes.v:707]
WARNING: [VRFC 10-8809] cannot index into scalar type parameter/localparam 'PRESENT_DATA_D' [C:/Users/Ryan/Desktop/Nexys-Video-HW/Nexys-Video-HW.ip_user_files/bd/design_1/ip/design_1_mig_7series_0_0/design_1_mig_7series_0_0/user_design/rtl/phy/mig_7series_v4_2_ddr_phy_4lanes.v:706]
Compiling module xil_defaultlib.mig_7series_v4_2_ddr_mc_phy(DATA...
Compiling module xil_defaultlib.mig_7series_v4_2_ddr_mc_phy_wrap...
Compiling module xil_defaultlib.mig_7series_v4_2_ddr_prbs_gen(DQ...
Compiling module xil_defaultlib.mig_7series_v4_2_ddr_phy_init(tC...
Compiling module xil_defaultlib.mig_7series_v4_2_ddr_phy_wrcal(n...
Compiling module xil_defaultlib.mig_7series_v4_2_ddr_phy_wrlvl(D...
Compiling module xil_defaultlib.mig_7series_v4_2_ddr_phy_ck_addr...
Compiling module xil_defaultlib.mig_7series_v4_2_ddr_phy_dqs_fou...
Compiling module xil_defaultlib.mig_7series_v4_2_ddr_phy_rdlvl(n...
Compiling module xil_defaultlib.mig_7series_v4_2_ddr_phy_prbs_rd...
Compiling module xil_defaultlib.mig_7series_v4_2_ddr_phy_tempmon...
Compiling module xil_defaultlib.mig_7series_v4_2_ddr_calib_top(n...
Compiling module xil_defaultlib.mig_7series_v4_2_ddr_phy_top(DDR...
Compiling module xil_defaultlib.mig_7series_v4_2_mem_intfc(DDR3_...
Compiling module xil_defaultlib.mig_7series_v4_2_ui_cmd(ADDR_WID...
Compiling module xil_defaultlib.mig_7series_v4_2_ui_wr_data(APP_...
Compiling module xil_defaultlib.mig_7series_v4_2_ui_rd_data(APP_...
Compiling module xil_defaultlib.mig_7series_v4_2_ui_top(APP_DATA...
Compiling module xil_defaultlib.mig_7series_v4_2_ddr_axic_regist...
Compiling module xil_defaultlib.mig_7series_v4_2_ddr_axic_regist...
Compiling module xil_defaultlib.mig_7series_v4_2_ddr_axic_regist...
Compiling module xil_defaultlib.mig_7series_v4_2_ddr_axic_regist...
Compiling module xil_defaultlib.mig_7series_v4_2_ddr_axi_registe...
Compiling module xil_defaultlib.mig_7series_v4_2_ddr_axic_regist...
Compiling module xil_defaultlib.mig_7series_v4_2_ddr_axic_regist...
Compiling module xil_defaultlib.mig_7series_v4_2_ddr_axic_regist...
Compiling module xil_defaultlib.mig_7series_v4_2_ddr_axic_regist...
Compiling module xil_defaultlib.mig_7series_v4_2_ddr_axi_registe...
Compiling module xil_defaultlib.mig_7series_v4_2_ddr_axic_regist...
Compiling module xil_defaultlib.mig_7series_v4_2_ddr_axic_regist...
Compiling module xil_defaultlib.mig_7series_v4_2_ddr_axic_regist...
Compiling module xil_defaultlib.mig_7series_v4_2_ddr_axi_registe...
Compiling module unisims_ver.MUXCY
Compiling module unisims_ver.XORCY
Compiling module unisims_ver.AND2B1L
Compiling module xil_defaultlib.mig_7series_v4_2_ddr_carry_latch...
Compiling module xil_defaultlib.mig_7series_v4_2_ddr_carry_and(C...
Compiling module unisims_ver.OR2L
Compiling module xil_defaultlib.mig_7series_v4_2_ddr_carry_latch...
Compiling module unisims_ver.FDRE_default
Compiling module xil_defaultlib.mig_7series_v4_2_ddr_command_fif...
Compiling module xil_defaultlib.mig_7series_v4_2_ddr_a_upsizer(C...
Compiling module xil_defaultlib.mig_7series_v4_2_ddr_comparator_...
Compiling module xil_defaultlib.mig_7series_v4_2_ddr_carry_or(C_...
Compiling module unisims_ver.LUT6_2
Compiling module unisims_ver.LUT4(INIT=16'b1100110011001010)
Compiling module unisims_ver.LUT6
Compiling module unisims_ver.FDSE_default
Compiling module xil_defaultlib.mig_7series_v4_2_ddr_comparator_...
Compiling module xil_defaultlib.mig_7series_v4_2_ddr_comparator_...
Compiling module xil_defaultlib.mig_7series_v4_2_ddr_w_upsizer(C...
Compiling module xil_defaultlib.mig_7series_v4_2_ddr_r_upsizer(C...
Compiling module xil_defaultlib.mig_7series_v4_2_ddr_axi_upsizer...
Compiling module xil_defaultlib.mig_7series_v4_2_ddr_axic_regist...
Compiling module xil_defaultlib.mig_7series_v4_2_ddr_axic_regist...
Compiling module xil_defaultlib.mig_7series_v4_2_ddr_axi_registe...
Compiling module xil_defaultlib.mig_7series_v4_2_axi_mc_incr_cmd...
Compiling module xil_defaultlib.mig_7series_v4_2_axi_mc_wrap_cmd...
Compiling module xil_defaultlib.mig_7series_v4_2_axi_mc_cmd_tran...
Compiling module xil_defaultlib.mig_7series_v4_2_axi_mc_wr_cmd_f...
Compiling module xil_defaultlib.mig_7series_v4_2_axi_mc_aw_chann...
Compiling module xil_defaultlib.mig_7series_v4_2_axi_mc_w_channe...
Compiling module xil_defaultlib.mig_7series_v4_2_axi_mc_fifo(C_W...
Compiling module xil_defaultlib.mig_7series_v4_2_axi_mc_b_channe...
Compiling module xil_defaultlib.mig_7series_v4_2_axi_mc_incr_cmd...
Compiling module xil_defaultlib.mig_7series_v4_2_axi_mc_wrap_cmd...
Compiling module xil_defaultlib.mig_7series_v4_2_axi_mc_cmd_tran...
Compiling module xil_defaultlib.mig_7series_v4_2_axi_mc_cmd_fsm(...
Compiling module xil_defaultlib.mig_7series_v4_2_axi_mc_ar_chann...
Compiling module xil_defaultlib.mig_7series_v4_2_axi_mc_fifo(C_W...
Compiling module xil_defaultlib.mig_7series_v4_2_axi_mc_fifo(C_W...
Compiling module xil_defaultlib.mig_7series_v4_2_axi_mc_r_channe...
Compiling module xil_defaultlib.mig_7series_v4_2_axi_mc_cmd_arbi...
Compiling module xil_defaultlib.mig_7series_v4_2_axi_mc(C_FAMILY...
Compiling module xil_defaultlib.mig_7series_v4_2_memc_ui_top_axi...
Compiling module xil_defaultlib.design_1_mig_7series_0_0_mig_def...
Compiling module xil_defaultlib.design_1_mig_7series_0_0
Compiling architecture fdre_v of entity unisim.FDRE [\FDRE(init='1')\]
Compiling architecture implementation of entity lib_cdc_v1_0_2.cdc_sync [\cdc_sync(c_vector_width=2,c_mtb...]
Compiling architecture srl16e_v of entity unisim.SRL16E [\SRL16E(init="1111111111111111")...]
Compiling architecture srl16_v of entity unisim.SRL16 [\SRL16(init="1111111111111111")(...]
Compiling architecture imp of entity proc_sys_reset_v5_0_13.lpf [\lpf(c_ext_rst_width=4,c_aux_rst...]
Compiling architecture imp of entity proc_sys_reset_v5_0_13.upcnt_n [\upcnt_n(c_size=6)\]
Compiling architecture imp of entity proc_sys_reset_v5_0_13.sequence_psr [sequence_psr_default]
Compiling architecture imp of entity proc_sys_reset_v5_0_13.proc_sys_reset [\proc_sys_reset(c_family="artix7...]
Compiling architecture design_1_rst_clk_wiz_1_100m_0_arch of entity xil_defaultlib.design_1_rst_clk_wiz_1_100M_0 [design_1_rst_clk_wiz_1_100m_0_de...]
Compiling architecture imp of entity proc_sys_reset_v5_0_13.lpf [\lpf(c_ext_rst_width=4,c_aux_rst...]
Compiling architecture imp of entity proc_sys_reset_v5_0_13.proc_sys_reset [\proc_sys_reset(c_family="artix7...]
Compiling architecture design_1_rst_mig_7series_0_100m_0_arch of entity xil_defaultlib.design_1_rst_mig_7series_0_100M_0 [design_1_rst_mig_7series_0_100m_...]
Compiling module xil_defaultlib.design_1
Compiling module unisims_ver.IOBUF
Compiling module xil_defaultlib.design_1_wrapper
Compiling module xil_defaultlib.glbl
Built simulation snapshot design_1_wrapper_behav
