INFO: [VRFC 10-163] Analyzing VHDL file "C:/Users/Ryan/Desktop/Nexys-Video-HW/Nexys-Video-HW.gen/sources_1/bd/design_1/ipshared/66ea/hdl/axi_lite_ipif_v3_0_vh_rfs.vhd" into library axi_lite_ipif_v3_0_4
INFO: [VRFC 10-3107] analyzing entity 'pselect_f'
INFO: [VRFC 10-3107] analyzing entity 'address_decoder'
INFO: [VRFC 10-3107] analyzing entity 'slave_attachment'
INFO: [VRFC 10-3107] analyzing entity 'axi_lite_ipif'
INFO: [VRFC 10-163] Analyzing VHDL file "C:/Users/Ryan/Desktop/Nexys-Video-HW/Nexys-Video-HW.gen/sources_1/bd/design_1/ipshared/802b/hdl/axi_intc_v4_1_vh_rfs.vhd" into library axi_intc_v4_1_17
INFO: [VRFC 10-3107] analyzing entity 'double_synchronizer'
INFO: [VRFC 10-3107] analyzing entity 'shared_ram_ivar'
INFO: [VRFC 10-3107] analyzing entity 'pulse_synchronizer'
INFO: [VRFC 10-3107] analyzing entity 'intc_core'
INFO: [VRFC 10-3107] analyzing entity 'axi_intc'
INFO: [VRFC 10-163] Analyzing VHDL file "C:/Users/Ryan/Desktop/Nexys-Video-HW/Nexys-Video-HW.ip_user_files/bd/design_1/ip/design_1_microblaze_0_axi_intc_0/sim/design_1_microblaze_0_axi_intc_0.vhd" into library xil_defaultlib
INFO: [VRFC 10-3107] analyzing entity 'design_1_microblaze_0_axi_intc_0'
INFO: [VRFC 10-163] Analyzing VHDL file "C:/Users/Ryan/Desktop/Nexys-Video-HW/Nexys-Video-HW.gen/sources_1/bd/design_1/ipshared/cd1d/hdl/lmb_v10_v3_0_vh_rfs.vhd" into library lmb_v10_v3_0_12
INFO: [VRFC 10-3107] analyzing entity 'lmb_v10'
INFO: [VRFC 10-163] Analyzing VHDL file "C:/Users/Ryan/Desktop/Nexys-Video-HW/Nexys-Video-HW.ip_user_files/bd/design_1/ip/design_1_dlmb_v10_0/sim/design_1_dlmb_v10_0.vhd" into library xil_defaultlib
INFO: [VRFC 10-3107] analyzing entity 'design_1_dlmb_v10_0'
INFO: [VRFC 10-163] Analyzing VHDL file "C:/Users/Ryan/Desktop/Nexys-Video-HW/Nexys-Video-HW.ip_user_files/bd/design_1/ip/design_1_ilmb_v10_0/sim/design_1_ilmb_v10_0.vhd" into library xil_defaultlib
INFO: [VRFC 10-3107] analyzing entity 'design_1_ilmb_v10_0'
INFO: [VRFC 10-163] Analyzing VHDL file "C:/Users/Ryan/Desktop/Nexys-Video-HW/Nexys-Video-HW.gen/sources_1/bd/design_1/ipshared/b87e/hdl/lmb_bram_if_cntlr_v4_0_vh_rfs.vhd" into library lmb_bram_if_cntlr_v4_0_22
INFO: [VRFC 10-3107] analyzing entity 'MB_LUT6'
INFO: [VRFC 10-3107] analyzing entity 'MB_MUXCY'
INFO: [VRFC 10-3107] analyzing entity 'MB_XORCY'
INFO: [VRFC 10-3107] analyzing entity 'MB_MUXF7'
INFO: [VRFC 10-3107] analyzing entity 'MB_MUXF8'
INFO: [VRFC 10-3107] analyzing entity 'MB_FDRE'
INFO: [VRFC 10-3107] analyzing entity 'XOR18'
INFO: [VRFC 10-3107] analyzing entity 'Parity'
INFO: [VRFC 10-3107] analyzing entity 'ParityEnable'
INFO: [VRFC 10-3107] analyzing entity 'checkbit_handler'
INFO: [VRFC 10-3107] analyzing entity 'Correct_One_Bit'
INFO: [VRFC 10-3107] analyzing entity 'Correct_One_Bit_64'
INFO: [VRFC 10-3107] analyzing entity 'pselect_mask'
INFO: [VRFC 10-3107] analyzing entity 'axi_interface'
INFO: [VRFC 10-3107] analyzing entity 'round_robin_arbiter'
INFO: [VRFC 10-3107] analyzing entity 'lmb_mux'
INFO: [VRFC 10-3107] analyzing entity 'lmb_bram_if_cntlr'
INFO: [VRFC 10-163] Analyzing VHDL file "C:/Users/Ryan/Desktop/Nexys-Video-HW/Nexys-Video-HW.ip_user_files/bd/design_1/ip/design_1_dlmb_bram_if_cntlr_0/sim/design_1_dlmb_bram_if_cntlr_0.vhd" into library xil_defaultlib
INFO: [VRFC 10-3107] analyzing entity 'design_1_dlmb_bram_if_cntlr_0'
INFO: [VRFC 10-163] Analyzing VHDL file "C:/Users/Ryan/Desktop/Nexys-Video-HW/Nexys-Video-HW.ip_user_files/bd/design_1/ip/design_1_ilmb_bram_if_cntlr_0/sim/design_1_ilmb_bram_if_cntlr_0.vhd" into library xil_defaultlib
INFO: [VRFC 10-3107] analyzing entity 'design_1_ilmb_bram_if_cntlr_0'
INFO: [VRFC 10-163] Analyzing VHDL file "C:/Users/Ryan/Desktop/Nexys-Video-HW/Nexys-Video-HW.gen/sources_1/bd/design_1/ipshared/ef1e/hdl/lib_cdc_v1_0_rfs.vhd" into library lib_cdc_v1_0_2
INFO: [VRFC 10-3107] analyzing entity 'cdc_sync'
INFO: [VRFC 10-163] Analyzing VHDL file "C:/Users/Ryan/Desktop/Nexys-Video-HW/Nexys-Video-HW.gen/sources_1/bd/design_1/ipshared/8842/hdl/proc_sys_reset_v5_0_vh_rfs.vhd" into library proc_sys_reset_v5_0_13
INFO: [VRFC 10-3107] analyzing entity 'upcnt_n'
INFO: [VRFC 10-3107] analyzing entity 'sequence_psr'
INFO: [VRFC 10-3107] analyzing entity 'lpf'
INFO: [VRFC 10-3107] analyzing entity 'proc_sys_reset'
INFO: [VRFC 10-163] Analyzing VHDL file "C:/Users/Ryan/Desktop/Nexys-Video-HW/Nexys-Video-HW.ip_user_files/bd/design_1/ip/design_1_rst_clk_wiz_1_100M_0/sim/design_1_rst_clk_wiz_1_100M_0.vhd" into library xil_defaultlib
INFO: [VRFC 10-3107] analyzing entity 'design_1_rst_clk_wiz_1_100M_0'
INFO: [VRFC 10-163] Analyzing VHDL file "C:/Users/Ryan/Desktop/Nexys-Video-HW/Nexys-Video-HW.ip_user_files/bd/design_1/ip/design_1_rst_mig_7series_0_100M_0/sim/design_1_rst_mig_7series_0_100M_0.vhd" into library xil_defaultlib
INFO: [VRFC 10-3107] analyzing entity 'design_1_rst_mig_7series_0_100M_0'
INFO: [VRFC 10-163] Analyzing VHDL file "C:/Users/Ryan/Desktop/Nexys-Video-HW/Nexys-Video-HW.gen/sources_1/bd/design_1/ipshared/0513/hdl/lib_pkg_v1_0_rfs.vhd" into library lib_pkg_v1_0_2
INFO: [VRFC 10-163] Analyzing VHDL file "C:/Users/Ryan/Desktop/Nexys-Video-HW/Nexys-Video-HW.gen/sources_1/bd/design_1/ipshared/c97d/hdl/fifo_generator_v13_2_rfs.vhd" into library fifo_generator_v13_2_8
INFO: [VRFC 10-3107] analyzing entity 'input_blk'
INFO: [VRFC 10-3107] analyzing entity 'output_blk'
INFO: [VRFC 10-3107] analyzing entity 'shft_wrapper'
INFO: [VRFC 10-3107] analyzing entity 'shft_ram'
INFO: [VRFC 10-3107] analyzing entity 'wr_pf_as'
INFO: [VRFC 10-3107] analyzing entity 'wr_pf_ss'
INFO: [VRFC 10-3107] analyzing entity 'rd_pe_as'
INFO: [VRFC 10-3107] analyzing entity 'rd_pe_ss'
INFO: [VRFC 10-3107] analyzing entity 'synchronizer_ff'
INFO: [VRFC 10-3107] analyzing entity 'delay'
INFO: [VRFC 10-3107] analyzing entity 'bin_cntr'
INFO: [VRFC 10-3107] analyzing entity 'clk_x_pntrs_builtin'
INFO: [VRFC 10-3107] analyzing entity 'logic_builtin'
INFO: [VRFC 10-3107] analyzing entity 'builtin_prim'
INFO: [VRFC 10-3107] analyzing entity 'builtin_extdepth'
INFO: [VRFC 10-3107] analyzing entity 'builtin_top'
INFO: [VRFC 10-3107] analyzing entity 'reset_builtin'
INFO: [VRFC 10-3107] analyzing entity 'builtin_prim_v6'
INFO: [VRFC 10-3107] analyzing entity 'builtin_extdepth_v6'
INFO: [VRFC 10-3107] analyzing entity 'builtin_extdepth_low_latency'
INFO: [VRFC 10-3107] analyzing entity 'builtin_top_v6'
INFO: [VRFC 10-3107] analyzing entity 'fifo_generator_v13_2_8_builtin'
INFO: [VRFC 10-3107] analyzing entity 'bram_sync_reg'
INFO: [VRFC 10-3107] analyzing entity 'bram_fifo_rstlogic'
INFO: [VRFC 10-3107] analyzing entity 'reset_blk_ramfifo'
INFO: [VRFC 10-3107] analyzing entity 'axi_reg_slice'
INFO: [VRFC 10-3107] analyzing entity 'fifo_generator_top'
INFO: [VRFC 10-3107] analyzing entity 'fifo_generator_v13_2_8_synth'
INFO: [VRFC 10-163] Analyzing VHDL file "C:/Users/Ryan/Desktop/Nexys-Video-HW/Nexys-Video-HW.gen/sources_1/bd/design_1/ipshared/3d41/hdl/lib_fifo_v1_0_rfs.vhd" into library lib_fifo_v1_0_17
INFO: [VRFC 10-3107] analyzing entity 'async_fifo_fg'
INFO: [VRFC 10-3107] analyzing entity 'sync_fifo_fg'
INFO: [VRFC 10-163] Analyzing VHDL file "C:/Users/Ryan/Desktop/Nexys-Video-HW/Nexys-Video-HW.gen/sources_1/bd/design_1/ipshared/51ce/hdl/lib_srl_fifo_v1_0_rfs.vhd" into library lib_srl_fifo_v1_0_2
INFO: [VRFC 10-3107] analyzing entity 'cntr_incr_decr_addn_f'
INFO: [VRFC 10-3107] analyzing entity 'dynshreg_f'
INFO: [VRFC 10-3107] analyzing entity 'srl_fifo_rbu_f'
INFO: [VRFC 10-3107] analyzing entity 'srl_fifo_f'
INFO: [VRFC 10-163] Analyzing VHDL file "C:/Users/Ryan/Desktop/Nexys-Video-HW/Nexys-Video-HW.gen/sources_1/bd/design_1/ipshared/e959/hdl/axi_datamover_v5_1_vh_rfs.vhd" into library axi_datamover_v5_1_30
INFO: [VRFC 10-3107] analyzing entity 'axi_datamover_reset'
INFO: [VRFC 10-3107] analyzing entity 'axi_datamover_afifo_autord'
INFO: [VRFC 10-3107] analyzing entity 'axi_datamover_sfifo_autord'
INFO: [VRFC 10-3107] analyzing entity 'axi_datamover_fifo'
INFO: [VRFC 10-3107] analyzing entity 'axi_datamover_cmd_status'
INFO: [VRFC 10-3107] analyzing entity 'axi_datamover_scc'
INFO: [VRFC 10-3107] analyzing entity 'axi_datamover_strb_gen2'
INFO: [VRFC 10-3107] analyzing entity 'axi_datamover_pcc'
INFO: [VRFC 10-3107] analyzing entity 'axi_datamover_addr_cntl'
INFO: [VRFC 10-3107] analyzing entity 'axi_datamover_rdmux'
INFO: [VRFC 10-3107] analyzing entity 'axi_datamover_rddata_cntl'
INFO: [VRFC 10-3107] analyzing entity 'axi_datamover_rd_status_cntl'
INFO: [VRFC 10-3107] analyzing entity 'axi_datamover_wr_demux'
INFO: [VRFC 10-3107] analyzing entity 'axi_datamover_wrdata_cntl'
INFO: [VRFC 10-3107] analyzing entity 'axi_datamover_wr_status_cntl'
INFO: [VRFC 10-3107] analyzing entity 'axi_datamover_skid2mm_buf'
INFO: [VRFC 10-3107] analyzing entity 'axi_datamover_skid_buf'
INFO: [VRFC 10-3107] analyzing entity 'axi_datamover_rd_sf'
INFO: [VRFC 10-3107] analyzing entity 'axi_datamover_wr_sf'
INFO: [VRFC 10-3107] analyzing entity 'axi_datamover_stbs_set'
INFO: [VRFC 10-3107] analyzing entity 'axi_datamover_stbs_set_nodre'
INFO: [VRFC 10-3107] analyzing entity 'axi_datamover_ibttcc'
INFO: [VRFC 10-3107] analyzing entity 'axi_datamover_indet_btt'
INFO: [VRFC 10-3107] analyzing entity 'axi_datamover_dre_mux2_1_x_n'
INFO: [VRFC 10-3107] analyzing entity 'axi_datamover_dre_mux4_1_x_n'
INFO: [VRFC 10-3107] analyzing entity 'axi_datamover_dre_mux8_1_x_n'
INFO: [VRFC 10-3107] analyzing entity 'axi_datamover_mm2s_dre'
INFO: [VRFC 10-3107] analyzing entity 'axi_datamover_s2mm_dre'
INFO: [VRFC 10-3107] analyzing entity 'axi_datamover_ms_strb_set'
INFO: [VRFC 10-3107] analyzing entity 'axi_datamover_mssai_skid_buf'
INFO: [VRFC 10-3107] analyzing entity 'axi_datamover_slice'
INFO: [VRFC 10-3107] analyzing entity 'axi_datamover_s2mm_scatter'
INFO: [VRFC 10-3107] analyzing entity 'axi_datamover_s2mm_realign'
INFO: [VRFC 10-3107] analyzing entity 'axi_datamover_s2mm_basic_wrap'
INFO: [VRFC 10-3107] analyzing entity 'axi_datamover_s2mm_omit_wrap'
INFO: [VRFC 10-3107] analyzing entity 'axi_datamover_s2mm_full_wrap'
INFO: [VRFC 10-3107] analyzing entity 'axi_datamover_mm2s_basic_wrap'
INFO: [VRFC 10-3107] analyzing entity 'axi_datamover_mm2s_omit_wrap'
INFO: [VRFC 10-3107] analyzing entity 'axi_datamover_mm2s_full_wrap'
INFO: [VRFC 10-3107] analyzing entity 'axi_datamover'
INFO: [VRFC 10-163] Analyzing VHDL file "C:/Users/Ryan/Desktop/Nexys-Video-HW/Nexys-Video-HW.gen/sources_1/bd/design_1/ipshared/85d0/hdl/axi_sg_v4_1_rfs.vhd" into library axi_sg_v4_1_16
INFO: [VRFC 10-3107] analyzing entity 'axi_sg_reset'
INFO: [VRFC 10-3107] analyzing entity 'axi_sg_sfifo_autord'
INFO: [VRFC 10-3107] analyzing entity 'axi_sg_afifo_autord'
INFO: [VRFC 10-3107] analyzing entity 'axi_sg_fifo'
INFO: [VRFC 10-3107] analyzing entity 'axi_sg_cmd_status'
INFO: [VRFC 10-3107] analyzing entity 'axi_sg_rdmux'
INFO: [VRFC 10-3107] analyzing entity 'axi_sg_addr_cntl'
INFO: [VRFC 10-3107] analyzing entity 'axi_sg_rddata_cntl'
INFO: [VRFC 10-3107] analyzing entity 'axi_sg_rd_status_cntl'
INFO: [VRFC 10-3107] analyzing entity 'axi_sg_scc'
INFO: [VRFC 10-3107] analyzing entity 'axi_sg_wr_demux'
INFO: [VRFC 10-3107] analyzing entity 'axi_sg_scc_wr'
INFO: [VRFC 10-3107] analyzing entity 'axi_sg_skid2mm_buf'
INFO: [VRFC 10-3107] analyzing entity 'axi_sg_wrdata_cntl'
INFO: [VRFC 10-3107] analyzing entity 'axi_sg_wr_status_cntl'
INFO: [VRFC 10-3107] analyzing entity 'axi_sg_skid_buf'
INFO: [VRFC 10-3107] analyzing entity 'axi_sg_mm2s_basic_wrap'
INFO: [VRFC 10-3107] analyzing entity 'axi_sg_s2mm_basic_wrap'
INFO: [VRFC 10-3107] analyzing entity 'axi_sg_datamover'
INFO: [VRFC 10-3107] analyzing entity 'axi_sg_ftch_sm'
INFO: [VRFC 10-3107] analyzing entity 'axi_sg_ftch_pntr'
INFO: [VRFC 10-3107] analyzing entity 'axi_sg_ftch_cmdsts_if'
INFO: [VRFC 10-3107] analyzing entity 'axi_sg_ftch_mngr'
INFO: [VRFC 10-3107] analyzing entity 'axi_sg_cntrl_strm'
INFO: [VRFC 10-3107] analyzing entity 'axi_sg_ftch_queue'
INFO: [VRFC 10-3107] analyzing entity 'axi_sg_ftch_noqueue'
INFO: [VRFC 10-3107] analyzing entity 'axi_sg_ftch_q_mngr'
INFO: [VRFC 10-3107] analyzing entity 'axi_sg_updt_cmdsts_if'
INFO: [VRFC 10-3107] analyzing entity 'axi_sg_updt_sm'
INFO: [VRFC 10-3107] analyzing entity 'axi_sg_updt_mngr'
INFO: [VRFC 10-3107] analyzing entity 'axi_sg_updt_queue'
INFO: [VRFC 10-3107] analyzing entity 'axi_sg_updt_noqueue'
INFO: [VRFC 10-3107] analyzing entity 'axi_sg_updt_q_mngr'
INFO: [VRFC 10-3107] analyzing entity 'axi_sg_intrpt'
INFO: [VRFC 10-3107] analyzing entity 'axi_sg'
INFO: [VRFC 10-163] Analyzing VHDL file "C:/Users/Ryan/Desktop/Nexys-Video-HW/Nexys-Video-HW.gen/sources_1/bd/design_1/ipshared/50c3/hdl/axi_dma_v7_1_vh_rfs.vhd" into library axi_dma_v7_1_29
INFO: [VRFC 10-3107] analyzing entity 'axi_dma_reset'
INFO: [VRFC 10-3107] analyzing entity 'axi_dma_rst_module'
INFO: [VRFC 10-3107] analyzing entity 'axi_dma_lite_if'
INFO: [VRFC 10-3107] analyzing entity 'axi_dma_register'
INFO: [VRFC 10-3107] analyzing entity 'axi_dma_register_s2mm'
INFO: [VRFC 10-3107] analyzing entity 'axi_dma_reg_module'
INFO: [VRFC 10-3107] analyzing entity 'axi_dma_skid_buf'
INFO: [VRFC 10-3107] analyzing entity 'axi_dma_afifo_autord'
INFO: [VRFC 10-3107] analyzing entity 'axi_dma_s2mm'
INFO: [VRFC 10-3107] analyzing entity 'axi_dma_sofeof_gen'
INFO: [VRFC 10-3107] analyzing entity 'axi_dma_smple_sm'
INFO: [VRFC 10-3107] analyzing entity 'axi_dma_mm2s_sg_if'
INFO: [VRFC 10-3107] analyzing entity 'axi_dma_mm2s_sm'
INFO: [VRFC 10-3107] analyzing entity 'axi_dma_mm2s_cmdsts_if'
INFO: [VRFC 10-3107] analyzing entity 'axi_dma_mm2s_sts_mngr'
INFO: [VRFC 10-3107] analyzing entity 'axi_dma_mm2s_cntrl_strm'
INFO: [VRFC 10-3107] analyzing entity 'axi_dma_mm2s_mngr'
INFO: [VRFC 10-3107] analyzing entity 'axi_dma_s2mm_sg_if'
INFO: [VRFC 10-3107] analyzing entity 'axi_dma_s2mm_sm'
INFO: [VRFC 10-3107] analyzing entity 'axi_dma_s2mm_cmdsts_if'
INFO: [VRFC 10-3107] analyzing entity 'axi_dma_s2mm_sts_mngr'
INFO: [VRFC 10-3107] analyzing entity 'axi_dma_s2mm_sts_strm'
INFO: [VRFC 10-3107] analyzing entity 'axi_dma_s2mm_mngr'
INFO: [VRFC 10-3107] analyzing entity 'axi_dma_cmd_split'
INFO: [VRFC 10-3107] analyzing entity 'axi_dma'
INFO: [VRFC 10-163] Analyzing VHDL file "C:/Users/Ryan/Desktop/Nexys-Video-HW/Nexys-Video-HW.ip_user_files/bd/design_1/ip/design_1_axi_dma_0_0/sim/design_1_axi_dma_0_0.vhd" into library xil_defaultlib
INFO: [VRFC 10-3107] analyzing entity 'design_1_axi_dma_0_0'
INFO: [VRFC 10-163] Analyzing VHDL file "C:/Users/Ryan/Desktop/Nexys-Video-HW/Nexys-Video-HW.gen/sources_1/bd/design_1/ipshared/a040/hdl/interrupt_control_v3_1_vh_rfs.vhd" into library interrupt_control_v3_1_4
INFO: [VRFC 10-3107] analyzing entity 'interrupt_control'
INFO: [VRFC 10-163] Analyzing VHDL file "C:/Users/Ryan/Desktop/Nexys-Video-HW/Nexys-Video-HW.gen/sources_1/bd/design_1/ipshared/18b7/hdl/axi_gpio_v2_0_vh_rfs.vhd" into library axi_gpio_v2_0_30
INFO: [VRFC 10-3107] analyzing entity 'GPIO_Core'
INFO: [VRFC 10-3107] analyzing entity 'axi_gpio'
INFO: [VRFC 10-163] Analyzing VHDL file "C:/Users/Ryan/Desktop/Nexys-Video-HW/Nexys-Video-HW.ip_user_files/bd/design_1/ip/design_1_axi_gpio_0_0/sim/design_1_axi_gpio_0_0.vhd" into library xil_defaultlib
INFO: [VRFC 10-3107] analyzing entity 'design_1_axi_gpio_0_0'
INFO: [VRFC 10-163] Analyzing VHDL file "C:/Users/Ryan/Desktop/Nexys-Video-HW/Nexys-Video-HW.gen/sources_1/bd/design_1/ipshared/06a7/hdl/axi_iic_v2_1_vh_rfs.vhd" into library axi_iic_v2_1_4
INFO: [VRFC 10-3107] analyzing entity 'soft_reset'
INFO: [VRFC 10-3107] analyzing entity 'SRL_FIFO'
INFO: [VRFC 10-3107] analyzing entity 'upcnt_n'
INFO: [VRFC 10-3107] analyzing entity 'shift8'
INFO: [VRFC 10-3107] analyzing entity 'debounce'
INFO: [VRFC 10-3107] analyzing entity 'reg_interface'
INFO: [VRFC 10-3107] analyzing entity 'iic_control'
INFO: [VRFC 10-3107] analyzing entity 'filter'
INFO: [VRFC 10-3107] analyzing entity 'dynamic_master'
INFO: [VRFC 10-3107] analyzing entity 'axi_ipif_ssp1'
INFO: [VRFC 10-3107] analyzing entity 'iic'
INFO: [VRFC 10-3107] analyzing entity 'axi_iic'
INFO: [VRFC 10-163] Analyzing VHDL file "C:/Users/Ryan/Desktop/Nexys-Video-HW/Nexys-Video-HW.ip_user_files/bd/design_1/ip/design_1_axi_iic_0_0/sim/design_1_axi_iic_0_0.vhd" into library xil_defaultlib
INFO: [VRFC 10-3107] analyzing entity 'design_1_axi_iic_0_0'
INFO: [VRFC 10-163] Analyzing VHDL file "C:/Users/Ryan/Desktop/Nexys-Video-HW/Nexys-Video-HW.gen/sources_1/bd/design_1/ipshared/3dd9/hdl/axi_uartlite_v2_0_vh_rfs.vhd" into library axi_uartlite_v2_0_32
INFO: [VRFC 10-3107] analyzing entity 'dynshreg_i_f'
INFO: [VRFC 10-3107] analyzing entity 'uartlite_tx'
INFO: [VRFC 10-3107] analyzing entity 'uartlite_rx'
INFO: [VRFC 10-3107] analyzing entity 'baudrate'
INFO: [VRFC 10-3107] analyzing entity 'uartlite_core'
INFO: [VRFC 10-3107] analyzing entity 'axi_uartlite'
INFO: [VRFC 10-163] Analyzing VHDL file "C:/Users/Ryan/Desktop/Nexys-Video-HW/Nexys-Video-HW.ip_user_files/bd/design_1/ip/design_1_axi_uartlite_0_0/sim/design_1_axi_uartlite_0_0.vhd" into library xil_defaultlib
INFO: [VRFC 10-3107] analyzing entity 'design_1_axi_uartlite_0_0'
INFO: [VRFC 10-163] Analyzing VHDL file "C:/Users/Ryan/Desktop/Nexys-Video-HW/Nexys-Video-HW.ip_user_files/bd/design_1/ipshared/374c/src/rst_sync.vhd" into library xil_defaultlib
INFO: [VRFC 10-3107] analyzing entity 'rst_sync'
INFO: [VRFC 10-163] Analyzing VHDL file "C:/Users/Ryan/Desktop/Nexys-Video-HW/Nexys-Video-HW.ip_user_files/bd/design_1/ipshared/374c/src/i2s_ctl.vhd" into library xil_defaultlib
INFO: [VRFC 10-3107] analyzing entity 'i2s_ctl'
INFO: [VRFC 10-163] Analyzing VHDL file "C:/Users/Ryan/Desktop/Nexys-Video-HW/Nexys-Video-HW.ip_user_files/bd/design_1/ipshared/374c/src/DCM.vhd" into library xil_defaultlib
INFO: [VRFC 10-3107] analyzing entity 'DCM'
INFO: [VRFC 10-163] Analyzing VHDL file "C:/Users/Ryan/Desktop/Nexys-Video-HW/Nexys-Video-HW.ip_user_files/bd/design_1/ipshared/374c/src/Sync_ff.vhd" into library xil_defaultlib
INFO: [VRFC 10-3107] analyzing entity 'Sync_ff'
INFO: [VRFC 10-163] Analyzing VHDL file "C:/Users/Ryan/Desktop/Nexys-Video-HW/Nexys-Video-HW.ip_user_files/bd/design_1/ipshared/374c/src/i2s_stream.vhd" into library xil_defaultlib
INFO: [VRFC 10-3107] analyzing entity 'i2s_stream'
INFO: [VRFC 10-163] Analyzing VHDL file "C:/Users/Ryan/Desktop/Nexys-Video-HW/Nexys-Video-HW.ip_user_files/bd/design_1/ipshared/374c/src/i2s_rx_tx.vhd" into library xil_defaultlib
INFO: [VRFC 10-3107] analyzing entity 'i2s_rx_tx'
INFO: [VRFC 10-163] Analyzing VHDL file "C:/Users/Ryan/Desktop/Nexys-Video-HW/Nexys-Video-HW.ip_user_files/bd/design_1/ipshared/374c/src/d_axi_i2s_audio_v2_0_AXI_L.vhd" into library xil_defaultlib
INFO: [VRFC 10-3107] analyzing entity 'd_axi_i2s_audio_v2_0_AXI_L'
INFO: [VRFC 10-163] Analyzing VHDL file "C:/Users/Ryan/Desktop/Nexys-Video-HW/Nexys-Video-HW.ip_user_files/bd/design_1/ipshared/374c/src/d_axi_i2s_audio_v2_0.vhd" into library xil_defaultlib
INFO: [VRFC 10-3107] analyzing entity 'd_axi_i2s_audio_v2_0'
INFO: [VRFC 10-163] Analyzing VHDL file "C:/Users/Ryan/Desktop/Nexys-Video-HW/Nexys-Video-HW.ip_user_files/bd/design_1/ip/design_1_d_axi_i2s_audio_0_0/sim/design_1_d_axi_i2s_audio_0_0.vhd" into library xil_defaultlib
INFO: [VRFC 10-3107] analyzing entity 'design_1_d_axi_i2s_audio_0_0'
INFO: [VRFC 10-163] Analyzing VHDL file "C:/Users/Ryan/Desktop/Nexys-Video-HW/Nexys-Video-HW.gen/sources_1/bd/design_1/ipshared/4e42/hdl/mdm_v3_2_vh_rfs.vhd" into library mdm_v3_2_24
INFO: [VRFC 10-3107] analyzing entity 'xil_scan_reset_control'
INFO: [VRFC 10-3107] analyzing entity 'MB_BSCANE2'
INFO: [VRFC 10-3107] analyzing entity 'MB_BUFG'
INFO: [VRFC 10-3107] analyzing entity 'MB_BUFGCE_1'
INFO: [VRFC 10-3107] analyzing entity 'MB_BUFGCTRL'
INFO: [VRFC 10-3107] analyzing entity 'MB_FDRE'
INFO: [VRFC 10-3107] analyzing entity 'MB_PLLE2_BASE'
INFO: [VRFC 10-3107] analyzing entity 'MB_FDC_1'
INFO: [VRFC 10-3107] analyzing entity 'MB_FDRE_1'
INFO: [VRFC 10-3107] analyzing entity 'MB_SRL16E'
INFO: [VRFC 10-3107] analyzing entity 'MB_FDRSE'
INFO: [VRFC 10-3107] analyzing entity 'MB_MUXCY_XORCY'
INFO: [VRFC 10-3107] analyzing entity 'MB_MUXCY'
INFO: [VRFC 10-3107] analyzing entity 'MB_XORCY'
INFO: [VRFC 10-3107] analyzing entity 'MB_SRLC32E'
INFO: [VRFC 10-3107] analyzing entity 'carry_and'
INFO: [VRFC 10-3107] analyzing entity 'carry_or_vec'
INFO: [VRFC 10-3107] analyzing entity 'carry_or'
INFO: [VRFC 10-3107] analyzing entity 'select_bit'
INFO: [VRFC 10-3107] analyzing entity 'MB_LUT1'
INFO: [VRFC 10-3107] analyzing entity 'Arbiter'
INFO: [VRFC 10-3107] analyzing entity 'SRL_FIFO'
INFO: [VRFC 10-3107] analyzing entity 'bus_master'
INFO: [VRFC 10-3107] analyzing entity 'JTAG_CONTROL'
INFO: [VRFC 10-3107] analyzing entity 'MDM_Core'
INFO: [VRFC 10-3107] analyzing entity 'MDM'
INFO: [VRFC 10-163] Analyzing VHDL file "C:/Users/Ryan/Desktop/Nexys-Video-HW/Nexys-Video-HW.ip_user_files/bd/design_1/ip/design_1_mdm_1_0/sim/design_1_mdm_1_0.vhd" into library xil_defaultlib
INFO: [VRFC 10-3107] analyzing entity 'design_1_mdm_1_0'
INFO: [VRFC 10-163] Analyzing VHDL file "C:/Users/Ryan/Desktop/Nexys-Video-HW/Nexys-Video-HW.gen/sources_1/bd/design_1/ipshared/e224/hdl/microblaze_v11_0_vh_rfs.vhd" into library microblaze_v11_0_11
INFO: [VRFC 10-3107] analyzing entity 'xil_scan_reset_control'
INFO: [VRFC 10-3107] analyzing entity 'MB_SRL16E'
INFO: [VRFC 10-3107] analyzing entity 'MB_SRLC16E'
INFO: [VRFC 10-3107] analyzing entity 'MB_LUT1'
INFO: [VRFC 10-3107] analyzing entity 'MB_LUT2'
INFO: [VRFC 10-3107] analyzing entity 'MB_LUT3'
INFO: [VRFC 10-3107] analyzing entity 'MB_LUT4'
INFO: [VRFC 10-3107] analyzing entity 'MB_LUT5'
INFO: [VRFC 10-3107] analyzing entity 'MB_LUT6'
INFO: [VRFC 10-3107] analyzing entity 'MB_LUT6_2'
INFO: [VRFC 10-3107] analyzing entity 'MB_MUXCY'
INFO: [VRFC 10-3107] analyzing entity 'MB_XORCY'
INFO: [VRFC 10-3107] analyzing entity 'MB_AND2B1L'
INFO: [VRFC 10-3107] analyzing entity 'MB_OR2L'
INFO: [VRFC 10-3107] analyzing entity 'MB_MUXF7'
INFO: [VRFC 10-3107] analyzing entity 'MB_MUXF8'
INFO: [VRFC 10-3107] analyzing entity 'MB_MUXF9'
INFO: [VRFC 10-3107] analyzing entity 'MB_RAM32M'
INFO: [VRFC 10-3107] analyzing entity 'MB_RAM16X1D'
INFO: [VRFC 10-3107] analyzing entity 'MB_RAM32X1D'
INFO: [VRFC 10-3107] analyzing entity 'MB_MULT18X18S'
INFO: [VRFC 10-3107] analyzing entity 'MB_FD'
INFO: [VRFC 10-3107] analyzing entity 'MB_FDR'
INFO: [VRFC 10-3107] analyzing entity 'MB_FDRE'
INFO: [VRFC 10-3107] analyzing entity 'MB_FDE'
INFO: [VRFC 10-3107] analyzing entity 'MB_FDSE'
INFO: [VRFC 10-3107] analyzing entity 'MB_FDS'
INFO: [VRFC 10-3107] analyzing entity 'MB_FDRSE'
INFO: [VRFC 10-3107] analyzing entity 'MB_MULT_AND'
INFO: [VRFC 10-3107] analyzing entity 'MB_RAMB36'
INFO: [VRFC 10-3107] analyzing entity 'MB_MUXCY_XORCY'
INFO: [VRFC 10-3107] analyzing entity 'MB_DSP48E1'
INFO: [VRFC 10-3107] analyzing entity 'mb_sync_bit'
INFO: [VRFC 10-3107] analyzing entity 'mb_sync_vec'
INFO: [VRFC 10-3107] analyzing entity 'mb_sync_reset'
INFO: [VRFC 10-3107] analyzing entity 'OneHot_Buffer'
INFO: [VRFC 10-3107] analyzing entity 'two_piperun_fd'
INFO: [VRFC 10-3107] analyzing entity 'mux_bus'
INFO: [VRFC 10-3107] analyzing entity 'Parity_Recursive_LUT6'
INFO: [VRFC 10-3107] analyzing entity 'Parity'
INFO: [VRFC 10-3107] analyzing entity 'comparator'
INFO: [VRFC 10-3107] analyzing entity 'comparator_bool'
INFO: [VRFC 10-3107] analyzing entity 'carry_and'
INFO: [VRFC 10-3107] analyzing entity 'carry_and_bs'
INFO: [VRFC 10-3107] analyzing entity 'carry_and_bb'
INFO: [VRFC 10-3107] analyzing entity 'carry_and_n_bb'
INFO: [VRFC 10-3107] analyzing entity 'carry_latch_and_bb'
INFO: [VRFC 10-3107] analyzing entity 'carry_latch_and_n_bb'
INFO: [VRFC 10-3107] analyzing entity 'carry_or'
INFO: [VRFC 10-3107] analyzing entity 'carry_or_bs'
INFO: [VRFC 10-3107] analyzing entity 'carry_or_bb'
INFO: [VRFC 10-3107] analyzing entity 'carry_or_n_bb'
INFO: [VRFC 10-3107] analyzing entity 'carry_equal'
INFO: [VRFC 10-3107] analyzing entity 'carry_compare'
INFO: [VRFC 10-3107] analyzing entity 'carry_compare_bool'
INFO: [VRFC 10-3107] analyzing entity 'carry_compare_mask'
INFO: [VRFC 10-3107] analyzing entity 'carry_compare_mask_bool'
INFO: [VRFC 10-3107] analyzing entity 'carry_compare_const'
INFO: [VRFC 10-3107] analyzing entity 'carry_compare_const_bool'
INFO: [VRFC 10-3107] analyzing entity 'Carry_Compare_GE'
INFO: [VRFC 10-3107] analyzing entity 'find_first_bit'
INFO: [VRFC 10-3107] analyzing entity 'mux4_8'
INFO: [VRFC 10-3107] analyzing entity 'mux4'
INFO: [VRFC 10-3107] analyzing entity 'vec_mux'
INFO: [VRFC 10-3107] analyzing entity 'srl_fifo'
INFO: [VRFC 10-3107] analyzing entity 'ALU_Bit'
INFO: [VRFC 10-3107] analyzing entity 'ALU'
INFO: [VRFC 10-3107] analyzing entity 'MSR_Reg_Bit'
INFO: [VRFC 10-3107] analyzing entity 'MSR_Reg'
INFO: [VRFC 10-3107] analyzing entity 'msr_reg_gti'
INFO: [VRFC 10-3107] analyzing entity 'MSR_Reg_ff'
INFO: [VRFC 10-3107] analyzing entity 'dsp_module'
INFO: [VRFC 10-3107] analyzing entity 'mul_unit'
INFO: [VRFC 10-3107] analyzing entity 'mul_unit_ff'
INFO: [VRFC 10-3107] analyzing entity 'Div_unit'
INFO: [VRFC 10-3107] analyzing entity 'Div_unit_gti'
INFO: [VRFC 10-3107] analyzing entity 'Div_Unit_ff'
INFO: [VRFC 10-3107] analyzing entity 'Operand_Select_Bit'
INFO: [VRFC 10-3107] analyzing entity 'Operand_Select'
INFO: [VRFC 10-3107] analyzing entity 'Operand_Select_gti'
INFO: [VRFC 10-3107] analyzing entity 'Operand_Select_ff'
INFO: [VRFC 10-3107] analyzing entity 'PC_Bit'
INFO: [VRFC 10-3107] analyzing entity 'PC_Module'
INFO: [VRFC 10-3107] analyzing entity 'PC_Module_gti'
INFO: [VRFC 10-3107] analyzing entity 'PC_Module_ff'
INFO: [VRFC 10-3107] analyzing entity 'PreFetch_Buffer'
INFO: [VRFC 10-3107] analyzing entity 'PreFetch_Buffer_gti'
INFO: [VRFC 10-3107] analyzing entity 'PreFetch_Buffer_ff'
INFO: [VRFC 10-3107] analyzing entity 'Register_File_Bit'
INFO: [VRFC 10-3107] analyzing entity 'Register_File'
INFO: [VRFC 10-3107] analyzing entity 'Register_File_gti'
INFO: [VRFC 10-3107] analyzing entity 'count_leading_zeros'
INFO: [VRFC 10-3107] analyzing entity 'Shift_Logic_Bit'
INFO: [VRFC 10-3107] analyzing entity 'Shift_Logic_Module'
INFO: [VRFC 10-3107] analyzing entity 'Shift_Logic_Module_gti'
INFO: [VRFC 10-3107] analyzing entity 'Zero_Detect'
INFO: [VRFC 10-3107] analyzing entity 'Zero_Detect_gti'
INFO: [VRFC 10-3107] analyzing entity 'barrel_shift'
INFO: [VRFC 10-3107] analyzing entity 'Barrel_Shifter_gti'
INFO: [VRFC 10-3107] analyzing entity 'WB_Mux_Bit'
INFO: [VRFC 10-3107] analyzing entity 'WB_Mux'
INFO: [VRFC 10-3107] analyzing entity 'WB_Mux_ff'
INFO: [VRFC 10-3107] analyzing entity 'Byte_Doublet_Handle'
INFO: [VRFC 10-3107] analyzing entity 'Byte_Doublet_Handle_gti'
INFO: [VRFC 10-3107] analyzing entity 'Byte_Doublet_Handle_ff'
INFO: [VRFC 10-3107] analyzing entity 'Data_Flow_Logic'
INFO: [VRFC 10-3107] analyzing entity 'Data_Flow_Logic_ff'
INFO: [VRFC 10-3107] analyzing entity 'Streaming_AXI'
INFO: [VRFC 10-3107] analyzing entity 'exception_registers'
INFO: [VRFC 10-3107] analyzing entity 'exception_registers_gti'
INFO: [VRFC 10-3107] analyzing entity 'exception_registers_ff'
INFO: [VRFC 10-3107] analyzing entity 'FPU_ADDSUB'
INFO: [VRFC 10-3107] analyzing entity 'FPU_DIV'
INFO: [VRFC 10-3107] analyzing entity 'FPU_MUL'
INFO: [VRFC 10-3107] analyzing entity 'fpu_conv'
INFO: [VRFC 10-3107] analyzing entity 'fpu_sqrt'
INFO: [VRFC 10-3107] analyzing entity 'FPU_DIV_FF'
INFO: [VRFC 10-3107] analyzing entity 'FPU_MUL_ff'
INFO: [VRFC 10-3107] analyzing entity 'fpu_conv_ff'
INFO: [VRFC 10-3107] analyzing entity 'fpu_sqrt_ff'
INFO: [VRFC 10-3107] analyzing entity 'Fpu'
INFO: [VRFC 10-3107] analyzing entity 'Fpu_ff'
INFO: [VRFC 10-3107] analyzing entity 'PVR'
INFO: [VRFC 10-3107] analyzing entity 'Result_Mux_Bit'
INFO: [VRFC 10-3107] analyzing entity 'Result_Mux'
INFO: [VRFC 10-3107] analyzing entity 'stack_protection'
INFO: [VRFC 10-3107] analyzing entity 'Data_Flow'
INFO: [VRFC 10-3107] analyzing entity 'Data_Flow_gti'
INFO: [VRFC 10-3107] analyzing entity 'Data_Flow_ff'
INFO: [VRFC 10-3107] analyzing entity 'jump_logic'
INFO: [VRFC 10-3107] analyzing entity 'Jump_Logic_ff'
INFO: [VRFC 10-3107] analyzing entity 'Decode'
INFO: [VRFC 10-3107] analyzing entity 'Decode_gti'
INFO: [VRFC 10-3107] analyzing entity 'decode_conflict_ff'
INFO: [VRFC 10-3107] analyzing entity 'decode_exception_flow_ff'
INFO: [VRFC 10-3107] analyzing entity 'decode_instr_flow_ff'
INFO: [VRFC 10-3107] analyzing entity 'decode_pipe_flow_ff'
INFO: [VRFC 10-3107] analyzing entity 'Decode_ff'
INFO: [VRFC 10-3107] analyzing entity 'address_hit'
INFO: [VRFC 10-3107] analyzing entity 'address_data_hit'
INFO: [VRFC 10-3107] analyzing entity 'Debug'
INFO: [VRFC 10-3107] analyzing entity 'Debug_Profile'
INFO: [VRFC 10-3107] analyzing entity 'debug_stat_counter'
INFO: [VRFC 10-3107] analyzing entity 'Debug_Stat'
INFO: [VRFC 10-3107] analyzing entity 'Debug_Trace'
INFO: [VRFC 10-3107] analyzing entity 'DAXI_interface'
INFO: [VRFC 10-3107] analyzing entity 'DAXI_interface_ff'
INFO: [VRFC 10-3107] analyzing entity 'IAXI_Interface'
INFO: [VRFC 10-3107] analyzing entity 'IAXI_Interface_ff'
INFO: [VRFC 10-3107] analyzing entity 'DLMB_Interface_ff'
INFO: [VRFC 10-3107] analyzing entity 'ILMB_Interface_ff'
INFO: [VRFC 10-3107] analyzing entity 'RAM_Module'
INFO: [VRFC 10-3107] analyzing entity 'LRU_Module'
INFO: [VRFC 10-3107] analyzing entity 'victim_cache'
INFO: [VRFC 10-3107] analyzing entity 'victim_cache_ff'
INFO: [VRFC 10-3107] analyzing entity 'stream_cache'
INFO: [VRFC 10-3107] analyzing entity 'stream_cache_ff'
INFO: [VRFC 10-3107] analyzing entity 'Cache_Interface'
INFO: [VRFC 10-3107] analyzing entity 'Cache_Interface_ff'
INFO: [VRFC 10-3107] analyzing entity 'Icache'
INFO: [VRFC 10-3107] analyzing entity 'DCache'
INFO: [VRFC 10-3107] analyzing entity 'DCache_gti'
INFO: [VRFC 10-3107] analyzing entity 'carry_hit'
INFO: [VRFC 10-3107] analyzing entity 'Cache_ff'
INFO: [VRFC 10-3107] analyzing entity 'cache_valid_bit_detect'
INFO: [VRFC 10-3107] analyzing entity 'cachehit_detect'
INFO: [VRFC 10-3107] analyzing entity 'DCache_wb'
INFO: [VRFC 10-3107] analyzing entity 'instr_mux'
INFO: [VRFC 10-3107] analyzing entity 'Instr_Mux_ff'
INFO: [VRFC 10-3107] analyzing entity 'read_data_mux'
INFO: [VRFC 10-3107] analyzing entity 'Read_Data_Mux_ff'
INFO: [VRFC 10-3107] analyzing entity 'ISide_Logic_ff'
INFO: [VRFC 10-3107] analyzing entity 'DSide_Logic_ff'
INFO: [VRFC 10-3107] analyzing entity 'interrupt_mode_converter'
INFO: [VRFC 10-3107] analyzing entity 'MMU_TLB'
INFO: [VRFC 10-3107] analyzing entity 'MMU_UTLB_RAM'
INFO: [VRFC 10-3107] analyzing entity 'MMU_UTLB'
INFO: [VRFC 10-3107] analyzing entity 'MMU'
INFO: [VRFC 10-3107] analyzing entity 'MMU_ff'
INFO: [VRFC 10-3107] analyzing entity 'MicroBlaze_Area'
INFO: [VRFC 10-3107] analyzing entity 'MicroBlaze_GTi'
INFO: [VRFC 10-3107] analyzing entity 'MicroBlaze_FF'
INFO: [VRFC 10-3107] analyzing entity 'MicroBlaze_Core'
INFO: [VRFC 10-3107] analyzing entity 'MicroBlaze'
INFO: [VRFC 10-163] Analyzing VHDL file "C:/Users/Ryan/Desktop/Nexys-Video-HW/Nexys-Video-HW.ip_user_files/bd/design_1/ip/design_1_microblaze_0_0/sim/design_1_microblaze_0_0.vhd" into library xil_defaultlib
INFO: [VRFC 10-3107] analyzing entity 'design_1_microblaze_0_0'
