INFO: [VRFC 10-2263] Analyzing Verilog file "C:/Users/Ryan/Desktop/Nexys-Video-HW/Nexys-Video-HW.gen/sources_1/bd/design_1/ipshared/bb55/simulation/blk_mem_gen_v8_4.v" into library blk_mem_gen_v8_4_6
INFO: [VRFC 10-311] analyzing module STATE_LOGIC_v8_4
INFO: [VRFC 10-311] analyzing module beh_vlog_muxf7_v8_4
INFO: [VRFC 10-311] analyzing module beh_vlog_ff_clr_v8_4
INFO: [VRFC 10-311] analyzing module beh_vlog_ff_pre_v8_4
INFO: [VRFC 10-311] analyzing module beh_vlog_ff_ce_clr_v8_4
INFO: [VRFC 10-311] analyzing module write_netlist_v8_4
INFO: [VRFC 10-311] analyzing module read_netlist_v8_4
INFO: [VRFC 10-311] analyzing module blk_mem_axi_write_wrapper_beh_v8_4
INFO: [VRFC 10-311] analyzing module blk_mem_axi_read_wrapper_beh_v8_4
INFO: [VRFC 10-311] analyzing module blk_mem_axi_regs_fwd_v8_4
INFO: [VRFC 10-311] analyzing module blk_mem_gen_v8_4_6_output_stage
INFO: [VRFC 10-311] analyzing module blk_mem_gen_v8_4_6_softecc_output_reg_stage
INFO: [VRFC 10-311] analyzing module blk_mem_gen_v8_4_6_mem_module
INFO: [VRFC 10-311] analyzing module blk_mem_gen_v8_4_6
INFO: [VRFC 10-2263] Analyzing Verilog file "C:/Users/Ryan/Desktop/Nexys-Video-HW/Nexys-Video-HW.ip_user_files/bd/design_1/ip/design_1_lmb_bram_0/sim/design_1_lmb_bram_0.v" into library xil_defaultlib
INFO: [VRFC 10-311] analyzing module design_1_lmb_bram_0
INFO: [VRFC 10-2263] Analyzing Verilog file "C:/Users/Ryan/Desktop/Nexys-Video-HW/Nexys-Video-HW.gen/sources_1/bd/design_1/ipshared/4b67/hdl/xlconcat_v2_1_vl_rfs.v" into library xlconcat_v2_1_4
INFO: [VRFC 10-311] analyzing module xlconcat_v2_1_4_xlconcat
INFO: [VRFC 10-2263] Analyzing Verilog file "C:/Users/Ryan/Desktop/Nexys-Video-HW/Nexys-Video-HW.ip_user_files/bd/design_1/ip/design_1_microblaze_0_xlconcat_0/sim/design_1_microblaze_0_xlconcat_0.v" into library xil_defaultlib
INFO: [VRFC 10-311] analyzing module design_1_microblaze_0_xlconcat_0
INFO: [VRFC 10-2263] Analyzing Verilog file "C:/Users/Ryan/Desktop/Nexys-Video-HW/Nexys-Video-HW.ip_user_files/bd/design_1/ip/design_1_mig_7series_0_0/design_1_mig_7series_0_0/user_design/rtl/axi/mig_7series_v4_2_axi_ctrl_addr_decode.v" into library xil_defaultlib
INFO: [VRFC 10-311] analyzing module mig_7series_v4_2_axi_ctrl_addr_decode
INFO: [VRFC 10-2263] Analyzing Verilog file "C:/Users/Ryan/Desktop/Nexys-Video-HW/Nexys-Video-HW.ip_user_files/bd/design_1/ip/design_1_mig_7series_0_0/design_1_mig_7series_0_0/user_design/rtl/axi/mig_7series_v4_2_axi_ctrl_read.v" into library xil_defaultlib
INFO: [VRFC 10-311] analyzing module mig_7series_v4_2_axi_ctrl_read
INFO: [VRFC 10-2263] Analyzing Verilog file "C:/Users/Ryan/Desktop/Nexys-Video-HW/Nexys-Video-HW.ip_user_files/bd/design_1/ip/design_1_mig_7series_0_0/design_1_mig_7series_0_0/user_design/rtl/axi/mig_7series_v4_2_axi_ctrl_reg.v" into library xil_defaultlib
INFO: [VRFC 10-311] analyzing module mig_7series_v4_2_axi_ctrl_reg
INFO: [VRFC 10-2263] Analyzing Verilog file "C:/Users/Ryan/Desktop/Nexys-Video-HW/Nexys-Video-HW.ip_user_files/bd/design_1/ip/design_1_mig_7series_0_0/design_1_mig_7series_0_0/user_design/rtl/axi/mig_7series_v4_2_axi_ctrl_reg_bank.v" into library xil_defaultlib
INFO: [VRFC 10-311] analyzing module mig_7series_v4_2_axi_ctrl_reg_bank
INFO: [VRFC 10-2263] Analyzing Verilog file "C:/Users/Ryan/Desktop/Nexys-Video-HW/Nexys-Video-HW.ip_user_files/bd/design_1/ip/design_1_mig_7series_0_0/design_1_mig_7series_0_0/user_design/rtl/axi/mig_7series_v4_2_axi_ctrl_top.v" into library xil_defaultlib
INFO: [VRFC 10-311] analyzing module mig_7series_v4_2_axi_ctrl_top
INFO: [VRFC 10-2263] Analyzing Verilog file "C:/Users/Ryan/Desktop/Nexys-Video-HW/Nexys-Video-HW.ip_user_files/bd/design_1/ip/design_1_mig_7series_0_0/design_1_mig_7series_0_0/user_design/rtl/axi/mig_7series_v4_2_axi_ctrl_write.v" into library xil_defaultlib
INFO: [VRFC 10-311] analyzing module mig_7series_v4_2_axi_ctrl_write
INFO: [VRFC 10-2263] Analyzing Verilog file "C:/Users/Ryan/Desktop/Nexys-Video-HW/Nexys-Video-HW.ip_user_files/bd/design_1/ip/design_1_mig_7series_0_0/design_1_mig_7series_0_0/user_design/rtl/axi/mig_7series_v4_2_axi_mc.v" into library xil_defaultlib
INFO: [VRFC 10-311] analyzing module mig_7series_v4_2_axi_mc
INFO: [VRFC 10-2263] Analyzing Verilog file "C:/Users/Ryan/Desktop/Nexys-Video-HW/Nexys-Video-HW.ip_user_files/bd/design_1/ip/design_1_mig_7series_0_0/design_1_mig_7series_0_0/user_design/rtl/axi/mig_7series_v4_2_axi_mc_ar_channel.v" into library xil_defaultlib
INFO: [VRFC 10-311] analyzing module mig_7series_v4_2_axi_mc_ar_channel
INFO: [VRFC 10-2263] Analyzing Verilog file "C:/Users/Ryan/Desktop/Nexys-Video-HW/Nexys-Video-HW.ip_user_files/bd/design_1/ip/design_1_mig_7series_0_0/design_1_mig_7series_0_0/user_design/rtl/axi/mig_7series_v4_2_axi_mc_aw_channel.v" into library xil_defaultlib
INFO: [VRFC 10-311] analyzing module mig_7series_v4_2_axi_mc_aw_channel
INFO: [VRFC 10-2263] Analyzing Verilog file "C:/Users/Ryan/Desktop/Nexys-Video-HW/Nexys-Video-HW.ip_user_files/bd/design_1/ip/design_1_mig_7series_0_0/design_1_mig_7series_0_0/user_design/rtl/axi/mig_7series_v4_2_axi_mc_b_channel.v" into library xil_defaultlib
INFO: [VRFC 10-311] analyzing module mig_7series_v4_2_axi_mc_b_channel
INFO: [VRFC 10-2263] Analyzing Verilog file "C:/Users/Ryan/Desktop/Nexys-Video-HW/Nexys-Video-HW.ip_user_files/bd/design_1/ip/design_1_mig_7series_0_0/design_1_mig_7series_0_0/user_design/rtl/axi/mig_7series_v4_2_axi_mc_cmd_arbiter.v" into library xil_defaultlib
INFO: [VRFC 10-311] analyzing module mig_7series_v4_2_axi_mc_cmd_arbiter
INFO: [VRFC 10-2263] Analyzing Verilog file "C:/Users/Ryan/Desktop/Nexys-Video-HW/Nexys-Video-HW.ip_user_files/bd/design_1/ip/design_1_mig_7series_0_0/design_1_mig_7series_0_0/user_design/rtl/axi/mig_7series_v4_2_axi_mc_cmd_fsm.v" into library xil_defaultlib
INFO: [VRFC 10-311] analyzing module mig_7series_v4_2_axi_mc_cmd_fsm
INFO: [VRFC 10-2263] Analyzing Verilog file "C:/Users/Ryan/Desktop/Nexys-Video-HW/Nexys-Video-HW.ip_user_files/bd/design_1/ip/design_1_mig_7series_0_0/design_1_mig_7series_0_0/user_design/rtl/axi/mig_7series_v4_2_axi_mc_cmd_translator.v" into library xil_defaultlib
INFO: [VRFC 10-311] analyzing module mig_7series_v4_2_axi_mc_cmd_translator
INFO: [VRFC 10-2263] Analyzing Verilog file "C:/Users/Ryan/Desktop/Nexys-Video-HW/Nexys-Video-HW.ip_user_files/bd/design_1/ip/design_1_mig_7series_0_0/design_1_mig_7series_0_0/user_design/rtl/axi/mig_7series_v4_2_axi_mc_fifo.v" into library xil_defaultlib
INFO: [VRFC 10-311] analyzing module mig_7series_v4_2_axi_mc_fifo
INFO: [VRFC 10-2263] Analyzing Verilog file "C:/Users/Ryan/Desktop/Nexys-Video-HW/Nexys-Video-HW.ip_user_files/bd/design_1/ip/design_1_mig_7series_0_0/design_1_mig_7series_0_0/user_design/rtl/axi/mig_7series_v4_2_axi_mc_incr_cmd.v" into library xil_defaultlib
INFO: [VRFC 10-311] analyzing module mig_7series_v4_2_axi_mc_incr_cmd
INFO: [VRFC 10-2263] Analyzing Verilog file "C:/Users/Ryan/Desktop/Nexys-Video-HW/Nexys-Video-HW.ip_user_files/bd/design_1/ip/design_1_mig_7series_0_0/design_1_mig_7series_0_0/user_design/rtl/axi/mig_7series_v4_2_axi_mc_r_channel.v" into library xil_defaultlib
INFO: [VRFC 10-311] analyzing module mig_7series_v4_2_axi_mc_r_channel
INFO: [VRFC 10-2263] Analyzing Verilog file "C:/Users/Ryan/Desktop/Nexys-Video-HW/Nexys-Video-HW.ip_user_files/bd/design_1/ip/design_1_mig_7series_0_0/design_1_mig_7series_0_0/user_design/rtl/axi/mig_7series_v4_2_axi_mc_simple_fifo.v" into library xil_defaultlib
INFO: [VRFC 10-311] analyzing module mig_7series_v4_2_axi_mc_simple_fifo
INFO: [VRFC 10-2263] Analyzing Verilog file "C:/Users/Ryan/Desktop/Nexys-Video-HW/Nexys-Video-HW.ip_user_files/bd/design_1/ip/design_1_mig_7series_0_0/design_1_mig_7series_0_0/user_design/rtl/axi/mig_7series_v4_2_axi_mc_wrap_cmd.v" into library xil_defaultlib
INFO: [VRFC 10-311] analyzing module mig_7series_v4_2_axi_mc_wrap_cmd
INFO: [VRFC 10-2263] Analyzing Verilog file "C:/Users/Ryan/Desktop/Nexys-Video-HW/Nexys-Video-HW.ip_user_files/bd/design_1/ip/design_1_mig_7series_0_0/design_1_mig_7series_0_0/user_design/rtl/axi/mig_7series_v4_2_axi_mc_wr_cmd_fsm.v" into library xil_defaultlib
INFO: [VRFC 10-311] analyzing module mig_7series_v4_2_axi_mc_wr_cmd_fsm
INFO: [VRFC 10-2263] Analyzing Verilog file "C:/Users/Ryan/Desktop/Nexys-Video-HW/Nexys-Video-HW.ip_user_files/bd/design_1/ip/design_1_mig_7series_0_0/design_1_mig_7series_0_0/user_design/rtl/axi/mig_7series_v4_2_axi_mc_w_channel.v" into library xil_defaultlib
INFO: [VRFC 10-311] analyzing module mig_7series_v4_2_axi_mc_w_channel
INFO: [VRFC 10-2263] Analyzing Verilog file "C:/Users/Ryan/Desktop/Nexys-Video-HW/Nexys-Video-HW.ip_user_files/bd/design_1/ip/design_1_mig_7series_0_0/design_1_mig_7series_0_0/user_design/rtl/axi/mig_7series_v4_2_ddr_axic_register_slice.v" into library xil_defaultlib
INFO: [VRFC 10-311] analyzing module mig_7series_v4_2_ddr_axic_register_slice
INFO: [VRFC 10-2263] Analyzing Verilog file "C:/Users/Ryan/Desktop/Nexys-Video-HW/Nexys-Video-HW.ip_user_files/bd/design_1/ip/design_1_mig_7series_0_0/design_1_mig_7series_0_0/user_design/rtl/axi/mig_7series_v4_2_ddr_axi_register_slice.v" into library xil_defaultlib
INFO: [VRFC 10-311] analyzing module mig_7series_v4_2_ddr_axi_register_slice
INFO: [VRFC 10-2263] Analyzing Verilog file "C:/Users/Ryan/Desktop/Nexys-Video-HW/Nexys-Video-HW.ip_user_files/bd/design_1/ip/design_1_mig_7series_0_0/design_1_mig_7series_0_0/user_design/rtl/axi/mig_7series_v4_2_ddr_axi_upsizer.v" into library xil_defaultlib
INFO: [VRFC 10-311] analyzing module mig_7series_v4_2_ddr_axi_upsizer
INFO: [VRFC 10-2263] Analyzing Verilog file "C:/Users/Ryan/Desktop/Nexys-Video-HW/Nexys-Video-HW.ip_user_files/bd/design_1/ip/design_1_mig_7series_0_0/design_1_mig_7series_0_0/user_design/rtl/axi/mig_7series_v4_2_ddr_a_upsizer.v" into library xil_defaultlib
INFO: [VRFC 10-311] analyzing module mig_7series_v4_2_ddr_a_upsizer
INFO: [VRFC 10-2263] Analyzing Verilog file "C:/Users/Ryan/Desktop/Nexys-Video-HW/Nexys-Video-HW.ip_user_files/bd/design_1/ip/design_1_mig_7series_0_0/design_1_mig_7series_0_0/user_design/rtl/axi/mig_7series_v4_2_ddr_carry_and.v" into library xil_defaultlib
INFO: [VRFC 10-311] analyzing module mig_7series_v4_2_ddr_carry_and
INFO: [VRFC 10-2263] Analyzing Verilog file "C:/Users/Ryan/Desktop/Nexys-Video-HW/Nexys-Video-HW.ip_user_files/bd/design_1/ip/design_1_mig_7series_0_0/design_1_mig_7series_0_0/user_design/rtl/axi/mig_7series_v4_2_ddr_carry_latch_and.v" into library xil_defaultlib
INFO: [VRFC 10-311] analyzing module mig_7series_v4_2_ddr_carry_latch_and
INFO: [VRFC 10-2263] Analyzing Verilog file "C:/Users/Ryan/Desktop/Nexys-Video-HW/Nexys-Video-HW.ip_user_files/bd/design_1/ip/design_1_mig_7series_0_0/design_1_mig_7series_0_0/user_design/rtl/axi/mig_7series_v4_2_ddr_carry_latch_or.v" into library xil_defaultlib
INFO: [VRFC 10-311] analyzing module mig_7series_v4_2_ddr_carry_latch_or
INFO: [VRFC 10-2263] Analyzing Verilog file "C:/Users/Ryan/Desktop/Nexys-Video-HW/Nexys-Video-HW.ip_user_files/bd/design_1/ip/design_1_mig_7series_0_0/design_1_mig_7series_0_0/user_design/rtl/axi/mig_7series_v4_2_ddr_carry_or.v" into library xil_defaultlib
INFO: [VRFC 10-311] analyzing module mig_7series_v4_2_ddr_carry_or
INFO: [VRFC 10-2263] Analyzing Verilog file "C:/Users/Ryan/Desktop/Nexys-Video-HW/Nexys-Video-HW.ip_user_files/bd/design_1/ip/design_1_mig_7series_0_0/design_1_mig_7series_0_0/user_design/rtl/axi/mig_7series_v4_2_ddr_command_fifo.v" into library xil_defaultlib
INFO: [VRFC 10-311] analyzing module mig_7series_v4_2_ddr_command_fifo
INFO: [VRFC 10-2263] Analyzing Verilog file "C:/Users/Ryan/Desktop/Nexys-Video-HW/Nexys-Video-HW.ip_user_files/bd/design_1/ip/design_1_mig_7series_0_0/design_1_mig_7series_0_0/user_design/rtl/axi/mig_7series_v4_2_ddr_comparator.v" into library xil_defaultlib
INFO: [VRFC 10-311] analyzing module mig_7series_v4_2_ddr_comparator
INFO: [VRFC 10-2263] Analyzing Verilog file "C:/Users/Ryan/Desktop/Nexys-Video-HW/Nexys-Video-HW.ip_user_files/bd/design_1/ip/design_1_mig_7series_0_0/design_1_mig_7series_0_0/user_design/rtl/axi/mig_7series_v4_2_ddr_comparator_sel.v" into library xil_defaultlib
INFO: [VRFC 10-311] analyzing module mig_7series_v4_2_ddr_comparator_sel
INFO: [VRFC 10-2263] Analyzing Verilog file "C:/Users/Ryan/Desktop/Nexys-Video-HW/Nexys-Video-HW.ip_user_files/bd/design_1/ip/design_1_mig_7series_0_0/design_1_mig_7series_0_0/user_design/rtl/axi/mig_7series_v4_2_ddr_comparator_sel_static.v" into library xil_defaultlib
INFO: [VRFC 10-311] analyzing module mig_7series_v4_2_ddr_comparator_sel_static
INFO: [VRFC 10-2263] Analyzing Verilog file "C:/Users/Ryan/Desktop/Nexys-Video-HW/Nexys-Video-HW.ip_user_files/bd/design_1/ip/design_1_mig_7series_0_0/design_1_mig_7series_0_0/user_design/rtl/axi/mig_7series_v4_2_ddr_r_upsizer.v" into library xil_defaultlib
INFO: [VRFC 10-311] analyzing module mig_7series_v4_2_ddr_r_upsizer
INFO: [VRFC 10-2263] Analyzing Verilog file "C:/Users/Ryan/Desktop/Nexys-Video-HW/Nexys-Video-HW.ip_user_files/bd/design_1/ip/design_1_mig_7series_0_0/design_1_mig_7series_0_0/user_design/rtl/axi/mig_7series_v4_2_ddr_w_upsizer.v" into library xil_defaultlib
INFO: [VRFC 10-311] analyzing module mig_7series_v4_2_ddr_w_upsizer
INFO: [VRFC 10-2263] Analyzing Verilog file "C:/Users/Ryan/Desktop/Nexys-Video-HW/Nexys-Video-HW.ip_user_files/bd/design_1/ip/design_1_mig_7series_0_0/design_1_mig_7series_0_0/user_design/rtl/clocking/mig_7series_v4_2_clk_ibuf.v" into library xil_defaultlib
INFO: [VRFC 10-311] analyzing module mig_7series_v4_2_clk_ibuf
INFO: [VRFC 10-2263] Analyzing Verilog file "C:/Users/Ryan/Desktop/Nexys-Video-HW/Nexys-Video-HW.ip_user_files/bd/design_1/ip/design_1_mig_7series_0_0/design_1_mig_7series_0_0/user_design/rtl/clocking/mig_7series_v4_2_infrastructure.v" into library xil_defaultlib
INFO: [VRFC 10-311] analyzing module mig_7series_v4_2_infrastructure
INFO: [VRFC 10-2263] Analyzing Verilog file "C:/Users/Ryan/Desktop/Nexys-Video-HW/Nexys-Video-HW.ip_user_files/bd/design_1/ip/design_1_mig_7series_0_0/design_1_mig_7series_0_0/user_design/rtl/clocking/mig_7series_v4_2_iodelay_ctrl.v" into library xil_defaultlib
INFO: [VRFC 10-311] analyzing module mig_7series_v4_2_iodelay_ctrl
INFO: [VRFC 10-2263] Analyzing Verilog file "C:/Users/Ryan/Desktop/Nexys-Video-HW/Nexys-Video-HW.ip_user_files/bd/design_1/ip/design_1_mig_7series_0_0/design_1_mig_7series_0_0/user_design/rtl/clocking/mig_7series_v4_2_tempmon.v" into library xil_defaultlib
INFO: [VRFC 10-311] analyzing module mig_7series_v4_2_tempmon
INFO: [VRFC 10-2263] Analyzing Verilog file "C:/Users/Ryan/Desktop/Nexys-Video-HW/Nexys-Video-HW.ip_user_files/bd/design_1/ip/design_1_mig_7series_0_0/design_1_mig_7series_0_0/user_design/rtl/controller/mig_7series_v4_2_arb_mux.v" into library xil_defaultlib
INFO: [VRFC 10-311] analyzing module mig_7series_v4_2_arb_mux
INFO: [VRFC 10-2263] Analyzing Verilog file "C:/Users/Ryan/Desktop/Nexys-Video-HW/Nexys-Video-HW.ip_user_files/bd/design_1/ip/design_1_mig_7series_0_0/design_1_mig_7series_0_0/user_design/rtl/controller/mig_7series_v4_2_arb_row_col.v" into library xil_defaultlib
INFO: [VRFC 10-311] analyzing module mig_7series_v4_2_arb_row_col
WARNING: [VRFC 10-8332] begin/end is required for generate-for in this mode of Verilog [C:/Users/Ryan/Desktop/Nexys-Video-HW/Nexys-Video-HW.ip_user_files/bd/design_1/ip/design_1_mig_7series_0_0/design_1_mig_7series_0_0/user_design/rtl/controller/mig_7series_v4_2_arb_row_col.v:252]
INFO: [VRFC 10-2263] Analyzing Verilog file "C:/Users/Ryan/Desktop/Nexys-Video-HW/Nexys-Video-HW.ip_user_files/bd/design_1/ip/design_1_mig_7series_0_0/design_1_mig_7series_0_0/user_design/rtl/controller/mig_7series_v4_2_arb_select.v" into library xil_defaultlib
INFO: [VRFC 10-311] analyzing module mig_7series_v4_2_arb_select
INFO: [VRFC 10-2263] Analyzing Verilog file "C:/Users/Ryan/Desktop/Nexys-Video-HW/Nexys-Video-HW.ip_user_files/bd/design_1/ip/design_1_mig_7series_0_0/design_1_mig_7series_0_0/user_design/rtl/controller/mig_7series_v4_2_bank_cntrl.v" into library xil_defaultlib
INFO: [VRFC 10-311] analyzing module mig_7series_v4_2_bank_cntrl
INFO: [VRFC 10-2263] Analyzing Verilog file "C:/Users/Ryan/Desktop/Nexys-Video-HW/Nexys-Video-HW.ip_user_files/bd/design_1/ip/design_1_mig_7series_0_0/design_1_mig_7series_0_0/user_design/rtl/controller/mig_7series_v4_2_bank_common.v" into library xil_defaultlib
INFO: [VRFC 10-311] analyzing module mig_7series_v4_2_bank_common
INFO: [VRFC 10-2263] Analyzing Verilog file "C:/Users/Ryan/Desktop/Nexys-Video-HW/Nexys-Video-HW.ip_user_files/bd/design_1/ip/design_1_mig_7series_0_0/design_1_mig_7series_0_0/user_design/rtl/controller/mig_7series_v4_2_bank_compare.v" into library xil_defaultlib
INFO: [VRFC 10-311] analyzing module mig_7series_v4_2_bank_compare
INFO: [VRFC 10-2263] Analyzing Verilog file "C:/Users/Ryan/Desktop/Nexys-Video-HW/Nexys-Video-HW.ip_user_files/bd/design_1/ip/design_1_mig_7series_0_0/design_1_mig_7series_0_0/user_design/rtl/controller/mig_7series_v4_2_bank_mach.v" into library xil_defaultlib
INFO: [VRFC 10-311] analyzing module mig_7series_v4_2_bank_mach
INFO: [VRFC 10-2263] Analyzing Verilog file "C:/Users/Ryan/Desktop/Nexys-Video-HW/Nexys-Video-HW.ip_user_files/bd/design_1/ip/design_1_mig_7series_0_0/design_1_mig_7series_0_0/user_design/rtl/controller/mig_7series_v4_2_bank_queue.v" into library xil_defaultlib
INFO: [VRFC 10-311] analyzing module mig_7series_v4_2_bank_queue
INFO: [VRFC 10-2263] Analyzing Verilog file "C:/Users/Ryan/Desktop/Nexys-Video-HW/Nexys-Video-HW.ip_user_files/bd/design_1/ip/design_1_mig_7series_0_0/design_1_mig_7series_0_0/user_design/rtl/controller/mig_7series_v4_2_bank_state.v" into library xil_defaultlib
INFO: [VRFC 10-311] analyzing module mig_7series_v4_2_bank_state
INFO: [VRFC 10-2263] Analyzing Verilog file "C:/Users/Ryan/Desktop/Nexys-Video-HW/Nexys-Video-HW.ip_user_files/bd/design_1/ip/design_1_mig_7series_0_0/design_1_mig_7series_0_0/user_design/rtl/controller/mig_7series_v4_2_col_mach.v" into library xil_defaultlib
INFO: [VRFC 10-311] analyzing module mig_7series_v4_2_col_mach
INFO: [VRFC 10-2263] Analyzing Verilog file "C:/Users/Ryan/Desktop/Nexys-Video-HW/Nexys-Video-HW.ip_user_files/bd/design_1/ip/design_1_mig_7series_0_0/design_1_mig_7series_0_0/user_design/rtl/controller/mig_7series_v4_2_mc.v" into library xil_defaultlib
INFO: [VRFC 10-311] analyzing module mig_7series_v4_2_mc
INFO: [VRFC 10-2263] Analyzing Verilog file "C:/Users/Ryan/Desktop/Nexys-Video-HW/Nexys-Video-HW.ip_user_files/bd/design_1/ip/design_1_mig_7series_0_0/design_1_mig_7series_0_0/user_design/rtl/controller/mig_7series_v4_2_rank_cntrl.v" into library xil_defaultlib
INFO: [VRFC 10-311] analyzing module mig_7series_v4_2_rank_cntrl
INFO: [VRFC 10-2263] Analyzing Verilog file "C:/Users/Ryan/Desktop/Nexys-Video-HW/Nexys-Video-HW.ip_user_files/bd/design_1/ip/design_1_mig_7series_0_0/design_1_mig_7series_0_0/user_design/rtl/controller/mig_7series_v4_2_rank_common.v" into library xil_defaultlib
INFO: [VRFC 10-311] analyzing module mig_7series_v4_2_rank_common
INFO: [VRFC 10-2263] Analyzing Verilog file "C:/Users/Ryan/Desktop/Nexys-Video-HW/Nexys-Video-HW.ip_user_files/bd/design_1/ip/design_1_mig_7series_0_0/design_1_mig_7series_0_0/user_design/rtl/controller/mig_7series_v4_2_rank_mach.v" into library xil_defaultlib
INFO: [VRFC 10-311] analyzing module mig_7series_v4_2_rank_mach
INFO: [VRFC 10-2263] Analyzing Verilog file "C:/Users/Ryan/Desktop/Nexys-Video-HW/Nexys-Video-HW.ip_user_files/bd/design_1/ip/design_1_mig_7series_0_0/design_1_mig_7series_0_0/user_design/rtl/controller/mig_7series_v4_2_round_robin_arb.v" into library xil_defaultlib
INFO: [VRFC 10-311] analyzing module mig_7series_v4_2_round_robin_arb
INFO: [VRFC 10-2263] Analyzing Verilog file "C:/Users/Ryan/Desktop/Nexys-Video-HW/Nexys-Video-HW.ip_user_files/bd/design_1/ip/design_1_mig_7series_0_0/design_1_mig_7series_0_0/user_design/rtl/ecc/mig_7series_v4_2_ecc_buf.v" into library xil_defaultlib
INFO: [VRFC 10-311] analyzing module mig_7series_v4_2_ecc_buf
INFO: [VRFC 10-2263] Analyzing Verilog file "C:/Users/Ryan/Desktop/Nexys-Video-HW/Nexys-Video-HW.ip_user_files/bd/design_1/ip/design_1_mig_7series_0_0/design_1_mig_7series_0_0/user_design/rtl/ecc/mig_7series_v4_2_ecc_dec_fix.v" into library xil_defaultlib
INFO: [VRFC 10-311] analyzing module mig_7series_v4_2_ecc_dec_fix
INFO: [VRFC 10-2263] Analyzing Verilog file "C:/Users/Ryan/Desktop/Nexys-Video-HW/Nexys-Video-HW.ip_user_files/bd/design_1/ip/design_1_mig_7series_0_0/design_1_mig_7series_0_0/user_design/rtl/ecc/mig_7series_v4_2_ecc_gen.v" into library xil_defaultlib
INFO: [VRFC 10-311] analyzing module mig_7series_v4_2_ecc_gen
INFO: [VRFC 10-2263] Analyzing Verilog file "C:/Users/Ryan/Desktop/Nexys-Video-HW/Nexys-Video-HW.ip_user_files/bd/design_1/ip/design_1_mig_7series_0_0/design_1_mig_7series_0_0/user_design/rtl/ecc/mig_7series_v4_2_ecc_merge_enc.v" into library xil_defaultlib
INFO: [VRFC 10-311] analyzing module mig_7series_v4_2_ecc_merge_enc
INFO: [VRFC 10-2263] Analyzing Verilog file "C:/Users/Ryan/Desktop/Nexys-Video-HW/Nexys-Video-HW.ip_user_files/bd/design_1/ip/design_1_mig_7series_0_0/design_1_mig_7series_0_0/user_design/rtl/ecc/mig_7series_v4_2_fi_xor.v" into library xil_defaultlib
INFO: [VRFC 10-311] analyzing module mig_7series_v4_2_fi_xor
INFO: [VRFC 10-2263] Analyzing Verilog file "C:/Users/Ryan/Desktop/Nexys-Video-HW/Nexys-Video-HW.ip_user_files/bd/design_1/ip/design_1_mig_7series_0_0/design_1_mig_7series_0_0/user_design/rtl/ip_top/mig_7series_v4_2_memc_ui_top_axi.v" into library xil_defaultlib
INFO: [VRFC 10-311] analyzing module mig_7series_v4_2_memc_ui_top_axi
INFO: [VRFC 10-2263] Analyzing Verilog file "C:/Users/Ryan/Desktop/Nexys-Video-HW/Nexys-Video-HW.ip_user_files/bd/design_1/ip/design_1_mig_7series_0_0/design_1_mig_7series_0_0/user_design/rtl/ip_top/mig_7series_v4_2_mem_intfc.v" into library xil_defaultlib
INFO: [VRFC 10-311] analyzing module mig_7series_v4_2_mem_intfc
INFO: [VRFC 10-2263] Analyzing Verilog file "C:/Users/Ryan/Desktop/Nexys-Video-HW/Nexys-Video-HW.ip_user_files/bd/design_1/ip/design_1_mig_7series_0_0/design_1_mig_7series_0_0/user_design/rtl/phy/mig_7series_v4_2_ddr_byte_group_io.v" into library xil_defaultlib
INFO: [VRFC 10-311] analyzing module mig_7series_v4_2_ddr_byte_group_io
INFO: [VRFC 10-2263] Analyzing Verilog file "C:/Users/Ryan/Desktop/Nexys-Video-HW/Nexys-Video-HW.ip_user_files/bd/design_1/ip/design_1_mig_7series_0_0/design_1_mig_7series_0_0/user_design/rtl/phy/mig_7series_v4_2_ddr_byte_lane.v" into library xil_defaultlib
INFO: [VRFC 10-311] analyzing module mig_7series_v4_2_ddr_byte_lane
INFO: [VRFC 10-2263] Analyzing Verilog file "C:/Users/Ryan/Desktop/Nexys-Video-HW/Nexys-Video-HW.ip_user_files/bd/design_1/ip/design_1_mig_7series_0_0/design_1_mig_7series_0_0/user_design/rtl/phy/mig_7series_v4_2_ddr_calib_top.v" into library xil_defaultlib
INFO: [VRFC 10-311] analyzing module mig_7series_v4_2_ddr_calib_top
INFO: [VRFC 10-2263] Analyzing Verilog file "C:/Users/Ryan/Desktop/Nexys-Video-HW/Nexys-Video-HW.ip_user_files/bd/design_1/ip/design_1_mig_7series_0_0/design_1_mig_7series_0_0/user_design/rtl/phy/mig_7series_v4_2_ddr_if_post_fifo.v" into library xil_defaultlib
INFO: [VRFC 10-311] analyzing module mig_7series_v4_2_ddr_if_post_fifo
INFO: [VRFC 10-2263] Analyzing Verilog file "C:/Users/Ryan/Desktop/Nexys-Video-HW/Nexys-Video-HW.ip_user_files/bd/design_1/ip/design_1_mig_7series_0_0/design_1_mig_7series_0_0/user_design/rtl/phy/mig_7series_v4_2_ddr_mc_phy.v" into library xil_defaultlib
INFO: [VRFC 10-311] analyzing module mig_7series_v4_2_ddr_mc_phy
INFO: [VRFC 10-2263] Analyzing Verilog file "C:/Users/Ryan/Desktop/Nexys-Video-HW/Nexys-Video-HW.ip_user_files/bd/design_1/ip/design_1_mig_7series_0_0/design_1_mig_7series_0_0/user_design/rtl/phy/mig_7series_v4_2_ddr_mc_phy_wrapper.v" into library xil_defaultlib
INFO: [VRFC 10-311] analyzing module mig_7series_v4_2_ddr_mc_phy_wrapper
INFO: [VRFC 10-2263] Analyzing Verilog file "C:/Users/Ryan/Desktop/Nexys-Video-HW/Nexys-Video-HW.ip_user_files/bd/design_1/ip/design_1_mig_7series_0_0/design_1_mig_7series_0_0/user_design/rtl/phy/mig_7series_v4_2_ddr_of_pre_fifo.v" into library xil_defaultlib
INFO: [VRFC 10-311] analyzing module mig_7series_v4_2_ddr_of_pre_fifo
INFO: [VRFC 10-2263] Analyzing Verilog file "C:/Users/Ryan/Desktop/Nexys-Video-HW/Nexys-Video-HW.ip_user_files/bd/design_1/ip/design_1_mig_7series_0_0/design_1_mig_7series_0_0/user_design/rtl/phy/mig_7series_v4_2_ddr_phy_4lanes.v" into library xil_defaultlib
INFO: [VRFC 10-311] analyzing module mig_7series_v4_2_ddr_phy_4lanes
INFO: [VRFC 10-2263] Analyzing Verilog file "C:/Users/Ryan/Desktop/Nexys-Video-HW/Nexys-Video-HW.ip_user_files/bd/design_1/ip/design_1_mig_7series_0_0/design_1_mig_7series_0_0/user_design/rtl/phy/mig_7series_v4_2_ddr_phy_ck_addr_cmd_delay.v" into library xil_defaultlib
INFO: [VRFC 10-311] analyzing module mig_7series_v4_2_ddr_phy_ck_addr_cmd_delay
INFO: [VRFC 10-2263] Analyzing Verilog file "C:/Users/Ryan/Desktop/Nexys-Video-HW/Nexys-Video-HW.ip_user_files/bd/design_1/ip/design_1_mig_7series_0_0/design_1_mig_7series_0_0/user_design/rtl/phy/mig_7series_v4_2_ddr_phy_dqs_found_cal.v" into library xil_defaultlib
INFO: [VRFC 10-311] analyzing module mig_7series_v4_2_ddr_phy_dqs_found_cal
INFO: [VRFC 10-2263] Analyzing Verilog file "C:/Users/Ryan/Desktop/Nexys-Video-HW/Nexys-Video-HW.ip_user_files/bd/design_1/ip/design_1_mig_7series_0_0/design_1_mig_7series_0_0/user_design/rtl/phy/mig_7series_v4_2_ddr_phy_dqs_found_cal_hr.v" into library xil_defaultlib
INFO: [VRFC 10-311] analyzing module mig_7series_v4_2_ddr_phy_dqs_found_cal_hr
INFO: [VRFC 10-2263] Analyzing Verilog file "C:/Users/Ryan/Desktop/Nexys-Video-HW/Nexys-Video-HW.ip_user_files/bd/design_1/ip/design_1_mig_7series_0_0/design_1_mig_7series_0_0/user_design/rtl/phy/mig_7series_v4_2_ddr_phy_init.v" into library xil_defaultlib
INFO: [VRFC 10-311] analyzing module mig_7series_v4_2_ddr_phy_init
INFO: [VRFC 10-2263] Analyzing Verilog file "C:/Users/Ryan/Desktop/Nexys-Video-HW/Nexys-Video-HW.ip_user_files/bd/design_1/ip/design_1_mig_7series_0_0/design_1_mig_7series_0_0/user_design/rtl/phy/mig_7series_v4_2_ddr_phy_ocd_cntlr.v" into library xil_defaultlib
INFO: [VRFC 10-311] analyzing module mig_7series_v4_2_ddr_phy_ocd_cntlr
INFO: [VRFC 10-2263] Analyzing Verilog file "C:/Users/Ryan/Desktop/Nexys-Video-HW/Nexys-Video-HW.ip_user_files/bd/design_1/ip/design_1_mig_7series_0_0/design_1_mig_7series_0_0/user_design/rtl/phy/mig_7series_v4_2_ddr_phy_ocd_data.v" into library xil_defaultlib
INFO: [VRFC 10-311] analyzing module mig_7series_v4_2_ddr_phy_ocd_data
INFO: [VRFC 10-2263] Analyzing Verilog file "C:/Users/Ryan/Desktop/Nexys-Video-HW/Nexys-Video-HW.ip_user_files/bd/design_1/ip/design_1_mig_7series_0_0/design_1_mig_7series_0_0/user_design/rtl/phy/mig_7series_v4_2_ddr_phy_ocd_edge.v" into library xil_defaultlib
INFO: [VRFC 10-311] analyzing module mig_7series_v4_2_ddr_phy_ocd_edge
INFO: [VRFC 10-2263] Analyzing Verilog file "C:/Users/Ryan/Desktop/Nexys-Video-HW/Nexys-Video-HW.ip_user_files/bd/design_1/ip/design_1_mig_7series_0_0/design_1_mig_7series_0_0/user_design/rtl/phy/mig_7series_v4_2_ddr_phy_ocd_lim.v" into library xil_defaultlib
INFO: [VRFC 10-311] analyzing module mig_7series_v4_2_ddr_phy_ocd_lim
INFO: [VRFC 10-2263] Analyzing Verilog file "C:/Users/Ryan/Desktop/Nexys-Video-HW/Nexys-Video-HW.ip_user_files/bd/design_1/ip/design_1_mig_7series_0_0/design_1_mig_7series_0_0/user_design/rtl/phy/mig_7series_v4_2_ddr_phy_ocd_mux.v" into library xil_defaultlib
INFO: [VRFC 10-311] analyzing module mig_7series_v4_2_ddr_phy_ocd_mux
INFO: [VRFC 10-2263] Analyzing Verilog file "C:/Users/Ryan/Desktop/Nexys-Video-HW/Nexys-Video-HW.ip_user_files/bd/design_1/ip/design_1_mig_7series_0_0/design_1_mig_7series_0_0/user_design/rtl/phy/mig_7series_v4_2_ddr_phy_ocd_po_cntlr.v" into library xil_defaultlib
INFO: [VRFC 10-311] analyzing module mig_7series_v4_2_ddr_phy_ocd_po_cntlr
INFO: [VRFC 10-2263] Analyzing Verilog file "C:/Users/Ryan/Desktop/Nexys-Video-HW/Nexys-Video-HW.ip_user_files/bd/design_1/ip/design_1_mig_7series_0_0/design_1_mig_7series_0_0/user_design/rtl/phy/mig_7series_v4_2_ddr_phy_ocd_samp.v" into library xil_defaultlib
INFO: [VRFC 10-311] analyzing module mig_7series_v4_2_ddr_phy_ocd_samp
INFO: [VRFC 10-2263] Analyzing Verilog file "C:/Users/Ryan/Desktop/Nexys-Video-HW/Nexys-Video-HW.ip_user_files/bd/design_1/ip/design_1_mig_7series_0_0/design_1_mig_7series_0_0/user_design/rtl/phy/mig_7series_v4_2_ddr_phy_oclkdelay_cal.v" into library xil_defaultlib
INFO: [VRFC 10-311] analyzing module mig_7series_v4_2_ddr_phy_oclkdelay_cal
INFO: [VRFC 10-2263] Analyzing Verilog file "C:/Users/Ryan/Desktop/Nexys-Video-HW/Nexys-Video-HW.ip_user_files/bd/design_1/ip/design_1_mig_7series_0_0/design_1_mig_7series_0_0/user_design/rtl/phy/mig_7series_v4_2_ddr_phy_prbs_rdlvl.v" into library xil_defaultlib
INFO: [VRFC 10-311] analyzing module mig_7series_v4_2_ddr_phy_prbs_rdlvl
INFO: [VRFC 10-2263] Analyzing Verilog file "C:/Users/Ryan/Desktop/Nexys-Video-HW/Nexys-Video-HW.ip_user_files/bd/design_1/ip/design_1_mig_7series_0_0/design_1_mig_7series_0_0/user_design/rtl/phy/mig_7series_v4_2_ddr_phy_rdlvl.v" into library xil_defaultlib
INFO: [VRFC 10-311] analyzing module mig_7series_v4_2_ddr_phy_rdlvl
INFO: [VRFC 10-2263] Analyzing Verilog file "C:/Users/Ryan/Desktop/Nexys-Video-HW/Nexys-Video-HW.ip_user_files/bd/design_1/ip/design_1_mig_7series_0_0/design_1_mig_7series_0_0/user_design/rtl/phy/mig_7series_v4_2_ddr_phy_tempmon.v" into library xil_defaultlib
INFO: [VRFC 10-311] analyzing module mig_7series_v4_2_ddr_phy_tempmon
INFO: [VRFC 10-2263] Analyzing Verilog file "C:/Users/Ryan/Desktop/Nexys-Video-HW/Nexys-Video-HW.ip_user_files/bd/design_1/ip/design_1_mig_7series_0_0/design_1_mig_7series_0_0/user_design/rtl/phy/mig_7series_v4_2_ddr_phy_top.v" into library xil_defaultlib
INFO: [VRFC 10-311] analyzing module mig_7series_v4_2_ddr_phy_top
INFO: [VRFC 10-2263] Analyzing Verilog file "C:/Users/Ryan/Desktop/Nexys-Video-HW/Nexys-Video-HW.ip_user_files/bd/design_1/ip/design_1_mig_7series_0_0/design_1_mig_7series_0_0/user_design/rtl/phy/mig_7series_v4_2_ddr_phy_wrcal.v" into library xil_defaultlib
INFO: [VRFC 10-311] analyzing module mig_7series_v4_2_ddr_phy_wrcal
INFO: [VRFC 10-2263] Analyzing Verilog file "C:/Users/Ryan/Desktop/Nexys-Video-HW/Nexys-Video-HW.ip_user_files/bd/design_1/ip/design_1_mig_7series_0_0/design_1_mig_7series_0_0/user_design/rtl/phy/mig_7series_v4_2_ddr_phy_wrlvl.v" into library xil_defaultlib
INFO: [VRFC 10-311] analyzing module mig_7series_v4_2_ddr_phy_wrlvl
INFO: [VRFC 10-2263] Analyzing Verilog file "C:/Users/Ryan/Desktop/Nexys-Video-HW/Nexys-Video-HW.ip_user_files/bd/design_1/ip/design_1_mig_7series_0_0/design_1_mig_7series_0_0/user_design/rtl/phy/mig_7series_v4_2_ddr_phy_wrlvl_off_delay.v" into library xil_defaultlib
INFO: [VRFC 10-311] analyzing module mig_7series_v4_2_ddr_phy_wrlvl_off_delay
INFO: [VRFC 10-2263] Analyzing Verilog file "C:/Users/Ryan/Desktop/Nexys-Video-HW/Nexys-Video-HW.ip_user_files/bd/design_1/ip/design_1_mig_7series_0_0/design_1_mig_7series_0_0/user_design/rtl/phy/mig_7series_v4_2_ddr_prbs_gen.v" into library xil_defaultlib
INFO: [VRFC 10-311] analyzing module mig_7series_v4_2_ddr_prbs_gen
INFO: [VRFC 10-2263] Analyzing Verilog file "C:/Users/Ryan/Desktop/Nexys-Video-HW/Nexys-Video-HW.ip_user_files/bd/design_1/ip/design_1_mig_7series_0_0/design_1_mig_7series_0_0/user_design/rtl/phy/mig_7series_v4_2_ddr_skip_calib_tap.v" into library xil_defaultlib
INFO: [VRFC 10-311] analyzing module mig_7series_v4_2_ddr_skip_calib_tap
INFO: [VRFC 10-2263] Analyzing Verilog file "C:/Users/Ryan/Desktop/Nexys-Video-HW/Nexys-Video-HW.ip_user_files/bd/design_1/ip/design_1_mig_7series_0_0/design_1_mig_7series_0_0/user_design/rtl/phy/mig_7series_v4_2_poc_cc.v" into library xil_defaultlib
INFO: [VRFC 10-311] analyzing module mig_7series_v4_2_poc_cc
INFO: [VRFC 10-2263] Analyzing Verilog file "C:/Users/Ryan/Desktop/Nexys-Video-HW/Nexys-Video-HW.ip_user_files/bd/design_1/ip/design_1_mig_7series_0_0/design_1_mig_7series_0_0/user_design/rtl/phy/mig_7series_v4_2_poc_edge_store.v" into library xil_defaultlib
INFO: [VRFC 10-311] analyzing module mig_7series_v4_2_poc_edge_store
INFO: [VRFC 10-2263] Analyzing Verilog file "C:/Users/Ryan/Desktop/Nexys-Video-HW/Nexys-Video-HW.ip_user_files/bd/design_1/ip/design_1_mig_7series_0_0/design_1_mig_7series_0_0/user_design/rtl/phy/mig_7series_v4_2_poc_meta.v" into library xil_defaultlib
INFO: [VRFC 10-311] analyzing module mig_7series_v4_2_poc_meta
INFO: [VRFC 10-2263] Analyzing Verilog file "C:/Users/Ryan/Desktop/Nexys-Video-HW/Nexys-Video-HW.ip_user_files/bd/design_1/ip/design_1_mig_7series_0_0/design_1_mig_7series_0_0/user_design/rtl/phy/mig_7series_v4_2_poc_pd.v" into library xil_defaultlib
INFO: [VRFC 10-311] analyzing module mig_7series_v4_2_poc_pd
INFO: [VRFC 10-2263] Analyzing Verilog file "C:/Users/Ryan/Desktop/Nexys-Video-HW/Nexys-Video-HW.ip_user_files/bd/design_1/ip/design_1_mig_7series_0_0/design_1_mig_7series_0_0/user_design/rtl/phy/mig_7series_v4_2_poc_tap_base.v" into library xil_defaultlib
INFO: [VRFC 10-311] analyzing module mig_7series_v4_2_poc_tap_base
INFO: [VRFC 10-2263] Analyzing Verilog file "C:/Users/Ryan/Desktop/Nexys-Video-HW/Nexys-Video-HW.ip_user_files/bd/design_1/ip/design_1_mig_7series_0_0/design_1_mig_7series_0_0/user_design/rtl/phy/mig_7series_v4_2_poc_top.v" into library xil_defaultlib
INFO: [VRFC 10-311] analyzing module mig_7series_v4_2_poc_top
INFO: [VRFC 10-2263] Analyzing Verilog file "C:/Users/Ryan/Desktop/Nexys-Video-HW/Nexys-Video-HW.ip_user_files/bd/design_1/ip/design_1_mig_7series_0_0/design_1_mig_7series_0_0/user_design/rtl/ui/mig_7series_v4_2_ui_cmd.v" into library xil_defaultlib
INFO: [VRFC 10-311] analyzing module mig_7series_v4_2_ui_cmd
INFO: [VRFC 10-2263] Analyzing Verilog file "C:/Users/Ryan/Desktop/Nexys-Video-HW/Nexys-Video-HW.ip_user_files/bd/design_1/ip/design_1_mig_7series_0_0/design_1_mig_7series_0_0/user_design/rtl/ui/mig_7series_v4_2_ui_rd_data.v" into library xil_defaultlib
INFO: [VRFC 10-311] analyzing module mig_7series_v4_2_ui_rd_data
INFO: [VRFC 10-2263] Analyzing Verilog file "C:/Users/Ryan/Desktop/Nexys-Video-HW/Nexys-Video-HW.ip_user_files/bd/design_1/ip/design_1_mig_7series_0_0/design_1_mig_7series_0_0/user_design/rtl/ui/mig_7series_v4_2_ui_top.v" into library xil_defaultlib
INFO: [VRFC 10-311] analyzing module mig_7series_v4_2_ui_top
INFO: [VRFC 10-2263] Analyzing Verilog file "C:/Users/Ryan/Desktop/Nexys-Video-HW/Nexys-Video-HW.ip_user_files/bd/design_1/ip/design_1_mig_7series_0_0/design_1_mig_7series_0_0/user_design/rtl/ui/mig_7series_v4_2_ui_wr_data.v" into library xil_defaultlib
INFO: [VRFC 10-311] analyzing module mig_7series_v4_2_ui_wr_data
INFO: [VRFC 10-2263] Analyzing Verilog file "C:/Users/Ryan/Desktop/Nexys-Video-HW/Nexys-Video-HW.ip_user_files/bd/design_1/ip/design_1_mig_7series_0_0/design_1_mig_7series_0_0/user_design/rtl/design_1_mig_7series_0_0_mig_sim.v" into library xil_defaultlib
INFO: [VRFC 10-311] analyzing module design_1_mig_7series_0_0_mig
INFO: [VRFC 10-2263] Analyzing Verilog file "C:/Users/Ryan/Desktop/Nexys-Video-HW/Nexys-Video-HW.ip_user_files/bd/design_1/ip/design_1_mig_7series_0_0/design_1_mig_7series_0_0/user_design/rtl/design_1_mig_7series_0_0.v" into library xil_defaultlib
INFO: [VRFC 10-311] analyzing module design_1_mig_7series_0_0
INFO: [VRFC 10-2263] Analyzing Verilog file "C:/Users/Ryan/Desktop/Nexys-Video-HW/Nexys-Video-HW.gen/sources_1/bd/design_1/ipshared/c97d/simulation/fifo_generator_vlog_beh.v" into library fifo_generator_v13_2_8
INFO: [VRFC 10-311] analyzing module fifo_generator_vlog_beh
INFO: [VRFC 10-311] analyzing module fifo_generator_v13_2_8_CONV_VER
INFO: [VRFC 10-311] analyzing module fifo_generator_v13_2_8_sync_stage
INFO: [VRFC 10-311] analyzing module fifo_generator_v13_2_8_bhv_ver_as
INFO: [VRFC 10-311] analyzing module fifo_generator_v13_2_8_beh_ver_ll_afifo
INFO: [VRFC 10-311] analyzing module fifo_generator_v13_2_8_bhv_ver_ss
INFO: [VRFC 10-311] analyzing module fifo_generator_v13_2_8_bhv_ver_preload0
INFO: [VRFC 10-311] analyzing module fifo_generator_v13_2_8_axic_reg_slice
INFO: [VRFC 10-2263] Analyzing Verilog file "C:/Users/Ryan/Desktop/Nexys-Video-HW/Nexys-Video-HW.gen/sources_1/bd/design_1/ipshared/c97d/hdl/fifo_generator_v13_2_rfs.v" into library fifo_generator_v13_2_8
INFO: [VRFC 10-311] analyzing module fifo_generator_v13_2_8
INFO: [VRFC 10-2263] Analyzing Verilog file "C:/Users/Ryan/Desktop/Nexys-Video-HW/Nexys-Video-HW.gen/sources_1/bd/design_1/ipshared/b752/hdl/generic_baseblocks_v2_1_vl_rfs.v" into library generic_baseblocks_v2_1_0
INFO: [VRFC 10-311] analyzing module generic_baseblocks_v2_1_0_carry_and
INFO: [VRFC 10-311] analyzing module generic_baseblocks_v2_1_0_carry_latch_and
INFO: [VRFC 10-311] analyzing module generic_baseblocks_v2_1_0_carry_latch_or
INFO: [VRFC 10-311] analyzing module generic_baseblocks_v2_1_0_carry_or
INFO: [VRFC 10-311] analyzing module generic_baseblocks_v2_1_0_carry
INFO: [VRFC 10-311] analyzing module generic_baseblocks_v2_1_0_command_fifo
INFO: [VRFC 10-311] analyzing module generic_baseblocks_v2_1_0_comparator_mask_static
INFO: [VRFC 10-311] analyzing module generic_baseblocks_v2_1_0_comparator_mask
INFO: [VRFC 10-311] analyzing module generic_baseblocks_v2_1_0_comparator_sel_mask_static
INFO: [VRFC 10-311] analyzing module generic_baseblocks_v2_1_0_comparator_sel_mask
INFO: [VRFC 10-311] analyzing module generic_baseblocks_v2_1_0_comparator_sel_static
INFO: [VRFC 10-311] analyzing module generic_baseblocks_v2_1_0_comparator_sel
INFO: [VRFC 10-311] analyzing module generic_baseblocks_v2_1_0_comparator_static
INFO: [VRFC 10-311] analyzing module generic_baseblocks_v2_1_0_comparator
INFO: [VRFC 10-311] analyzing module generic_baseblocks_v2_1_0_mux_enc
INFO: [VRFC 10-311] analyzing module generic_baseblocks_v2_1_0_mux
INFO: [VRFC 10-311] analyzing module generic_baseblocks_v2_1_0_nto1_mux
INFO: [VRFC 10-2263] Analyzing Verilog file "C:/Users/Ryan/Desktop/Nexys-Video-HW/Nexys-Video-HW.gen/sources_1/bd/design_1/ipshared/ec67/hdl/axi_infrastructure_v1_1_vl_rfs.v" into library axi_infrastructure_v1_1_0
INFO: [VRFC 10-311] analyzing module axi_infrastructure_v1_1_0_axi2vector
INFO: [VRFC 10-311] analyzing module axi_infrastructure_v1_1_0_axic_srl_fifo
INFO: [VRFC 10-311] analyzing module axi_infrastructure_v1_1_0_vector2axi
INFO: [VRFC 10-2263] Analyzing Verilog file "C:/Users/Ryan/Desktop/Nexys-Video-HW/Nexys-Video-HW.gen/sources_1/bd/design_1/ipshared/87d1/hdl/axi_register_slice_v2_1_vl_rfs.v" into library axi_register_slice_v2_1_28
INFO: [VRFC 10-311] analyzing module axi_register_slice_v2_1_28_test_master
INFO: [VRFC 10-311] analyzing module axi_register_slice_v2_1_28_test_slave
INFO: [VRFC 10-311] analyzing module axi_register_slice_v2_1_28_tdm_sample
INFO: [VRFC 10-311] analyzing module axi_register_slice_v2_1_28_auto_slr
INFO: [VRFC 10-311] analyzing module axi_register_slice_v2_1_28_auto_src
INFO: [VRFC 10-311] analyzing module axi_register_slice_v2_1_28_auto_dest
INFO: [VRFC 10-311] analyzing module axi_register_slice_v2_1_28_srl_rtl
INFO: [VRFC 10-311] analyzing module axi_register_slice_v2_1_28_axic_register_slice
INFO: [VRFC 10-311] analyzing module axi_register_slice_v2_1_28_multi_slr
INFO: [VRFC 10-311] analyzing module axi_register_slice_v2_1_28_middle_region_slr
INFO: [VRFC 10-311] analyzing module axi_register_slice_v2_1_28_source_region_slr
INFO: [VRFC 10-311] analyzing module axi_register_slice_v2_1_28_dest_region_slr
INFO: [VRFC 10-311] analyzing module axi_register_slice_v2_1_28_single_slr
INFO: [VRFC 10-311] analyzing module axi_register_slice_v2_1_28_axic_reg_srl_fifo
INFO: [VRFC 10-311] analyzing module axi_register_slice_v2_1_28_axi_register_slice
INFO: [VRFC 10-2263] Analyzing Verilog file "C:/Users/Ryan/Desktop/Nexys-Video-HW/Nexys-Video-HW.gen/sources_1/bd/design_1/ipshared/fab7/hdl/axi_data_fifo_v2_1_vl_rfs.v" into library axi_data_fifo_v2_1_27
INFO: [VRFC 10-311] analyzing module axi_data_fifo_v2_1_27_axic_fifo
INFO: [VRFC 10-311] analyzing module axi_data_fifo_v2_1_27_fifo_gen
INFO: [VRFC 10-311] analyzing module axi_data_fifo_v2_1_27_axic_srl_fifo
INFO: [VRFC 10-311] analyzing module axi_data_fifo_v2_1_27_axic_reg_srl_fifo
INFO: [VRFC 10-311] analyzing module axi_data_fifo_v2_1_27_ndeep_srl
INFO: [VRFC 10-311] analyzing module axi_data_fifo_v2_1_27_axi_data_fifo
INFO: [VRFC 10-2263] Analyzing Verilog file "C:/Users/Ryan/Desktop/Nexys-Video-HW/Nexys-Video-HW.gen/sources_1/bd/design_1/ipshared/f8f3/hdl/axi_crossbar_v2_1_vl_rfs.v" into library axi_crossbar_v2_1_29
INFO: [VRFC 10-311] analyzing module axi_crossbar_v2_1_29_addr_arbiter_sasd
INFO: [VRFC 10-311] analyzing module axi_crossbar_v2_1_29_addr_arbiter
INFO: [VRFC 10-311] analyzing module axi_crossbar_v2_1_29_addr_decoder
INFO: [VRFC 10-311] analyzing module axi_crossbar_v2_1_29_arbiter_resp
INFO: [VRFC 10-311] analyzing module axi_crossbar_v2_1_29_crossbar_sasd
INFO: [VRFC 10-311] analyzing module axi_crossbar_v2_1_29_crossbar
INFO: [VRFC 10-311] analyzing module axi_crossbar_v2_1_29_decerr_slave
INFO: [VRFC 10-311] analyzing module axi_crossbar_v2_1_29_si_transactor
INFO: [VRFC 10-311] analyzing module axi_crossbar_v2_1_29_splitter
INFO: [VRFC 10-311] analyzing module axi_crossbar_v2_1_29_wdata_mux
INFO: [VRFC 10-311] analyzing module axi_crossbar_v2_1_29_wdata_router
INFO: [VRFC 10-311] analyzing module axi_crossbar_v2_1_29_axi_crossbar
INFO: [VRFC 10-2263] Analyzing Verilog file "C:/Users/Ryan/Desktop/Nexys-Video-HW/Nexys-Video-HW.ip_user_files/bd/design_1/ip/design_1_xbar_0/sim/design_1_xbar_0.v" into library xil_defaultlib
INFO: [VRFC 10-311] analyzing module design_1_xbar_0
INFO: [VRFC 10-2263] Analyzing Verilog file "C:/Users/Ryan/Desktop/Nexys-Video-HW/Nexys-Video-HW.ip_user_files/bd/design_1/ip/design_1_d_axi_i2s_audio_0_0/src/fifo_32/sim/fifo_32.v" into library xil_defaultlib
INFO: [VRFC 10-311] analyzing module fifo_32
INFO: [VRFC 10-2263] Analyzing Verilog file "C:/Users/Ryan/Desktop/Nexys-Video-HW/Nexys-Video-HW.ip_user_files/bd/design_1/ip/design_1_d_axi_i2s_audio_0_0/src/fifo_4/sim/fifo_4.v" into library xil_defaultlib
INFO: [VRFC 10-311] analyzing module fifo_4
INFO: [VRFC 10-2263] Analyzing Verilog file "C:/Users/Ryan/Desktop/Nexys-Video-HW/Nexys-Video-HW.ip_user_files/bd/design_1/ip/design_1_xbar_1/sim/design_1_xbar_1.v" into library xil_defaultlib
INFO: [VRFC 10-311] analyzing module design_1_xbar_1
INFO: [VRFC 10-2263] Analyzing Verilog file "C:/Users/Ryan/Desktop/Nexys-Video-HW/Nexys-Video-HW.ip_user_files/bd/design_1/sim/design_1.v" into library xil_defaultlib
INFO: [VRFC 10-311] analyzing module design_1
INFO: [VRFC 10-311] analyzing module design_1_axi_interconnect_0_0
INFO: [VRFC 10-311] analyzing module design_1_microblaze_0_axi_periph_0
INFO: [VRFC 10-311] analyzing module m00_couplers_imp_1CA5Z32
INFO: [VRFC 10-311] analyzing module m00_couplers_imp_8RVYHO
INFO: [VRFC 10-311] analyzing module m01_couplers_imp_1UTB3Y5
INFO: [VRFC 10-311] analyzing module m02_couplers_imp_7ANRHB
INFO: [VRFC 10-311] analyzing module m03_couplers_imp_1W07O72
INFO: [VRFC 10-311] analyzing module m04_couplers_imp_5LX7BU
INFO: [VRFC 10-311] analyzing module m05_couplers_imp_1XR4ZAZ
INFO: [VRFC 10-311] analyzing module microblaze_0_local_memory_imp_1K0VQXK
INFO: [VRFC 10-311] analyzing module s00_couplers_imp_1RZP34U
INFO: [VRFC 10-311] analyzing module s00_couplers_imp_O7FAN0
INFO: [VRFC 10-311] analyzing module s01_couplers_imp_1F69D31
INFO: [VRFC 10-311] analyzing module s02_couplers_imp_N071UN
INFO: [VRFC 10-311] analyzing module s03_couplers_imp_1GN6L8E
INFO: [VRFC 10-2263] Analyzing Verilog file "C:/Users/Ryan/Desktop/Nexys-Video-HW/Nexys-Video-HW.srcs/sources_1/imports/hdl/design_1_wrapper.v" into library xil_defaultlib
INFO: [VRFC 10-311] analyzing module design_1_wrapper
INFO: [VRFC 10-2263] Analyzing Verilog file "C:/Users/Ryan/Desktop/Nexys-Video-HW/Nexys-Video-HW.sim/sim_1/behav/xsim/glbl.v" into library xil_defaultlib
INFO: [VRFC 10-311] analyzing module glbl
