#-----------------------------------------------------------
# Vivado v2025.1 (64-bit)
# SW Build 6140274 on Thu May 22 00:12:29 MDT 2025
# IP Build 6138677 on Thu May 22 03:10:11 MDT 2025
# SharedData Build 6139179 on Tue May 20 17:58:58 MDT 2025
# Start of session at: Mon Mar 16 12:12:56 2026
# Process ID         : 60844
# Current directory  : C:/Users/Ryan/Desktop/Nexys-Video-HW
# Command line       : vivado.exe -gui_launcher_event rodinguilauncherevent59444 C:\Users\Ryan\Desktop\Nexys-Video-HW\Nexys-Video-HW.xpr
# Log file           : C:/Users/Ryan/Desktop/Nexys-Video-HW/vivado.log
# Journal file       : C:/Users/Ryan/Desktop/Nexys-Video-HW\vivado.jou
# Running On         : Ryans-PC
# Platform           : Windows Server 2016 or Windows 10
# Operating System   : 19045
# Processor Detail   : AMD Ryzen 7 5700G with Radeon Graphics         
# CPU Frequency      : 3793 MHz
# CPU Physical cores : 8
# CPU Logical cores  : 16
# Host memory        : 16523 MB
# Swap memory        : 16523 MB
# Total Virtual      : 33047 MB
# Available Virtual  : 16064 MB
#-----------------------------------------------------------
start_gui
open_project C:/Users/Ryan/Desktop/Nexys-Video-HW/Nexys-Video-HW.xpr
WARNING: [Board 49-26] cannot add Board Part xilinx.com:kcu105:part0:1.6 available at C:/Xilinx/2025.1/data/xhub/boards\XilinxBoardStore\boards\Xilinx\kcu105\1.6\board.xml as part xcku040-ffva1156-2-e specified in board_part file is either invalid or not available
WARNING: [Board 49-26] cannot add Board Part xilinx.com:kcu105:part0:1.7 available at C:/Xilinx/2025.1/data/xhub/boards\XilinxBoardStore\boards\Xilinx\kcu105\1.7\board.xml as part xcku040-ffva1156-2-e specified in board_part file is either invalid or not available
WARNING: [Board 49-26] cannot add Board Part xilinx.com:vcu108:part0:1.6 available at C:/Xilinx/2025.1/data/xhub/boards\XilinxBoardStore\boards\Xilinx\vcu108\1.6\board.xml as part xcvu095-ffva2104-2-e specified in board_part file is either invalid or not available
WARNING: [Board 49-26] cannot add Board Part xilinx.com:vcu108:part0:1.7 available at C:/Xilinx/2025.1/data/xhub/boards\XilinxBoardStore\boards\Xilinx\vcu108\1.7\board.xml as part xcvu095-ffva2104-2-e specified in board_part file is either invalid or not available
WARNING: [Board 49-26] cannot add Board Part xilinx.com:vcu110:part0:1.4 available at C:/Xilinx/2025.1/data/xhub/boards\XilinxBoardStore\boards\Xilinx\vcu110\1.4\board.xml as part xcvu190-flgc2104-2-e specified in board_part file is either invalid or not available
WARNING: [Board 49-26] cannot add Board Part xilinx.com:zcu208ld:part0:2.0 available at C:/Xilinx/2025.1/data/xhub/boards\XilinxBoardStore\boards\Xilinx\zcu208ld\production\2.0\board.xml as part xczu58dr-fsvg1517-2-i specified in board_part file is either invalid or not available
WARNING: [Board 49-26] cannot add Board Part xilinx.com:zcu216ld:part0:2.0 available at C:/Xilinx/2025.1/data/xhub/boards\XilinxBoardStore\boards\Xilinx\zcu216ld\production\2.0\board.xml as part xczu59dr-ffvf1760-2-i specified in board_part file is either invalid or not available
WARNING: [Board 49-26] cannot add Board Part xilinx.com:zcu670ld:part0:1.0 available at C:/Xilinx/2025.1/data/xhub/boards\XilinxBoardStore\boards\Xilinx\zcu670ld\1.0\board.xml as part xczu57dr-fsve1156-2-i specified in board_part file is either invalid or not available
Scanning sources...
Finished scanning sources
WARNING: [Board 49-26] cannot add Board Part xilinx.com:kcu105:part0:1.6 available at C:/Xilinx/2025.1/data/xhub/boards\XilinxBoardStore\boards\Xilinx\kcu105\1.6\board.xml as part xcku040-ffva1156-2-e specified in board_part file is either invalid or not available
WARNING: [Board 49-26] cannot add Board Part xilinx.com:kcu105:part0:1.7 available at C:/Xilinx/2025.1/data/xhub/boards\XilinxBoardStore\boards\Xilinx\kcu105\1.7\board.xml as part xcku040-ffva1156-2-e specified in board_part file is either invalid or not available
WARNING: [Board 49-26] cannot add Board Part xilinx.com:vcu108:part0:1.6 available at C:/Xilinx/2025.1/data/xhub/boards\XilinxBoardStore\boards\Xilinx\vcu108\1.6\board.xml as part xcvu095-ffva2104-2-e specified in board_part file is either invalid or not available
WARNING: [Board 49-26] cannot add Board Part xilinx.com:vcu108:part0:1.7 available at C:/Xilinx/2025.1/data/xhub/boards\XilinxBoardStore\boards\Xilinx\vcu108\1.7\board.xml as part xcvu095-ffva2104-2-e specified in board_part file is either invalid or not available
WARNING: [Board 49-26] cannot add Board Part xilinx.com:vcu110:part0:1.4 available at C:/Xilinx/2025.1/data/xhub/boards\XilinxBoardStore\boards\Xilinx\vcu110\1.4\board.xml as part xcvu190-flgc2104-2-e specified in board_part file is either invalid or not available
WARNING: [Board 49-26] cannot add Board Part xilinx.com:zcu208ld:part0:2.0 available at C:/Xilinx/2025.1/data/xhub/boards\XilinxBoardStore\boards\Xilinx\zcu208ld\production\2.0\board.xml as part xczu58dr-fsvg1517-2-i specified in board_part file is either invalid or not available
WARNING: [Board 49-26] cannot add Board Part xilinx.com:zcu216ld:part0:2.0 available at C:/Xilinx/2025.1/data/xhub/boards\XilinxBoardStore\boards\Xilinx\zcu216ld\production\2.0\board.xml as part xczu59dr-ffvf1760-2-i specified in board_part file is either invalid or not available
WARNING: [Board 49-26] cannot add Board Part xilinx.com:zcu670ld:part0:1.0 available at C:/Xilinx/2025.1/data/xhub/boards\XilinxBoardStore\boards\Xilinx\zcu670ld\1.0\board.xml as part xczu57dr-fsve1156-2-i specified in board_part file is either invalid or not available
INFO: [IP_Flow 19-234] Refreshing IP repositories
INFO: [IP_Flow 19-1700] Loaded user IP repository 'c:/Users/Ryan/Desktop/Nexys-Video-HW/Nexys-Video-HW.ipdefs/repo'.
INFO: [IP_Flow 19-2313] Loaded Vivado IP repository 'C:/Xilinx/2025.1/Vivado/data/ip'.
WARNING: [BD 41-1661] One or more IPs have been locked in the design 'design_1.bd'. Please run report_ip_status for more details and recommendations on how to fix this issue.
List of locked IPs:
design_1_microblaze_0_axi_intc_0
design_1_dlmb_v10_0
design_1_dlmb_bram_if_cntlr_0
design_1_ilmb_v10_0
design_1_ilmb_bram_if_cntlr_0
design_1_lmb_bram_0
design_1_microblaze_0_xlconcat_0
design_1_axi_gpio_0_0
design_1_mig_7series_0_0
design_1_rst_clk_wiz_1_100M_0
design_1_rst_mig_7series_0_100M_0
design_1_axi_dma_0_0
design_1_axi_iic_0_0
design_1_xbar_0
design_1_d_axi_i2s_audio_0_0
design_1_axi_interconnect_0_0
design_1_axi_uartlite_0_0
design_1_mdm_1_0
design_1_microblaze_0_0
design_1_xbar_1
design_1_microblaze_0_axi_periph_0

INFO: [Project 1-5698] Found the below utility IPs instantiated in block design C:/Users/Ryan/Desktop/Nexys-Video-HW/Nexys-Video-HW.srcs/sources_1/bd/design_1/design_1.bd which have equivalent inline hdl with improved performance and reduced diskspace.
It is recommended to migrate these utility IPs to inline hdl  using the command upgrade_project -migrate_to_inline_hdl.  The utility IPs may be deprecated in future releases.
More information on inline hdl is available in UG994.
Utility IP Component Instances:
 design_1_microblaze_0_xlconcat_0
open_project: Time (s): cpu = 00:00:31 ; elapsed = 00:00:18 . Memory (MB): peak = 1973.285 ; gain = 422.188
update_compile_order -fileset sources_1
CRITICAL WARNING: [Vivado 12-4142] IP 'C:/Users/Ryan/Desktop/Nexys-Video-HW/Nexys-Video-HW.srcs/sources_1/bd/design_1/ip/design_1_lmb_bram_0/design_1_lmb_bram_0.xci' is not generated and locked, no out-of-context (OOC) run will be created.
Please select 'Report IP Status' from 'Tools/Report' or run Tcl command 'report_ip_status' for more information.
CRITICAL WARNING: [Vivado 12-4142] IP 'C:/Users/Ryan/Desktop/Nexys-Video-HW/Nexys-Video-HW.srcs/sources_1/bd/design_1/ip/design_1_dlmb_v10_0/design_1_dlmb_v10_0.xci' is not generated and locked, no out-of-context (OOC) run will be created.
Please select 'Report IP Status' from 'Tools/Report' or run Tcl command 'report_ip_status' for more information.
CRITICAL WARNING: [Vivado 12-4142] IP 'C:/Users/Ryan/Desktop/Nexys-Video-HW/Nexys-Video-HW.srcs/sources_1/bd/design_1/ip/design_1_rst_clk_wiz_1_100M_0/design_1_rst_clk_wiz_1_100M_0.xci' is not generated and locked, no out-of-context (OOC) run will be created.
Please select 'Report IP Status' from 'Tools/Report' or run Tcl command 'report_ip_status' for more information.
CRITICAL WARNING: [Vivado 12-4142] IP 'C:/Users/Ryan/Desktop/Nexys-Video-HW/Nexys-Video-HW.srcs/sources_1/bd/design_1/ip/design_1_mig_7series_0_0/design_1_mig_7series_0_0.xci' is not generated and locked, no out-of-context (OOC) run will be created.
Please select 'Report IP Status' from 'Tools/Report' or run Tcl command 'report_ip_status' for more information.
CRITICAL WARNING: [Vivado 12-4142] IP 'C:/Users/Ryan/Desktop/Nexys-Video-HW/Nexys-Video-HW.srcs/sources_1/bd/design_1/ip/design_1_axi_dma_0_0/design_1_axi_dma_0_0.xci' is not generated and locked, no out-of-context (OOC) run will be created.
Please select 'Report IP Status' from 'Tools/Report' or run Tcl command 'report_ip_status' for more information.
CRITICAL WARNING: [Vivado 12-4142] IP 'C:/Users/Ryan/Desktop/Nexys-Video-HW/Nexys-Video-HW.srcs/sources_1/bd/design_1/ip/design_1_microblaze_0_0/design_1_microblaze_0_0.xci' is not generated and locked, no out-of-context (OOC) run will be created.
Please select 'Report IP Status' from 'Tools/Report' or run Tcl command 'report_ip_status' for more information.
CRITICAL WARNING: [Vivado 12-4142] IP 'C:/Users/Ryan/Desktop/Nexys-Video-HW/Nexys-Video-HW.srcs/sources_1/bd/design_1/ip/design_1_ilmb_v10_0/design_1_ilmb_v10_0.xci' is not generated and locked, no out-of-context (OOC) run will be created.
Please select 'Report IP Status' from 'Tools/Report' or run Tcl command 'report_ip_status' for more information.
CRITICAL WARNING: [Vivado 12-4142] IP 'C:/Users/Ryan/Desktop/Nexys-Video-HW/Nexys-Video-HW.srcs/sources_1/bd/design_1/ip/design_1_axi_gpio_0_0/design_1_axi_gpio_0_0.xci' is not generated and locked, no out-of-context (OOC) run will be created.
Please select 'Report IP Status' from 'Tools/Report' or run Tcl command 'report_ip_status' for more information.
CRITICAL WARNING: [Vivado 12-4142] IP 'C:/Users/Ryan/Desktop/Nexys-Video-HW/Nexys-Video-HW.srcs/sources_1/bd/design_1/ip/design_1_d_axi_i2s_audio_0_0/design_1_d_axi_i2s_audio_0_0.xci' is not generated and locked, no out-of-context (OOC) run will be created.
Please select 'Report IP Status' from 'Tools/Report' or run Tcl command 'report_ip_status' for more information.
CRITICAL WARNING: [Vivado 12-4142] IP 'C:/Users/Ryan/Desktop/Nexys-Video-HW/Nexys-Video-HW.srcs/sources_1/bd/design_1/ip/design_1_dlmb_bram_if_cntlr_0/design_1_dlmb_bram_if_cntlr_0.xci' is not generated and locked, no out-of-context (OOC) run will be created.
Please select 'Report IP Status' from 'Tools/Report' or run Tcl command 'report_ip_status' for more information.
CRITICAL WARNING: [Vivado 12-4142] IP 'C:/Users/Ryan/Desktop/Nexys-Video-HW/Nexys-Video-HW.srcs/sources_1/bd/design_1/ip/design_1_microblaze_0_axi_intc_0/design_1_microblaze_0_axi_intc_0.xci' is not generated and locked, no out-of-context (OOC) run will be created.
Please select 'Report IP Status' from 'Tools/Report' or run Tcl command 'report_ip_status' for more information.
CRITICAL WARNING: [Vivado 12-4142] IP 'C:/Users/Ryan/Desktop/Nexys-Video-HW/Nexys-Video-HW.srcs/sources_1/bd/design_1/ip/design_1_ilmb_bram_if_cntlr_0/design_1_ilmb_bram_if_cntlr_0.xci' is not generated and locked, no out-of-context (OOC) run will be created.
Please select 'Report IP Status' from 'Tools/Report' or run Tcl command 'report_ip_status' for more information.
CRITICAL WARNING: [Vivado 12-4142] IP 'C:/Users/Ryan/Desktop/Nexys-Video-HW/Nexys-Video-HW.srcs/sources_1/bd/design_1/ip/design_1_rst_mig_7series_0_100M_0/design_1_rst_mig_7series_0_100M_0.xci' is not generated and locked, no out-of-context (OOC) run will be created.
Please select 'Report IP Status' from 'Tools/Report' or run Tcl command 'report_ip_status' for more information.
CRITICAL WARNING: [Vivado 12-4142] IP 'C:/Users/Ryan/Desktop/Nexys-Video-HW/Nexys-Video-HW.srcs/sources_1/bd/design_1/ip/design_1_axi_iic_0_0/design_1_axi_iic_0_0.xci' is not generated and locked, no out-of-context (OOC) run will be created.
Please select 'Report IP Status' from 'Tools/Report' or run Tcl command 'report_ip_status' for more information.
CRITICAL WARNING: [Vivado 12-4142] IP 'C:/Users/Ryan/Desktop/Nexys-Video-HW/Nexys-Video-HW.srcs/sources_1/bd/design_1/ip/design_1_xbar_0/design_1_xbar_0.xci' is not generated and locked, no out-of-context (OOC) run will be created.
Please select 'Report IP Status' from 'Tools/Report' or run Tcl command 'report_ip_status' for more information.
CRITICAL WARNING: [Vivado 12-4142] IP 'C:/Users/Ryan/Desktop/Nexys-Video-HW/Nexys-Video-HW.srcs/sources_1/bd/design_1/ip/design_1_mdm_1_0/design_1_mdm_1_0.xci' is not generated and locked, no out-of-context (OOC) run will be created.
Please select 'Report IP Status' from 'Tools/Report' or run Tcl command 'report_ip_status' for more information.
CRITICAL WARNING: [Vivado 12-4142] IP 'C:/Users/Ryan/Desktop/Nexys-Video-HW/Nexys-Video-HW.srcs/sources_1/bd/design_1/ip/design_1_xbar_1/design_1_xbar_1.xci' is not generated and locked, no out-of-context (OOC) run will be created.
Please select 'Report IP Status' from 'Tools/Report' or run Tcl command 'report_ip_status' for more information.
CRITICAL WARNING: [Vivado 12-4142] IP 'C:/Users/Ryan/Desktop/Nexys-Video-HW/Nexys-Video-HW.srcs/sources_1/bd/design_1/ip/design_1_axi_uartlite_0_0/design_1_axi_uartlite_0_0.xci' is not generated and locked, no out-of-context (OOC) run will be created.
Please select 'Report IP Status' from 'Tools/Report' or run Tcl command 'report_ip_status' for more information.
WARNING: [Vivado 12-4173] The following IPs are not generated and locked, no out-of-context (OOC) run will be created. Please select 'Report IP Status' from 'Tools/Report' or run Tcl command 'report_ip_status' for more information.
C:/Users/Ryan/Desktop/Nexys-Video-HW/Nexys-Video-HW.srcs/sources_1/bd/design_1/design_1.bd

reset_run design_1_mig_7series_0_0_synth_1
reset_run synth_1
INFO: [Project 1-1160] Copying file C:/Users/Ryan/Desktop/Nexys-Video-HW/Nexys-Video-HW.runs/synth_1/design_1_wrapper.dcp to C:/Users/Ryan/proj/Nexys-Video-HW.srcs/utils_1/imports/synth_1 and adding it to utils fileset
launch_runs synth_1 -jobs 8
WARNING: [Vivado 12-4801] The synthesis checkpoint for IP 'C:/Users/Ryan/Desktop/Nexys-Video-HW/Nexys-Video-HW.srcs/sources_1/bd/design_1/ip/design_1_mig_7series_0_0/design_1_mig_7series_0_0.xci' is available but stale and the IP is locked. An out-of-context (OOC) run will be created and/or launched, but synthesis may not be able to complete or could result in incorrect behavior.
Please select 'Report IP Status' from the 'Tools/Report' menu or run Tcl command 'report_ip_status' for more information.
WARNING: [Project 1-577] IP run design_1_mig_7series_0_0_synth_1 is available but is out of date. Since the IP is locked, the synthesis checkpoint cannot be updated. The out-of-date checkpoint will be used and it may result in incorrect behavior.
Please select 'Report IP Status' from the 'Tools/Report' menu or run the Tcl command 'report_ip_status' for more information.
WARNING: [Project 1-576] IP 'C:/Users/Ryan/Desktop/Nexys-Video-HW/Nexys-Video-HW.srcs/sources_1/bd/design_1/ip/design_1_mig_7series_0_0/design_1_mig_7series_0_0.xci' in run design_1_mig_7series_0_0_synth_1 is locked, no out-of-context (OOC) run will be launched. The run may not be able to complete.
Please select 'Report IP Status' from 'Tools/Report' or run the Tcl command 'report_ip_status' for more information.
[Mon Mar 16 12:17:11 2026] Launched design_1_mig_7series_0_0_synth_1...
Run output will be captured here: C:/Users/Ryan/Desktop/Nexys-Video-HW/Nexys-Video-HW.runs/design_1_mig_7series_0_0_synth_1/runme.log
[Mon Mar 16 12:17:11 2026] Launched synth_1...
Run output will be captured here: C:/Users/Ryan/Desktop/Nexys-Video-HW/Nexys-Video-HW.runs/synth_1/runme.log
launch_runs impl_1 -jobs 8
WARNING: [Vivado 12-4801] The synthesis checkpoint for IP 'C:/Users/Ryan/Desktop/Nexys-Video-HW/Nexys-Video-HW.srcs/sources_1/bd/design_1/ip/design_1_mig_7series_0_0/design_1_mig_7series_0_0.xci' is available but stale and the IP is locked. An out-of-context (OOC) run will be created and/or launched, but synthesis may not be able to complete or could result in incorrect behavior.
Please select 'Report IP Status' from the 'Tools/Report' menu or run Tcl command 'report_ip_status' for more information.
[Mon Mar 16 12:22:22 2026] Launched impl_1...
Run output will be captured here: C:/Users/Ryan/Desktop/Nexys-Video-HW/Nexys-Video-HW.runs/impl_1/runme.log
launch_runs impl_1 -to_step write_bitstream -jobs 8
WARNING: [Vivado 12-4801] The synthesis checkpoint for IP 'C:/Users/Ryan/Desktop/Nexys-Video-HW/Nexys-Video-HW.srcs/sources_1/bd/design_1/ip/design_1_mig_7series_0_0/design_1_mig_7series_0_0.xci' is available but stale and the IP is locked. An out-of-context (OOC) run will be created and/or launched, but synthesis may not be able to complete or could result in incorrect behavior.
Please select 'Report IP Status' from the 'Tools/Report' menu or run Tcl command 'report_ip_status' for more information.
[Mon Mar 16 12:28:59 2026] Launched impl_1...
Run output will be captured here: C:/Users/Ryan/Desktop/Nexys-Video-HW/Nexys-Video-HW.runs/impl_1/runme.log
open_run impl_1
INFO: [Device 21-403] Loading part xc7a200tsbg484-1
Netlist sorting complete. Time (s): cpu = 00:00:01 ; elapsed = 00:00:00.744 . Memory (MB): peak = 2238.617 ; gain = 0.000
INFO: [Netlist 29-17] Analyzing 1017 Unisim elements for replacement
INFO: [Netlist 29-28] Unisim Transformation completed in 0 CPU seconds
INFO: [Project 1-479] Netlist was created with Vivado 2025.1
INFO: [Project 1-570] Preparing netlist for logic optimization
Read ShapeDB Complete: Time (s): cpu = 00:00:00 ; elapsed = 00:00:00.083 . Memory (MB): peak = 2413.438 ; gain = 0.000
INFO: [Timing 38-478] Restoring timing data from binary archive.
INFO: [Timing 38-479] Binary timing data restore complete.
INFO: [Project 1-856] Restoring constraints from binary archive.
INFO: [Project 1-853] Binary constraint restore complete.
INFO: [Designutils 20-5722] Start Reading Physical Databases.
Reading placement.
Read Netlist Cache: Time (s): cpu = 00:00:00 ; elapsed = 00:00:00.024 . Memory (MB): peak = 3044.711 ; gain = 0.000
Reading placer database...
Read Device Cache: Time (s): cpu = 00:00:00 ; elapsed = 00:00:00.006 . Memory (MB): peak = 3044.711 ; gain = 0.000
Read PlaceDB: Time (s): cpu = 00:00:01 ; elapsed = 00:00:00.720 . Memory (MB): peak = 3055.449 ; gain = 10.738
Read PulsedLatchDB: Time (s): cpu = 00:00:00 ; elapsed = 00:00:00 . Memory (MB): peak = 3055.449 ; gain = 0.000
Reading routing.
Read RouteStorage: Time (s): cpu = 00:00:00 ; elapsed = 00:00:00.243 . Memory (MB): peak = 3070.289 ; gain = 14.840
Read Physdb Files: Time (s): cpu = 00:00:01 ; elapsed = 00:00:01 . Memory (MB): peak = 3070.289 ; gain = 25.578
Restored from archive | CPU: 1.000000 secs | Memory: 0.000000 MB |
Finished XDEF File Restore: Time (s): cpu = 00:00:01 ; elapsed = 00:00:01 . Memory (MB): peak = 3070.289 ; gain = 25.578
Generating merged BMM file for the design top 'design_1_wrapper'...
INFO: [Memdata 28-144] Successfully populated the BRAM INIT strings from the following elf files: c:/Users/Ryan/Desktop/Nexys-Video-HW/Nexys-Video-HW.gen/sources_1/bd/design_1/ip/design_1_microblaze_0_0/data/mb_bootloop_le.elf 
Netlist sorting complete. Time (s): cpu = 00:00:00 ; elapsed = 00:00:00.023 . Memory (MB): peak = 3070.289 ; gain = 0.000
INFO: [Project 1-111] Unisim Transformation Summary:
  A total of 325 instances were transformed.
  IOBUF => IOBUF (IBUF, OBUFT): 2 instances
  IOBUFDS_DIFF_OUT_INTERMDISABLE => IOBUFDS_DIFF_OUT_INTERMDISABLE (IBUFDS_INTERMDISABLE_INT(x2), INV, OBUFTDS(x2)): 2 instances
  IOBUF_INTERMDISABLE => IOBUF_INTERMDISABLE (IBUF_INTERMDISABLE, OBUFT): 16 instances
  LUT6_2 => LUT6_2 (LUT5, LUT6): 94 instances
  OBUFDS => OBUFDS_DUAL_BUF (INV, OBUFDS(x2)): 1 instance 
  RAM16X1D => RAM32X1D (RAMD32(x2)): 32 instances
  RAM32M => RAM32M (RAMD32(x6), RAMS32(x2)): 130 instances
  RAM32X1D => RAM32X1D (RAMD32(x2)): 39 instances
  SRLC16E => SRL16E: 2 instances
  SRLC32E => SRL16E: 7 instances

open_run: Time (s): cpu = 00:00:32 ; elapsed = 00:00:21 . Memory (MB): peak = 3670.961 ; gain = 1691.945
open_report: Time (s): cpu = 00:00:12 ; elapsed = 00:00:09 . Memory (MB): peak = 3804.223 ; gain = 62.938
WARNING: [Timing 38-436] There are set_bus_skew constraint(s) in this design. Please run report_bus_skew to ensure that bus skew requirements are met.
open_hw_manager
INFO: [Labtools 27-2285] Connecting to hw_server url TCP:localhost:3121
INFO: [Labtools 27-2222] Launching hw_server...
INFO: [Labtools 27-2221] Launch Output:

****** Xilinx hw_server v2025.1
  **** Build date : May  6 2025 at 09:15:36
    ** Copyright 1986-2022 Xilinx, Inc. All Rights Reserved.


INFO: [Labtools 27-3415] Connecting to cs_server url TCP:localhost:0
INFO: [Labtools 27-3417] Launching cs_server...
INFO: [Labtools 27-2221] Launch Output:


******** Xilinx cs_server v2025.1.0
  ****** Build date   : May 13 2025-13:15:27
    **** Build number : 2025.1.1747163727
      ** Copyright 2017-2022 Xilinx, Inc. All Rights Reserved.
      ** Copyright 2022-2026 Advanced Micro Devices, Inc. All Rights Reserved.



connect_hw_server: Time (s): cpu = 00:00:00 ; elapsed = 00:00:08 . Memory (MB): peak = 4450.520 ; gain = 0.000
connect_hw_server -allow_non_jtag
INFO: [Labtools 27-2285] Connecting to hw_server url TCP:localhost:3121
INFO: [Labtools 27-2222] Launching hw_server...
INFO: [Labtools 27-2221] Launch Output:

****** Xilinx hw_server v2025.1
  **** Build date : May  6 2025 at 09:15:36
    ** Copyright 1986-2022 Xilinx, Inc. All Rights Reserved.


INFO: [Labtools 27-3415] Connecting to cs_server url TCP:localhost:0
INFO: [Labtools 27-3417] Launching cs_server...
INFO: [Labtools 27-2221] Launch Output:


******** Xilinx cs_server v2025.1.0
  ****** Build date   : May 13 2025-13:15:27
    **** Build number : 2025.1.1747163727
      ** Copyright 2017-2022 Xilinx, Inc. All Rights Reserved.
      ** Copyright 2022-2026 Advanced Micro Devices, Inc. All Rights Reserved.



connect_hw_server: Time (s): cpu = 00:00:00 ; elapsed = 00:00:08 . Memory (MB): peak = 4450.520 ; gain = 0.000
close_hw_manager
reset_run impl_1 -prev_step 
launch_runs impl_1 -to_step write_bitstream -jobs 8
WARNING: [Vivado 12-4801] The synthesis checkpoint for IP 'C:/Users/Ryan/Desktop/Nexys-Video-HW/Nexys-Video-HW.srcs/sources_1/bd/design_1/ip/design_1_mig_7series_0_0/design_1_mig_7series_0_0.xci' is available but stale and the IP is locked. An out-of-context (OOC) run will be created and/or launched, but synthesis may not be able to complete or could result in incorrect behavior.
Please select 'Report IP Status' from the 'Tools/Report' menu or run Tcl command 'report_ip_status' for more information.
[Mon Mar 16 12:43:52 2026] Launched impl_1...
Run output will be captured here: C:/Users/Ryan/Desktop/Nexys-Video-HW/Nexys-Video-HW.runs/impl_1/runme.log
open_hw_manager
reset_run impl_1 -prev_step 
launch_runs impl_1 -to_step write_bitstream -jobs 8 -scripts_only
WARNING: [Vivado 12-4801] The synthesis checkpoint for IP 'C:/Users/Ryan/Desktop/Nexys-Video-HW/Nexys-Video-HW.srcs/sources_1/bd/design_1/ip/design_1_mig_7series_0_0/design_1_mig_7series_0_0.xci' is available but stale and the IP is locked. An out-of-context (OOC) run will be created and/or launched, but synthesis may not be able to complete or could result in incorrect behavior.
Please select 'Report IP Status' from the 'Tools/Report' menu or run Tcl command 'report_ip_status' for more information.
close_hw_manager
open_hw_manager
close_hw_manager
launch_runs impl_1 -to_step write_bitstream -jobs 8 -scripts_only
WARNING: [Vivado 12-4801] The synthesis checkpoint for IP 'C:/Users/Ryan/Desktop/Nexys-Video-HW/Nexys-Video-HW.srcs/sources_1/bd/design_1/ip/design_1_mig_7series_0_0/design_1_mig_7series_0_0.xci' is available but stale and the IP is locked. An out-of-context (OOC) run will be created and/or launched, but synthesis may not be able to complete or could result in incorrect behavior.
Please select 'Report IP Status' from the 'Tools/Report' menu or run Tcl command 'report_ip_status' for more information.
exit
INFO: [Common 17-206] Exiting Vivado at Mon Mar 16 15:25:17 2026...
